 Sat, 22 Aug 2020 23:35:29  INFO basepage.py wait_elevisible [ line:40 ] 等待('xpath', '//span[contains(text(),"项目管理")]/parent::a')元素可见,耗时0.3589963912963867
 Sat, 22 Aug 2020 23:35:29  INFO basepage.py get_element [ line:73 ] 查找首页_点击'项目管理'的元素('xpath', '//span[contains(text(),"项目管理")]/parent::a')成功。
 Sat, 22 Aug 2020 23:35:30  INFO basepage.py click [ line:141 ] 向('xpath', '//span[contains(text(),"项目管理")]/parent::a')元素点击成功
 Sat, 22 Aug 2020 23:35:30  INFO basepage.py wait_elevisible [ line:40 ] 等待('xpath', '//span[contains(text(),"项目台账")]/parent::a')元素可见,耗时0.0249330997467041
 Sat, 22 Aug 2020 23:35:30  INFO basepage.py get_element [ line:73 ] 查找首页_点击'项目台账'的元素('xpath', '//span[contains(text(),"项目台账")]/parent::a')成功。
 Sat, 22 Aug 2020 23:35:30  INFO basepage.py click [ line:141 ] 向('xpath', '//span[contains(text(),"项目台账")]/parent::a')元素点击成功
 Sat, 22 Aug 2020 23:35:31  INFO basepage.py wait_elevisible [ line:40 ] 等待('xpath', '//span[contains(text(),"添加项目")]')元素可见,耗时0.020907163619995117
 Sat, 22 Aug 2020 23:35:31  INFO basepage.py get_element [ line:73 ] 查找首页_点击'添加项目'的元素('xpath', '//span[contains(text(),"添加项目")]')成功。
 Sat, 22 Aug 2020 23:35:31  INFO basepage.py click [ line:141 ] 向('xpath', '//span[contains(text(),"添加项目")]')元素点击成功
 Sat, 22 Aug 2020 23:35:31  INFO basepage.py wait_elevisible [ line:40 ] 等待('xpath', '//label[text()="项目类型："]/following-sibling::div//div[@class="su_form_control su_select_box"]')元素可见,耗时0.02194356918334961
 Sat, 22 Aug 2020 23:35:31  INFO basepage.py get_element [ line:73 ] 查找选择项目类型的元素('xpath', '//label[text()="项目类型："]/following-sibling::div//div[@class="su_form_control su_select_box"]')成功。
 Sat, 22 Aug 2020 23:35:31  INFO basepage.py click [ line:141 ] 向('xpath', '//label[text()="项目类型："]/following-sibling::div//div[@class="su_form_control su_select_box"]')元素点击成功
 Sat, 22 Aug 2020 23:35:32  INFO basepage.py wait_elevisible [ line:40 ] 等待('xpath', '//a[@title="变电工程"]/parent::li')元素可见,耗时0.01893019676208496
 Sat, 22 Aug 2020 23:35:32  INFO basepage.py get_element [ line:73 ] 查找项目类型选择'变电工程'的元素('xpath', '//a[@title="变电工程"]/parent::li')成功。
 Sat, 22 Aug 2020 23:35:32  INFO basepage.py click [ line:141 ] 向('xpath', '//a[@title="变电工程"]/parent::li')元素点击成功
 Sat, 22 Aug 2020 23:35:33  INFO basepage.py wait_elevisible [ line:40 ] 等待('xpath', '//label[contains(text(),"工程类型")]/following-sibling::div')元素可见,耗时0.6402840614318848
 Sat, 22 Aug 2020 23:35:33  INFO basepage.py get_element [ line:73 ] 查找获取'工程类型'文本信息的元素('xpath', '//label[contains(text(),"工程类型")]/following-sibling::div')成功。
 Sat, 22 Aug 2020 23:35:33  INFO basepage.py get_element_text [ line:184 ] 获取('xpath', '//label[contains(text(),"工程类型")]/following-sibling::div')元素文本值成功
 Sat, 22 Aug 2020 23:35:33  INFO basepage.py wait_elevisible [ line:40 ] 等待('xpath', '//label[text()="建设性质："]/following-sibling::div')元素可见,耗时0.019947052001953125
 Sat, 22 Aug 2020 23:35:33  INFO basepage.py get_element [ line:73 ] 查找获取'建设性质'所有文本的元素('xpath', '//label[text()="建设性质："]/following-sibling::div')成功。
 Sat, 22 Aug 2020 23:35:33  INFO basepage.py get_element_text [ line:184 ] 获取('xpath', '//label[text()="建设性质："]/following-sibling::div')元素文本值成功
 Sat, 22 Aug 2020 23:35:33  INFO basepage.py wait_elevisible [ line:40 ] 等待('xpath', '//span[contains(text(),"项目管理")]/parent::a')元素可见,耗时0.07380318641662598
 Sat, 22 Aug 2020 23:35:33  INFO basepage.py get_element [ line:73 ] 查找首页_点击'项目管理'的元素('xpath', '//span[contains(text(),"项目管理")]/parent::a')成功。
 Sat, 22 Aug 2020 23:35:33  INFO basepage.py click [ line:141 ] 向('xpath', '//span[contains(text(),"项目管理")]/parent::a')元素点击成功
 Sat, 22 Aug 2020 23:35:34  INFO basepage.py wait_elevisible [ line:40 ] 等待('xpath', '//span[contains(text(),"项目台账")]/parent::a')元素可见,耗时0.02785491943359375
 Sat, 22 Aug 2020 23:35:34  INFO basepage.py get_element [ line:73 ] 查找首页_点击'项目台账'的元素('xpath', '//span[contains(text(),"项目台账")]/parent::a')成功。
 Sat, 22 Aug 2020 23:35:34  INFO basepage.py click [ line:141 ] 向('xpath', '//span[contains(text(),"项目台账")]/parent::a')元素点击成功
 Sat, 22 Aug 2020 23:35:36  INFO basepage.py wait_elevisible [ line:40 ] 等待('xpath', '//div[@class="nodatap"]')元素可见,耗时0.03166508674621582
 Sat, 22 Aug 2020 23:35:36  INFO basepage.py get_element [ line:73 ] 查找项目台账为空提示语的元素('xpath', '//div[@class="nodatap"]')成功。
 Sat, 22 Aug 2020 23:35:36  INFO basepage.py get_element_text [ line:184 ] 获取('xpath', '//div[@class="nodatap"]')元素文本值成功
 Sat, 22 Aug 2020 23:35:37  INFO basepage.py wait_elevisible [ line:40 ] 等待('xpath', '//span[contains(text(),"添加项目")]')元素可见,耗时0.01872563362121582
 Sat, 22 Aug 2020 23:35:37  INFO basepage.py get_element [ line:73 ] 查找首页_点击'添加项目'的元素('xpath', '//span[contains(text(),"添加项目")]')成功。
 Sat, 22 Aug 2020 23:35:37  INFO basepage.py click [ line:141 ] 向('xpath', '//span[contains(text(),"添加项目")]')元素点击成功
 Sat, 22 Aug 2020 23:35:38  INFO basepage.py wait_elevisible [ line:40 ] 等待('xpath', '//label[contains(text(),"项目名称")]/following-sibling::div//input')元素可见,耗时0.8168175220489502
 Sat, 22 Aug 2020 23:35:38  INFO basepage.py get_element [ line:73 ] 查找输入项目名称的元素('xpath', '//label[contains(text(),"项目名称")]/following-sibling::div//input')成功。
 Sat, 22 Aug 2020 23:35:38  INFO basepage.py input_text [ line:97 ] 向('xpath', '//label[contains(text(),"项目名称")]/following-sibling::div//input')元素输入测试_变电工程成功
 Sat, 22 Aug 2020 23:35:38  INFO basepage.py wait_elevisible [ line:40 ] 等待('xpath', '//label[contains(text(),"项目编号")]/following-sibling::div//input')元素可见,耗时0.021909713745117188
 Sat, 22 Aug 2020 23:35:38  INFO basepage.py get_element [ line:73 ] 查找输入项目编号的元素('xpath', '//label[contains(text(),"项目编号")]/following-sibling::div//input')成功。
 Sat, 22 Aug 2020 23:35:38  INFO basepage.py input_text [ line:97 ] 向('xpath', '//label[contains(text(),"项目编号")]/following-sibling::div//input')元素输入008成功
 Sat, 22 Aug 2020 23:35:38  INFO basepage.py wait_elevisible [ line:40 ] 等待('xpath', '//label[text()="项目类型："]/following-sibling::div//div[@class="su_form_control su_select_box"]')元素可见,耗时0.015532255172729492
 Sat, 22 Aug 2020 23:35:38  INFO basepage.py get_element [ line:73 ] 查找选择项目类型的元素('xpath', '//label[text()="项目类型："]/following-sibling::div//div[@class="su_form_control su_select_box"]')成功。
 Sat, 22 Aug 2020 23:35:38  INFO basepage.py click [ line:141 ] 向('xpath', '//label[text()="项目类型："]/following-sibling::div//div[@class="su_form_control su_select_box"]')元素点击成功
 Sat, 22 Aug 2020 23:35:39  INFO basepage.py wait_elevisible [ line:40 ] 等待('xpath', '//a[@title="变电工程"]/parent::li')元素可见,耗时0.02565741539001465
 Sat, 22 Aug 2020 23:35:39  INFO basepage.py get_element [ line:73 ] 查找项目类型选择'变电工程'的元素('xpath', '//a[@title="变电工程"]/parent::li')成功。
 Sat, 22 Aug 2020 23:35:39  INFO basepage.py click [ line:141 ] 向('xpath', '//a[@title="变电工程"]/parent::li')元素点击成功
 Sat, 22 Aug 2020 23:35:39  INFO basepage.py wait_elevisible [ line:40 ] 等待('xpath', '//label[text()="户内"]/span')元素可见,耗时0.03493666648864746
 Sat, 22 Aug 2020 23:35:39  INFO basepage.py get_element [ line:73 ] 查找工程类型选择'户内'的元素('xpath', '//label[text()="户内"]/span')成功。
 Sat, 22 Aug 2020 23:35:40  INFO basepage.py click [ line:141 ] 向('xpath', '//label[text()="户内"]/span')元素点击成功
 Sat, 22 Aug 2020 23:35:40  INFO basepage.py wait_elevisible [ line:40 ] 等待('xpath', '//label[text()="设计阶段："]/following-sibling::div')元素可见,耗时0.02369070053100586
 Sat, 22 Aug 2020 23:35:40  INFO basepage.py get_element [ line:73 ] 查找点击设计阶段下拉框的元素('xpath', '//label[text()="设计阶段："]/following-sibling::div')成功。
 Sat, 22 Aug 2020 23:35:40  INFO basepage.py click [ line:141 ] 向('xpath', '//label[text()="设计阶段："]/following-sibling::div')元素点击成功
 Sat, 22 Aug 2020 23:35:41  INFO basepage.py wait_elevisible [ line:40 ] 等待('xpath', '//a[@title="竣工图"]/parent::li')元素可见,耗时0.027609586715698242
 Sat, 22 Aug 2020 23:35:41  INFO basepage.py get_element [ line:73 ] 查找设计阶段选择'施工图'的元素('xpath', '//a[@title="竣工图"]/parent::li')成功。
 Sat, 22 Aug 2020 23:35:41  INFO basepage.py click [ line:141 ] 向('xpath', '//a[@title="竣工图"]/parent::li')元素点击成功
 Sat, 22 Aug 2020 23:35:41  INFO basepage.py wait_elevisible [ line:40 ] 等待('xpath', '//label[text()="电压等级："]/following-sibling::div')元素可见,耗时0.01864910125732422
 Sat, 22 Aug 2020 23:35:41  INFO basepage.py get_element [ line:73 ] 查找点击'电压等级'下拉框的元素('xpath', '//label[text()="电压等级："]/following-sibling::div')成功。
 Sat, 22 Aug 2020 23:35:41  INFO basepage.py click [ line:141 ] 向('xpath', '//label[text()="电压等级："]/following-sibling::div')元素点击成功
 Sat, 22 Aug 2020 23:35:42  INFO basepage.py wait_elevisible [ line:40 ] 等待('xpath', '//a[@title="35kV"]/parent::li')元素可见,耗时0.023673534393310547
 Sat, 22 Aug 2020 23:35:42  INFO basepage.py get_element [ line:73 ] 查找电压等级选择'35kv'的元素('xpath', '//a[@title="35kV"]/parent::li')成功。
 Sat, 22 Aug 2020 23:35:42  INFO basepage.py click [ line:141 ] 向('xpath', '//a[@title="35kV"]/parent::li')元素点击成功
 Sat, 22 Aug 2020 23:35:42  INFO basepage.py wait_elevisible [ line:40 ] 等待('xpath', '//label[text()="变电新建"]/span')元素可见,耗时0.02181243896484375
 Sat, 22 Aug 2020 23:35:42  INFO basepage.py get_element [ line:73 ] 查找建设性质选择'变电新建'的元素('xpath', '//label[text()="变电新建"]/span')成功。
 Sat, 22 Aug 2020 23:35:42  INFO basepage.py click [ line:141 ] 向('xpath', '//label[text()="变电新建"]/span')元素点击成功
 Sat, 22 Aug 2020 23:35:43  INFO basepage.py wait_elevisible [ line:40 ] 等待('xpath', '//button[text()="选择成员"]')元素可见,耗时0.03266549110412598
 Sat, 22 Aug 2020 23:35:43  INFO basepage.py get_element [ line:73 ] 查找选择成员的元素('xpath', '//button[text()="选择成员"]')成功。
 Sat, 22 Aug 2020 23:35:43  INFO basepage.py click [ line:141 ] 向('xpath', '//button[text()="选择成员"]')元素点击成功
 Sat, 22 Aug 2020 23:35:44  INFO basepage.py wait_elevisible [ line:40 ] 等待('xpath', '//li[text()="总工"]')元素可见,耗时0.02462315559387207
 Sat, 22 Aug 2020 23:35:44  INFO basepage.py get_element [ line:73 ] 查找点击'总工'的元素('xpath', '//li[text()="总工"]')成功。
 Sat, 22 Aug 2020 23:35:44  INFO basepage.py click [ line:141 ] 向('xpath', '//li[text()="总工"]')元素点击成功
 Sat, 22 Aug 2020 23:35:44  INFO basepage.py wait_elevisible [ line:40 ] 等待('xpath', '//span[text()="添加成员"]')元素可见,耗时0.03270554542541504
 Sat, 22 Aug 2020 23:35:44  INFO basepage.py get_element [ line:73 ] 查找点击'添加成员'的元素('xpath', '//span[text()="添加成员"]')成功。
 Sat, 22 Aug 2020 23:35:45  INFO basepage.py click [ line:141 ] 向('xpath', '//span[text()="添加成员"]')元素点击成功
 Sat, 22 Aug 2020 23:35:45  INFO basepage.py wait_elevisible [ line:40 ] 等待('xpath', '//span[@id="team-tree1_7_check"]')元素可见,耗时0.03465104103088379
 Sat, 22 Aug 2020 23:35:45  INFO basepage.py get_element [ line:73 ] 查找勾选'海清'的元素('xpath', '//span[@id="team-tree1_7_check"]')成功。
 Sat, 22 Aug 2020 23:35:45  INFO basepage.py click [ line:141 ] 向('xpath', '//span[@id="team-tree1_7_check"]')元素点击成功
 Sat, 22 Aug 2020 23:35:46  INFO basepage.py wait_elevisible [ line:40 ] 等待('xpath', '//button[text()="确定"]')元素可见,耗时0.03468036651611328
 Sat, 22 Aug 2020 23:35:46  INFO basepage.py get_element [ line:73 ] 查找确定的元素('xpath', '//button[text()="确定"]')成功。
 Sat, 22 Aug 2020 23:35:46  INFO basepage.py click [ line:141 ] 向('xpath', '//button[text()="确定"]')元素点击成功
 Sat, 22 Aug 2020 23:35:46  INFO basepage.py wait_elevisible [ line:40 ] 等待('xpath', '//li[text()="设总"]')元素可见,耗时0.03166365623474121
 Sat, 22 Aug 2020 23:35:46  INFO basepage.py get_element [ line:73 ] 查找点击'设总'的元素('xpath', '//li[text()="设总"]')成功。
 Sat, 22 Aug 2020 23:35:46  INFO basepage.py click [ line:141 ] 向('xpath', '//li[text()="设总"]')元素点击成功
 Sat, 22 Aug 2020 23:35:47  INFO basepage.py wait_elevisible [ line:40 ] 等待('xpath', '//span[text()="添加成员"]')元素可见,耗时0.02668595314025879
 Sat, 22 Aug 2020 23:35:47  INFO basepage.py get_element [ line:73 ] 查找点击'添加成员'的元素('xpath', '//span[text()="添加成员"]')成功。
 Sat, 22 Aug 2020 23:35:47  INFO basepage.py click [ line:141 ] 向('xpath', '//span[text()="添加成员"]')元素点击成功
 Sat, 22 Aug 2020 23:35:48  INFO basepage.py wait_elevisible [ line:40 ] 等待('xpath', '//span[@id="team-tree1_8_check"]')元素可见,耗时0.04070115089416504
 Sat, 22 Aug 2020 23:35:48  INFO basepage.py get_element [ line:73 ] 查找勾选'海若梦'的元素('xpath', '//span[@id="team-tree1_8_check"]')成功。
 Sat, 22 Aug 2020 23:35:48  INFO basepage.py click [ line:141 ] 向('xpath', '//span[@id="team-tree1_8_check"]')元素点击成功
 Sat, 22 Aug 2020 23:35:48  INFO basepage.py wait_elevisible [ line:40 ] 等待('xpath', '//button[text()="确定"]')元素可见,耗时0.01795220375061035
 Sat, 22 Aug 2020 23:35:48  INFO basepage.py get_element [ line:73 ] 查找确定的元素('xpath', '//button[text()="确定"]')成功。
 Sat, 22 Aug 2020 23:35:48  INFO basepage.py click [ line:141 ] 向('xpath', '//button[text()="确定"]')元素点击成功
 Sat, 22 Aug 2020 23:35:49  INFO basepage.py wait_elevisible [ line:40 ] 等待('xpath', '//button[text()="确定"]')元素可见,耗时0.024642229080200195
 Sat, 22 Aug 2020 23:35:49  INFO basepage.py get_element [ line:73 ] 查找确定的元素('xpath', '//button[text()="确定"]')成功。
 Sat, 22 Aug 2020 23:35:49  INFO basepage.py click [ line:141 ] 向('xpath', '//button[text()="确定"]')元素点击成功
 Sat, 22 Aug 2020 23:35:50  INFO basepage.py wait_elevisible [ line:40 ] 等待('xpath', '//button[text()="设置节点"]')元素可见,耗时0.024695158004760742
 Sat, 22 Aug 2020 23:35:50  INFO basepage.py get_element [ line:73 ] 查找设置节点的元素('xpath', '//button[text()="设置节点"]')成功。
 Sat, 22 Aug 2020 23:35:50  INFO basepage.py click [ line:141 ] 向('xpath', '//button[text()="设置节点"]')元素点击成功
 Sat, 22 Aug 2020 23:35:50  INFO basepage.py wait_elevisible [ line:40 ] 等待('xpath', '//span[@id="team-tree3_2_check"]')元素可见,耗时0.02374267578125
 Sat, 22 Aug 2020 23:35:50  INFO basepage.py get_element [ line:73 ] 查找勾选'01-设计输入资料'的元素('xpath', '//span[@id="team-tree3_2_check"]')成功。
 Sat, 22 Aug 2020 23:35:50  INFO basepage.py click [ line:141 ] 向('xpath', '//span[@id="team-tree3_2_check"]')元素点击成功
 Sat, 22 Aug 2020 23:35:51  INFO basepage.py wait_elevisible [ line:40 ] 等待('xpath', '//a[@id="team-tree3_2_a"]//b')元素可见,耗时0.025658130645751953
 Sat, 22 Aug 2020 23:35:51  INFO basepage.py get_element [ line:73 ] 查找选择的元素('xpath', '//a[@id="team-tree3_2_a"]//b')成功。
 Sat, 22 Aug 2020 23:35:51  INFO basepage.py click [ line:141 ] 向('xpath', '//a[@id="team-tree3_2_a"]//b')元素点击成功
 Sat, 22 Aug 2020 23:35:52  INFO basepage.py wait_elevisible [ line:40 ] 等待('xpath', '//span[@id="team-tree1_6_check"]')元素可见,耗时0.02384781837463379
 Sat, 22 Aug 2020 23:35:52  INFO basepage.py get_element [ line:73 ] 查找选择'海清'的元素('xpath', '//span[@id="team-tree1_6_check"]')成功。
 Sat, 22 Aug 2020 23:35:52  INFO basepage.py click [ line:141 ] 向('xpath', '//span[@id="team-tree1_6_check"]')元素点击成功
 Sat, 22 Aug 2020 23:35:52  INFO basepage.py wait_elevisible [ line:40 ] 等待('xpath', '//button[text()="确定"]')元素可见,耗时0.015958309173583984
 Sat, 22 Aug 2020 23:35:52  INFO basepage.py get_element [ line:73 ] 查找确定的元素('xpath', '//button[text()="确定"]')成功。
 Sat, 22 Aug 2020 23:35:52  INFO basepage.py click_by_js [ line:163 ] 向('xpath', '//button[text()="确定"]')元素点击成功
 Sat, 22 Aug 2020 23:35:53  INFO basepage.py wait_elevisible [ line:40 ] 等待('xpath', '//button[text()="确定"]')元素可见,耗时0.028645992279052734
 Sat, 22 Aug 2020 23:35:53  INFO basepage.py get_element [ line:73 ] 查找确定的元素('xpath', '//button[text()="确定"]')成功。
 Sat, 22 Aug 2020 23:35:53  INFO basepage.py click [ line:141 ] 向('xpath', '//button[text()="确定"]')元素点击成功
 Sat, 22 Aug 2020 23:35:54  INFO basepage.py wait_elevisible [ line:40 ] 等待('xpath', '//label[text()="设计校审"]/span')元素可见,耗时0.020941972732543945
 Sat, 22 Aug 2020 23:35:54  INFO basepage.py get_element [ line:73 ] 查找勾选设计校审的元素('xpath', '//label[text()="设计校审"]/span')成功。
 Sat, 22 Aug 2020 23:35:54  INFO basepage.py click [ line:141 ] 向('xpath', '//label[text()="设计校审"]/span')元素点击成功
 Sat, 22 Aug 2020 23:35:54  INFO basepage.py wait_elevisible [ line:40 ] 等待('xpath', '//div[@id="children-span"]/div[@class="su_form_control su_select_box"]')元素可见,耗时0.019973039627075195
 Sat, 22 Aug 2020 23:35:54  INFO basepage.py get_element [ line:73 ] 查找点击标准校审级别的元素('xpath', '//div[@id="children-span"]/div[@class="su_form_control su_select_box"]')成功。
 Sat, 22 Aug 2020 23:35:54  INFO basepage.py click [ line:141 ] 向('xpath', '//div[@id="children-span"]/div[@class="su_form_control su_select_box"]')元素点击成功
 Sat, 22 Aug 2020 23:35:55  INFO basepage.py wait_elevisible [ line:40 ] 等待('xpath', '//a[@title="1级"]')元素可见,耗时0.02052450180053711
 Sat, 22 Aug 2020 23:35:55  INFO basepage.py get_element [ line:73 ] 查找选择1级别的元素('xpath', '//a[@title="1级"]')成功。
 Sat, 22 Aug 2020 23:35:55  INFO basepage.py click [ line:141 ] 向('xpath', '//a[@title="1级"]')元素点击成功
 Sat, 22 Aug 2020 23:35:55  INFO basepage.py wait_elevisible [ line:40 ] 等待('xpath', '//label[text()="可低于标准级别"]/span')元素可见,耗时0.02054738998413086
 Sat, 22 Aug 2020 23:35:55  INFO basepage.py get_element [ line:73 ] 查找可低于标准级别的元素('xpath', '//label[text()="可低于标准级别"]/span')成功。
 Sat, 22 Aug 2020 23:35:55  INFO basepage.py click_by_js [ line:163 ] 向('xpath', '//label[text()="可低于标准级别"]/span')元素点击成功
 Sat, 22 Aug 2020 23:35:56  INFO basepage.py wait_elevisible [ line:40 ] 等待('xpath', '//label[text()="可跳过会签阶段"]/span')元素可见,耗时0.02464914321899414
 Sat, 22 Aug 2020 23:35:56  INFO basepage.py get_element [ line:73 ] 查找跳过会签阶段的元素('xpath', '//label[text()="可跳过会签阶段"]/span')成功。
 Sat, 22 Aug 2020 23:35:56  INFO basepage.py click_by_js [ line:163 ] 向('xpath', '//label[text()="可跳过会签阶段"]/span')元素点击成功
 Sat, 22 Aug 2020 23:35:56  INFO basepage.py wait_elevisible [ line:40 ] 等待('xpath', '//span[text()="—"]/preceding-sibling::div')元素可见,耗时0.0226590633392334
 Sat, 22 Aug 2020 23:35:56  INFO basepage.py get_element [ line:73 ] 查找开始时间的元素('xpath', '//span[text()="—"]/preceding-sibling::div')成功。
 Sat, 22 Aug 2020 23:35:56  INFO basepage.py click [ line:141 ] 向('xpath', '//span[text()="—"]/preceding-sibling::div')元素点击成功
 Sat, 22 Aug 2020 23:35:57  INFO basepage.py wait_elevisible [ line:40 ] 等待('xpath', '//span[text()="—"]/preceding-sibling::div//span[text()="确定"]')元素可见,耗时0.035662174224853516
 Sat, 22 Aug 2020 23:35:57  INFO basepage.py get_element [ line:73 ] 查找确定时间的元素('xpath', '//span[text()="—"]/preceding-sibling::div//span[text()="确定"]')成功。
 Sat, 22 Aug 2020 23:35:57  INFO basepage.py click [ line:141 ] 向('xpath', '//span[text()="—"]/preceding-sibling::div//span[text()="确定"]')元素点击成功
 Sat, 22 Aug 2020 23:35:58  INFO basepage.py wait_elevisible [ line:40 ] 等待('xpath', '//span[text()="—"]/following-sibling::div')元素可见,耗时0.02384638786315918
 Sat, 22 Aug 2020 23:35:58  INFO basepage.py get_element [ line:73 ] 查找结束时间的元素('xpath', '//span[text()="—"]/following-sibling::div')成功。
 Sat, 22 Aug 2020 23:35:58  INFO basepage.py click [ line:141 ] 向('xpath', '//span[text()="—"]/following-sibling::div')元素点击成功
 Sat, 22 Aug 2020 23:35:58  INFO basepage.py wait_elevisible [ line:40 ] 等待('xpath', '//span[text()="—"]/following-sibling::div//span[text()="确定"]')元素可见,耗时0.02393651008605957
 Sat, 22 Aug 2020 23:35:58  INFO basepage.py get_element [ line:73 ] 查找确定时间的元素('xpath', '//span[text()="—"]/following-sibling::div//span[text()="确定"]')成功。
 Sat, 22 Aug 2020 23:35:58  INFO basepage.py click [ line:141 ] 向('xpath', '//span[text()="—"]/following-sibling::div//span[text()="确定"]')元素点击成功
 Sat, 22 Aug 2020 23:35:59  INFO basepage.py wait_elevisible [ line:40 ] 等待('xpath', '//button[text()="创建"]')元素可见,耗时0.031635284423828125
 Sat, 22 Aug 2020 23:35:59  INFO basepage.py get_element [ line:73 ] 查找创建的元素('xpath', '//button[text()="创建"]')成功。
 Sat, 22 Aug 2020 23:35:59  INFO basepage.py click [ line:141 ] 向('xpath', '//button[text()="创建"]')元素点击成功
 Sat, 22 Aug 2020 23:36:37  ERROR basepage.py wait_elevisible [ line:34 ] 等待('xpath', '//div[@class="pjlist-box mt-10"]')元素可见超时
Traceback (most recent call last):
  File "C:\Users\张少敬\Desktop\dhvirtest\Design_institute_1.4\Common\basepage.py", line 32, in wait_elevisible
    WebDriverWait(self.driver,timeout,frequency).until(EC.visibility_of_element_located(loc))
  File "D:\Python\lib\site-packages\selenium\webdriver\support\wait.py", line 71, in until
    value = method(self._driver)
  File "D:\Python\lib\site-packages\selenium\webdriver\support\expected_conditions.py", line 128, in __call__
    return _element_if_visible(_find_element(driver, self.locator))
  File "D:\Python\lib\site-packages\selenium\webdriver\support\expected_conditions.py", line 148, in _element_if_visible
    return element if element.is_displayed() == visibility else False
AttributeError: 'NoneType' object has no attribute 'is_displayed'
 Sat, 22 Aug 2020 23:36:37  ERROR basepage.py do_save_screenshot [ line:259 ] 网页截图操作失败
Traceback (most recent call last):
  File "C:\Users\张少敬\Desktop\dhvirtest\Design_institute_1.4\Common\basepage.py", line 32, in wait_elevisible
    WebDriverWait(self.driver,timeout,frequency).until(EC.visibility_of_element_located(loc))
  File "D:\Python\lib\site-packages\selenium\webdriver\support\wait.py", line 71, in until
    value = method(self._driver)
  File "D:\Python\lib\site-packages\selenium\webdriver\support\expected_conditions.py", line 128, in __call__
    return _element_if_visible(_find_element(driver, self.locator))
  File "D:\Python\lib\site-packages\selenium\webdriver\support\expected_conditions.py", line 148, in _element_if_visible
    return element if element.is_displayed() == visibility else False
AttributeError: 'NoneType' object has no attribute 'is_displayed'

During handling of the above exception, another exception occurred:

Traceback (most recent call last):
  File "C:\Users\张少敬\Desktop\dhvirtest\Design_institute_1.4\Common\basepage.py", line 257, in do_save_screenshot
    self.driver.save_screenshot(file)
  File "D:\Python\lib\site-packages\selenium\webdriver\remote\webdriver.py", line 1055, in save_screenshot
    return self.get_screenshot_as_file(filename)
  File "D:\Python\lib\site-packages\selenium\webdriver\remote\webdriver.py", line 1032, in get_screenshot_as_file
    png = self.get_screenshot_as_png()
  File "D:\Python\lib\site-packages\selenium\webdriver\remote\webdriver.py", line 1064, in get_screenshot_as_png
    return base64.b64decode(self.get_screenshot_as_base64().encode('ascii'))
  File "D:\Python\lib\site-packages\selenium\webdriver\remote\webdriver.py", line 1074, in get_screenshot_as_base64
    return self.execute(Command.SCREENSHOT)['value']
  File "D:\Python\lib\site-packages\selenium\webdriver\remote\webdriver.py", line 321, in execute
    self.error_handler.check_response(response)
  File "D:\Python\lib\site-packages\selenium\webdriver\remote\errorhandler.py", line 242, in check_response
    raise exception_class(message, screen, stacktrace)
selenium.common.exceptions.NoSuchWindowException: Message: no such window: target window already closed
from unknown error: web view not found
  (Session info: chrome=81.0.4044.122)

 Sat, 22 Aug 2020 23:36:37  ERROR basepage.py wait_elevisible [ line:34 ] 等待('xpath', '//span[contains(text(),"我的工作")]/parent::a')元素可见超时
Traceback (most recent call last):
  File "C:\Users\张少敬\Desktop\dhvirtest\Design_institute_1.4\Common\basepage.py", line 32, in wait_elevisible
    WebDriverWait(self.driver,timeout,frequency).until(EC.visibility_of_element_located(loc))
  File "D:\Python\lib\site-packages\selenium\webdriver\support\wait.py", line 71, in until
    value = method(self._driver)
  File "D:\Python\lib\site-packages\selenium\webdriver\support\expected_conditions.py", line 128, in __call__
    return _element_if_visible(_find_element(driver, self.locator))
  File "D:\Python\lib\site-packages\selenium\webdriver\support\expected_conditions.py", line 415, in _find_element
    raise e
  File "D:\Python\lib\site-packages\selenium\webdriver\support\expected_conditions.py", line 411, in _find_element
    return driver.find_element(*by)
  File "D:\Python\lib\site-packages\selenium\webdriver\remote\webdriver.py", line 978, in find_element
    'value': value})['value']
  File "D:\Python\lib\site-packages\selenium\webdriver\remote\webdriver.py", line 321, in execute
    self.error_handler.check_response(response)
  File "D:\Python\lib\site-packages\selenium\webdriver\remote\errorhandler.py", line 242, in check_response
    raise exception_class(message, screen, stacktrace)
selenium.common.exceptions.NoSuchWindowException: Message: no such window: target window already closed
from unknown error: web view not found
  (Session info: chrome=81.0.4044.122)

 Sat, 22 Aug 2020 23:36:37  ERROR basepage.py do_save_screenshot [ line:259 ] 网页截图操作失败
Traceback (most recent call last):
  File "C:\Users\张少敬\Desktop\dhvirtest\Design_institute_1.4\Common\basepage.py", line 32, in wait_elevisible
    WebDriverWait(self.driver,timeout,frequency).until(EC.visibility_of_element_located(loc))
  File "D:\Python\lib\site-packages\selenium\webdriver\support\wait.py", line 71, in until
    value = method(self._driver)
  File "D:\Python\lib\site-packages\selenium\webdriver\support\expected_conditions.py", line 128, in __call__
    return _element_if_visible(_find_element(driver, self.locator))
  File "D:\Python\lib\site-packages\selenium\webdriver\support\expected_conditions.py", line 415, in _find_element
    raise e
  File "D:\Python\lib\site-packages\selenium\webdriver\support\expected_conditions.py", line 411, in _find_element
    return driver.find_element(*by)
  File "D:\Python\lib\site-packages\selenium\webdriver\remote\webdriver.py", line 978, in find_element
    'value': value})['value']
  File "D:\Python\lib\site-packages\selenium\webdriver\remote\webdriver.py", line 321, in execute
    self.error_handler.check_response(response)
  File "D:\Python\lib\site-packages\selenium\webdriver\remote\errorhandler.py", line 242, in check_response
    raise exception_class(message, screen, stacktrace)
selenium.common.exceptions.NoSuchWindowException: Message: no such window: target window already closed
from unknown error: web view not found
  (Session info: chrome=81.0.4044.122)


During handling of the above exception, another exception occurred:

Traceback (most recent call last):
  File "C:\Users\张少敬\Desktop\dhvirtest\Design_institute_1.4\Common\basepage.py", line 257, in do_save_screenshot
    self.driver.save_screenshot(file)
  File "D:\Python\lib\site-packages\selenium\webdriver\remote\webdriver.py", line 1055, in save_screenshot
    return self.get_screenshot_as_file(filename)
  File "D:\Python\lib\site-packages\selenium\webdriver\remote\webdriver.py", line 1032, in get_screenshot_as_file
    png = self.get_screenshot_as_png()
  File "D:\Python\lib\site-packages\selenium\webdriver\remote\webdriver.py", line 1064, in get_screenshot_as_png
    return base64.b64decode(self.get_screenshot_as_base64().encode('ascii'))
  File "D:\Python\lib\site-packages\selenium\webdriver\remote\webdriver.py", line 1074, in get_screenshot_as_base64
    return self.execute(Command.SCREENSHOT)['value']
  File "D:\Python\lib\site-packages\selenium\webdriver\remote\webdriver.py", line 321, in execute
    self.error_handler.check_response(response)
  File "D:\Python\lib\site-packages\selenium\webdriver\remote\errorhandler.py", line 242, in check_response
    raise exception_class(message, screen, stacktrace)
selenium.common.exceptions.NoSuchWindowException: Message: no such window: target window already closed
from unknown error: web view not found
  (Session info: chrome=81.0.4044.122)

 Sat, 22 Aug 2020 23:36:38  ERROR basepage.py wait_elevisible [ line:34 ] 等待('xpath', '//span[text()="退出"]/parent::a')元素可见超时
Traceback (most recent call last):
  File "C:\Users\张少敬\Desktop\dhvirtest\Design_institute_1.4\Common\basepage.py", line 32, in wait_elevisible
    WebDriverWait(self.driver,timeout,frequency).until(EC.visibility_of_element_located(loc))
  File "D:\Python\lib\site-packages\selenium\webdriver\support\wait.py", line 71, in until
    value = method(self._driver)
  File "D:\Python\lib\site-packages\selenium\webdriver\support\expected_conditions.py", line 128, in __call__
    return _element_if_visible(_find_element(driver, self.locator))
  File "D:\Python\lib\site-packages\selenium\webdriver\support\expected_conditions.py", line 415, in _find_element
    raise e
  File "D:\Python\lib\site-packages\selenium\webdriver\support\expected_conditions.py", line 411, in _find_element
    return driver.find_element(*by)
  File "D:\Python\lib\site-packages\selenium\webdriver\remote\webdriver.py", line 978, in find_element
    'value': value})['value']
  File "D:\Python\lib\site-packages\selenium\webdriver\remote\webdriver.py", line 321, in execute
    self.error_handler.check_response(response)
  File "D:\Python\lib\site-packages\selenium\webdriver\remote\errorhandler.py", line 242, in check_response
    raise exception_class(message, screen, stacktrace)
selenium.common.exceptions.NoSuchWindowException: Message: no such window: target window already closed
from unknown error: web view not found
  (Session info: chrome=81.0.4044.122)

 Sat, 22 Aug 2020 23:36:38  ERROR basepage.py do_save_screenshot [ line:259 ] 网页截图操作失败
Traceback (most recent call last):
  File "C:\Users\张少敬\Desktop\dhvirtest\Design_institute_1.4\Common\basepage.py", line 32, in wait_elevisible
    WebDriverWait(self.driver,timeout,frequency).until(EC.visibility_of_element_located(loc))
  File "D:\Python\lib\site-packages\selenium\webdriver\support\wait.py", line 71, in until
    value = method(self._driver)
  File "D:\Python\lib\site-packages\selenium\webdriver\support\expected_conditions.py", line 128, in __call__
    return _element_if_visible(_find_element(driver, self.locator))
  File "D:\Python\lib\site-packages\selenium\webdriver\support\expected_conditions.py", line 415, in _find_element
    raise e
  File "D:\Python\lib\site-packages\selenium\webdriver\support\expected_conditions.py", line 411, in _find_element
    return driver.find_element(*by)
  File "D:\Python\lib\site-packages\selenium\webdriver\remote\webdriver.py", line 978, in find_element
    'value': value})['value']
  File "D:\Python\lib\site-packages\selenium\webdriver\remote\webdriver.py", line 321, in execute
    self.error_handler.check_response(response)
  File "D:\Python\lib\site-packages\selenium\webdriver\remote\errorhandler.py", line 242, in check_response
    raise exception_class(message, screen, stacktrace)
selenium.common.exceptions.NoSuchWindowException: Message: no such window: target window already closed
from unknown error: web view not found
  (Session info: chrome=81.0.4044.122)


During handling of the above exception, another exception occurred:

Traceback (most recent call last):
  File "C:\Users\张少敬\Desktop\dhvirtest\Design_institute_1.4\Common\basepage.py", line 257, in do_save_screenshot
    self.driver.save_screenshot(file)
  File "D:\Python\lib\site-packages\selenium\webdriver\remote\webdriver.py", line 1055, in save_screenshot
    return self.get_screenshot_as_file(filename)
  File "D:\Python\lib\site-packages\selenium\webdriver\remote\webdriver.py", line 1032, in get_screenshot_as_file
    png = self.get_screenshot_as_png()
  File "D:\Python\lib\site-packages\selenium\webdriver\remote\webdriver.py", line 1064, in get_screenshot_as_png
    return base64.b64decode(self.get_screenshot_as_base64().encode('ascii'))
  File "D:\Python\lib\site-packages\selenium\webdriver\remote\webdriver.py", line 1074, in get_screenshot_as_base64
    return self.execute(Command.SCREENSHOT)['value']
  File "D:\Python\lib\site-packages\selenium\webdriver\remote\webdriver.py", line 321, in execute
    self.error_handler.check_response(response)
  File "D:\Python\lib\site-packages\selenium\webdriver\remote\errorhandler.py", line 242, in check_response
    raise exception_class(message, screen, stacktrace)
selenium.common.exceptions.NoSuchWindowException: Message: no such window: target window already closed
from unknown error: web view not found
  (Session info: chrome=81.0.4044.122)

