 Fri, 21 Aug 2020 15:06:26  INFO basepage.py wait_elevisible [ line:40 ] 等待('xpath', '//span[contains(text(),"项目管理")]/parent::a')元素可见,耗时0.5006604194641113
 Fri, 21 Aug 2020 15:06:26  INFO basepage.py get_element [ line:73 ] 查找首页_点击'项目管理'的元素('xpath', '//span[contains(text(),"项目管理")]/parent::a')成功。
 Fri, 21 Aug 2020 15:06:26  INFO basepage.py click [ line:141 ] 向('xpath', '//span[contains(text(),"项目管理")]/parent::a')元素点击成功
 Fri, 21 Aug 2020 15:06:27  INFO basepage.py wait_elevisible [ line:40 ] 等待('xpath', '//span[contains(text(),"项目台账")]/parent::a')元素可见,耗时0.024895668029785156
 Fri, 21 Aug 2020 15:06:27  INFO basepage.py get_element [ line:73 ] 查找首页_点击'项目台账'的元素('xpath', '//span[contains(text(),"项目台账")]/parent::a')成功。
 Fri, 21 Aug 2020 15:06:27  INFO basepage.py click [ line:141 ] 向('xpath', '//span[contains(text(),"项目台账")]/parent::a')元素点击成功
 Fri, 21 Aug 2020 15:06:28  INFO basepage.py wait_elevisible [ line:40 ] 等待('xpath', '//div[@class="nodatap"]')元素可见,耗时0.8547143936157227
 Fri, 21 Aug 2020 15:06:28  INFO basepage.py get_element [ line:73 ] 查找项目台账为空提示语的元素('xpath', '//div[@class="nodatap"]')成功。
 Fri, 21 Aug 2020 15:06:28  INFO basepage.py get_element_text [ line:184 ] 获取('xpath', '//div[@class="nodatap"]')元素文本值成功
 Fri, 21 Aug 2020 15:06:28  INFO basepage.py wait_elevisible [ line:40 ] 等待('xpath', '//span[contains(text(),"添加项目")]')元素可见,耗时0.019947052001953125
 Fri, 21 Aug 2020 15:06:28  INFO basepage.py get_element [ line:73 ] 查找首页_点击'添加项目'的元素('xpath', '//span[contains(text(),"添加项目")]')成功。
 Fri, 21 Aug 2020 15:06:28  INFO basepage.py click [ line:141 ] 向('xpath', '//span[contains(text(),"添加项目")]')元素点击成功
 Fri, 21 Aug 2020 15:06:29  INFO basepage.py wait_elevisible [ line:40 ] 等待('xpath', '//label[contains(text(),"项目名称")]/following-sibling::div//input')元素可见,耗时0.531578779220581
 Fri, 21 Aug 2020 15:06:29  INFO basepage.py get_element [ line:73 ] 查找输入'项目名称'的元素('xpath', '//label[contains(text(),"项目名称")]/following-sibling::div//input')成功。
 Fri, 21 Aug 2020 15:06:29  INFO basepage.py input_text [ line:97 ] 向('xpath', '//label[contains(text(),"项目名称")]/following-sibling::div//input')元素输入测试_线路工程成功
 Fri, 21 Aug 2020 15:06:29  INFO basepage.py wait_elevisible [ line:40 ] 等待('xpath', '//label[contains(text(),"项目编号")]/following-sibling::div//input')元素可见,耗时0.021939992904663086
 Fri, 21 Aug 2020 15:06:29  INFO basepage.py get_element [ line:73 ] 查找输入'项目编号'的元素('xpath', '//label[contains(text(),"项目编号")]/following-sibling::div//input')成功。
 Fri, 21 Aug 2020 15:06:29  INFO basepage.py input_text [ line:97 ] 向('xpath', '//label[contains(text(),"项目编号")]/following-sibling::div//input')元素输入007成功
 Fri, 21 Aug 2020 15:06:30  INFO basepage.py wait_elevisible [ line:40 ] 等待('xpath', '//label[text()="项目类型："]/following-sibling::div//div[@class="su_form_control su_select_box"]')元素可见,耗时0.01990795135498047
 Fri, 21 Aug 2020 15:06:30  INFO basepage.py get_element [ line:73 ] 查找点击项目类型下拉框的元素('xpath', '//label[text()="项目类型："]/following-sibling::div//div[@class="su_form_control su_select_box"]')成功。
 Fri, 21 Aug 2020 15:06:30  INFO basepage.py click [ line:141 ] 向('xpath', '//label[text()="项目类型："]/following-sibling::div//div[@class="su_form_control su_select_box"]')元素点击成功
 Fri, 21 Aug 2020 15:06:30  INFO basepage.py wait_elevisible [ line:40 ] 等待('xpath', '//a[@title="线路工程"]/parent::li')元素可见,耗时0.03182220458984375
 Fri, 21 Aug 2020 15:06:30  INFO basepage.py get_element [ line:73 ] 查找选择'线路工程'的元素('xpath', '//a[@title="线路工程"]/parent::li')成功。
 Fri, 21 Aug 2020 15:06:30  INFO basepage.py click [ line:141 ] 向('xpath', '//a[@title="线路工程"]/parent::li')元素点击成功
 Fri, 21 Aug 2020 15:06:31  INFO basepage.py wait_elevisible [ line:40 ] 等待('xpath', '//label[text()="架空"]/span')元素可见,耗时0.0205230712890625
 Fri, 21 Aug 2020 15:06:31  INFO basepage.py get_element [ line:73 ] 查找勾选'架空'的元素('xpath', '//label[text()="架空"]/span')成功。
 Fri, 21 Aug 2020 15:06:31  INFO basepage.py click [ line:141 ] 向('xpath', '//label[text()="架空"]/span')元素点击成功
 Fri, 21 Aug 2020 15:06:31  INFO basepage.py wait_elevisible [ line:40 ] 等待('xpath', '//label[text()="设计阶段："]/following-sibling::div')元素可见,耗时0.024929046630859375
 Fri, 21 Aug 2020 15:06:31  INFO basepage.py get_element [ line:73 ] 查找设计阶段下拉框的元素('xpath', '//label[text()="设计阶段："]/following-sibling::div')成功。
 Fri, 21 Aug 2020 15:06:32  INFO basepage.py click [ line:141 ] 向('xpath', '//label[text()="设计阶段："]/following-sibling::div')元素点击成功
 Fri, 21 Aug 2020 15:06:32  INFO basepage.py wait_elevisible [ line:40 ] 等待('xpath', '//a[@title="施工图"]/parent::li')元素可见,耗时0.03264307975769043
 Fri, 21 Aug 2020 15:06:32  INFO basepage.py get_element [ line:73 ] 查找设计阶段选择施工图的元素('xpath', '//a[@title="施工图"]/parent::li')成功。
 Fri, 21 Aug 2020 15:06:32  INFO basepage.py click [ line:141 ] 向('xpath', '//a[@title="施工图"]/parent::li')元素点击成功
 Fri, 21 Aug 2020 15:06:33  INFO basepage.py wait_elevisible [ line:40 ] 等待('xpath', '//label[text()="电压等级："]/following-sibling::div')元素可见,耗时0.02564692497253418
 Fri, 21 Aug 2020 15:06:33  INFO basepage.py get_element [ line:73 ] 查找电压等级下拉框的元素('xpath', '//label[text()="电压等级："]/following-sibling::div')成功。
 Fri, 21 Aug 2020 15:06:33  INFO basepage.py click [ line:141 ] 向('xpath', '//label[text()="电压等级："]/following-sibling::div')元素点击成功
 Fri, 21 Aug 2020 15:06:33  INFO basepage.py wait_elevisible [ line:40 ] 等待('xpath', '//a[@title="35kV"]/parent::li')元素可见,耗时0.02264857292175293
 Fri, 21 Aug 2020 15:06:33  INFO basepage.py get_element [ line:73 ] 查找电压等级选择35kv的元素('xpath', '//a[@title="35kV"]/parent::li')成功。
 Fri, 21 Aug 2020 15:06:33  INFO basepage.py click [ line:141 ] 向('xpath', '//a[@title="35kV"]/parent::li')元素点击成功
 Fri, 21 Aug 2020 15:06:34  INFO basepage.py wait_elevisible [ line:40 ] 等待('xpath', '//label[text()="建设性质："]/following-sibling::div')元素可见,耗时0.025893211364746094
 Fri, 21 Aug 2020 15:06:34  INFO basepage.py get_element [ line:73 ] 查找建设性质下拉框的元素('xpath', '//label[text()="建设性质："]/following-sibling::div')成功。
 Fri, 21 Aug 2020 15:06:34  INFO basepage.py click [ line:141 ] 向('xpath', '//label[text()="建设性质："]/following-sibling::div')元素点击成功
 Fri, 21 Aug 2020 15:06:34  INFO basepage.py wait_elevisible [ line:40 ] 等待('xpath', '//a[@title="新版绩效建设性质"]/parent::li')元素可见,耗时0.02094101905822754
 Fri, 21 Aug 2020 15:06:34  INFO basepage.py get_element [ line:73 ] 查找新版绩效建设性质的元素('xpath', '//a[@title="新版绩效建设性质"]/parent::li')成功。
 Fri, 21 Aug 2020 15:06:34  INFO basepage.py click [ line:141 ] 向('xpath', '//a[@title="新版绩效建设性质"]/parent::li')元素点击成功
 Fri, 21 Aug 2020 15:06:35  INFO basepage.py wait_elevisible [ line:40 ] 等待('xpath', '//button[text()="选择成员"]')元素可见,耗时0.01954793930053711
 Fri, 21 Aug 2020 15:06:35  INFO basepage.py get_element [ line:73 ] 查找点击'选择成员'的元素('xpath', '//button[text()="选择成员"]')成功。
 Fri, 21 Aug 2020 15:06:35  INFO basepage.py click [ line:141 ] 向('xpath', '//button[text()="选择成员"]')元素点击成功
 Fri, 21 Aug 2020 15:06:35  INFO basepage.py wait_elevisible [ line:40 ] 等待('xpath', '//li[text()="设总"]')元素可见,耗时0.019527196884155273
 Fri, 21 Aug 2020 15:06:36  INFO basepage.py get_element [ line:73 ] 查找点击'设总'的元素('xpath', '//li[text()="设总"]')成功。
 Fri, 21 Aug 2020 15:06:36  INFO basepage.py click [ line:141 ] 向('xpath', '//li[text()="设总"]')元素点击成功
 Fri, 21 Aug 2020 15:06:36  INFO basepage.py wait_elevisible [ line:40 ] 等待('xpath', '//span[text()="添加成员"]/parent::li')元素可见,耗时0.020671844482421875
 Fri, 21 Aug 2020 15:06:36  INFO basepage.py get_element [ line:73 ] 查找点击'添加成员'的元素('xpath', '//span[text()="添加成员"]/parent::li')成功。
 Fri, 21 Aug 2020 15:06:37  INFO basepage.py click [ line:141 ] 向('xpath', '//span[text()="添加成员"]/parent::li')元素点击成功
 Fri, 21 Aug 2020 15:06:37  INFO basepage.py wait_elevisible [ line:40 ] 等待('xpath', '//input[@id="searchId"]')元素可见,耗时0.0608367919921875
 Fri, 21 Aug 2020 15:06:37  INFO basepage.py get_element [ line:73 ] 查找输入'张无忌'的元素('xpath', '//input[@id="searchId"]')成功。
 Fri, 21 Aug 2020 15:06:38  INFO basepage.py input_text [ line:97 ] 向('xpath', '//input[@id="searchId"]')元素输入张无忌成功
 Fri, 21 Aug 2020 15:06:38  INFO basepage.py wait_elevisible [ line:40 ] 等待('xpath', '//input[@id="searchId"]')元素可见,耗时0.028921127319335938
 Fri, 21 Aug 2020 15:06:38  INFO basepage.py get_element [ line:73 ] 查找的元素('xpath', '//input[@id="searchId"]')成功。
 Fri, 21 Aug 2020 15:06:39  INFO basepage.py input_text [ line:97 ] 向('xpath', '//input[@id="searchId"]')元素输入成功
 Fri, 21 Aug 2020 15:06:39  INFO basepage.py wait_elevisible [ line:40 ] 等待('xpath', '//a[@title="张无忌"]/parent::li/span[@class="button chk checkbox_false_full"]')元素可见,耗时0.023901939392089844
 Fri, 21 Aug 2020 15:06:39  INFO basepage.py get_element [ line:73 ] 查找勾选张无忌的元素('xpath', '//a[@title="张无忌"]/parent::li/span[@class="button chk checkbox_false_full"]')成功。
 Fri, 21 Aug 2020 15:06:39  INFO basepage.py click [ line:141 ] 向('xpath', '//a[@title="张无忌"]/parent::li/span[@class="button chk checkbox_false_full"]')元素点击成功
 Fri, 21 Aug 2020 15:06:40  INFO basepage.py wait_elevisible [ line:40 ] 等待('xpath', '//button[text()="确定"]')元素可见,耗时0.023675203323364258
 Fri, 21 Aug 2020 15:06:40  INFO basepage.py get_element [ line:73 ] 查找点击'确定'按钮的元素('xpath', '//button[text()="确定"]')成功。
 Fri, 21 Aug 2020 15:06:40  INFO basepage.py click [ line:141 ] 向('xpath', '//button[text()="确定"]')元素点击成功
 Fri, 21 Aug 2020 15:06:41  INFO basepage.py wait_elevisible [ line:40 ] 等待('xpath', '//span[text()="添加成员"]/parent::li')元素可见,耗时0.02592921257019043
 Fri, 21 Aug 2020 15:06:41  INFO basepage.py get_element [ line:73 ] 查找点击'添加成员'的元素('xpath', '//span[text()="添加成员"]/parent::li')成功。
 Fri, 21 Aug 2020 15:06:41  INFO basepage.py click [ line:141 ] 向('xpath', '//span[text()="添加成员"]/parent::li')元素点击成功
 Fri, 21 Aug 2020 15:06:41  INFO basepage.py wait_elevisible [ line:40 ] 等待('xpath', '//a[@title="海清"]/parent::li/span[@class="button chk checkbox_false_full"]')元素可见,耗时0.027920246124267578
 Fri, 21 Aug 2020 15:06:41  INFO basepage.py get_element [ line:73 ] 查找勾选海清的元素('xpath', '//a[@title="海清"]/parent::li/span[@class="button chk checkbox_false_full"]')成功。
 Fri, 21 Aug 2020 15:06:42  INFO basepage.py click [ line:141 ] 向('xpath', '//a[@title="海清"]/parent::li/span[@class="button chk checkbox_false_full"]')元素点击成功
 Fri, 21 Aug 2020 15:06:42  INFO basepage.py wait_elevisible [ line:40 ] 等待('xpath', '//button[text()="确定"]')元素可见,耗时0.017592668533325195
 Fri, 21 Aug 2020 15:06:42  INFO basepage.py get_element [ line:73 ] 查找点击'确定'按钮的元素('xpath', '//button[text()="确定"]')成功。
 Fri, 21 Aug 2020 15:06:42  INFO basepage.py click [ line:141 ] 向('xpath', '//button[text()="确定"]')元素点击成功
 Fri, 21 Aug 2020 15:06:43  INFO basepage.py wait_elevisible [ line:40 ] 等待('xpath', '//li[text()="总工"]')元素可见,耗时0.020637989044189453
 Fri, 21 Aug 2020 15:06:43  INFO basepage.py get_element [ line:73 ] 查找点击'总工'的元素('xpath', '//li[text()="总工"]')成功。
 Fri, 21 Aug 2020 15:06:43  INFO basepage.py click [ line:141 ] 向('xpath', '//li[text()="总工"]')元素点击成功
 Fri, 21 Aug 2020 15:06:43  INFO basepage.py wait_elevisible [ line:40 ] 等待('xpath', '//span[text()="添加成员"]/parent::li')元素可见,耗时0.015630483627319336
 Fri, 21 Aug 2020 15:06:43  INFO basepage.py get_element [ line:73 ] 查找点击'添加成员'的元素('xpath', '//span[text()="添加成员"]/parent::li')成功。
 Fri, 21 Aug 2020 15:06:44  INFO basepage.py click [ line:141 ] 向('xpath', '//span[text()="添加成员"]/parent::li')元素点击成功
 Fri, 21 Aug 2020 15:06:44  INFO basepage.py wait_elevisible [ line:40 ] 等待('xpath', '//a[@title="海若梦"]/parent::li/span[@class="button chk checkbox_false_full"]')元素可见,耗时0.023522615432739258
 Fri, 21 Aug 2020 15:06:44  INFO basepage.py get_element [ line:73 ] 查找勾选'海若梦'的元素('xpath', '//a[@title="海若梦"]/parent::li/span[@class="button chk checkbox_false_full"]')成功。
 Fri, 21 Aug 2020 15:06:44  INFO basepage.py click [ line:141 ] 向('xpath', '//a[@title="海若梦"]/parent::li/span[@class="button chk checkbox_false_full"]')元素点击成功
 Fri, 21 Aug 2020 15:06:45  INFO basepage.py wait_elevisible [ line:40 ] 等待('xpath', '//a[@title="徐洪雷（恒华）"]/parent::li/span[@class="button chk checkbox_false_full"]')元素可见,耗时0.025658369064331055
 Fri, 21 Aug 2020 15:06:45  INFO basepage.py get_element [ line:73 ] 查找勾选徐鸿磊的元素('xpath', '//a[@title="徐洪雷（恒华）"]/parent::li/span[@class="button chk checkbox_false_full"]')成功。
 Fri, 21 Aug 2020 15:06:45  INFO basepage.py click [ line:141 ] 向('xpath', '//a[@title="徐洪雷（恒华）"]/parent::li/span[@class="button chk checkbox_false_full"]')元素点击成功
 Fri, 21 Aug 2020 15:06:45  INFO basepage.py wait_elevisible [ line:40 ] 等待('xpath', '//button[text()="确定"]')元素可见,耗时0.028674840927124023
 Fri, 21 Aug 2020 15:06:45  INFO basepage.py get_element [ line:73 ] 查找点击'确定'按钮的元素('xpath', '//button[text()="确定"]')成功。
 Fri, 21 Aug 2020 15:06:45  INFO basepage.py click [ line:141 ] 向('xpath', '//button[text()="确定"]')元素点击成功
 Fri, 21 Aug 2020 15:06:46  INFO basepage.py wait_elevisible [ line:40 ] 等待('xpath', '//button[text()="确定"]')元素可见,耗时0.02566361427307129
 Fri, 21 Aug 2020 15:06:46  INFO basepage.py get_element [ line:73 ] 查找点击'确定'按钮的元素('xpath', '//button[text()="确定"]')成功。
 Fri, 21 Aug 2020 15:06:46  INFO basepage.py click [ line:141 ] 向('xpath', '//button[text()="确定"]')元素点击成功
 Fri, 21 Aug 2020 15:06:46  INFO basepage.py wait_elevisible [ line:40 ] 等待('xpath', '//button[text()="设置节点"]')元素可见,耗时0.023614168167114258
 Fri, 21 Aug 2020 15:06:46  INFO basepage.py get_element [ line:73 ] 查找点击'设置节点'的元素('xpath', '//button[text()="设置节点"]')成功。
 Fri, 21 Aug 2020 15:06:47  INFO basepage.py click [ line:141 ] 向('xpath', '//button[text()="设置节点"]')元素点击成功
 Fri, 21 Aug 2020 15:06:47  INFO basepage.py wait_elevisible [ line:40 ] 等待('xpath', '//span[@id="team-tree3_2_check"]')元素可见,耗时0.03187704086303711
 Fri, 21 Aug 2020 15:06:47  INFO basepage.py get_element [ line:73 ] 查找勾选'01-设计输入资料'的元素('xpath', '//span[@id="team-tree3_2_check"]')成功。
 Fri, 21 Aug 2020 15:06:47  INFO basepage.py click [ line:141 ] 向('xpath', '//span[@id="team-tree3_2_check"]')元素点击成功
 Fri, 21 Aug 2020 15:06:48  INFO basepage.py wait_elevisible [ line:40 ] 等待('xpath', '//a[@id="team-tree3_2_a"]//b')元素可见,耗时0.02859783172607422
 Fri, 21 Aug 2020 15:06:48  INFO basepage.py get_element [ line:73 ] 查找点击'01-设计输入资料--选择'的元素('xpath', '//a[@id="team-tree3_2_a"]//b')成功。
 Fri, 21 Aug 2020 15:06:48  INFO basepage.py click [ line:141 ] 向('xpath', '//a[@id="team-tree3_2_a"]//b')元素点击成功
 Fri, 21 Aug 2020 15:06:48  INFO basepage.py wait_elevisible [ line:40 ] 等待('xpath', '//span[@id="team-tree1_4_check"]')元素可见,耗时0.024671077728271484
 Fri, 21 Aug 2020 15:06:48  INFO basepage.py get_element [ line:73 ] 查找勾选'海清'的元素('xpath', '//span[@id="team-tree1_4_check"]')成功。
 Fri, 21 Aug 2020 15:06:48  INFO basepage.py click [ line:141 ] 向('xpath', '//span[@id="team-tree1_4_check"]')元素点击成功
 Fri, 21 Aug 2020 15:06:49  INFO basepage.py wait_elevisible [ line:40 ] 等待('xpath', '//button[text()="确定"]')元素可见,耗时0.016565799713134766
 Fri, 21 Aug 2020 15:06:49  INFO basepage.py get_element [ line:73 ] 查找点击'确定'的元素('xpath', '//button[text()="确定"]')成功。
 Fri, 21 Aug 2020 15:06:49  INFO basepage.py click [ line:141 ] 向('xpath', '//button[text()="确定"]')元素点击成功
 Fri, 21 Aug 2020 15:06:50  INFO basepage.py wait_elevisible [ line:40 ] 等待('xpath', '//button[text()="确定"]')元素可见,耗时0.025663137435913086
 Fri, 21 Aug 2020 15:06:50  INFO basepage.py get_element [ line:73 ] 查找点击'确定'的元素('xpath', '//button[text()="确定"]')成功。
 Fri, 21 Aug 2020 15:06:50  INFO basepage.py click [ line:141 ] 向('xpath', '//button[text()="确定"]')元素点击成功
 Fri, 21 Aug 2020 15:06:50  INFO basepage.py wait_elevisible [ line:40 ] 等待('xpath', '//span[text()="设计费："]/parent::li//input')元素可见,耗时0.019945383071899414
 Fri, 21 Aug 2020 15:06:50  INFO basepage.py get_element [ line:73 ] 查找清出设计费默认值的元素('xpath', '//span[text()="设计费："]/parent::li//input')成功。
 Fri, 21 Aug 2020 15:06:50  INFO basepage.py clear_text [ line:119 ] 清除('xpath', '//span[text()="设计费："]/parent::li//input')内容成功
 Fri, 21 Aug 2020 15:06:50  INFO basepage.py wait_elevisible [ line:40 ] 等待('xpath', '//span[text()="设计费："]/parent::li//input')元素可见,耗时0.019945383071899414
 Fri, 21 Aug 2020 15:06:50  INFO basepage.py get_element [ line:73 ] 查找设计费输入50的元素('xpath', '//span[text()="设计费："]/parent::li//input')成功。
 Fri, 21 Aug 2020 15:06:50  INFO basepage.py input_text [ line:97 ] 向('xpath', '//span[text()="设计费："]/parent::li//input')元素输入50成功
 Fri, 21 Aug 2020 15:06:51  INFO basepage.py wait_elevisible [ line:40 ] 等待('xpath', '//label[text()="设计校审"]/span')元素可见,耗时0.023675918579101562
 Fri, 21 Aug 2020 15:06:51  INFO basepage.py get_element [ line:73 ] 查找勾选'设计校审'的元素('xpath', '//label[text()="设计校审"]/span')成功。
 Fri, 21 Aug 2020 15:06:51  INFO basepage.py click [ line:141 ] 向('xpath', '//label[text()="设计校审"]/span')元素点击成功
 Fri, 21 Aug 2020 15:06:51  INFO basepage.py wait_elevisible [ line:40 ] 等待('xpath', '//div[@id="children-span"]/div[@class="su_form_control su_select_box"]')元素可见,耗时0.018949508666992188
 Fri, 21 Aug 2020 15:06:51  INFO basepage.py get_element [ line:73 ] 查找点击标准校审级别的元素('xpath', '//div[@id="children-span"]/div[@class="su_form_control su_select_box"]')成功。
 Fri, 21 Aug 2020 15:06:51  INFO basepage.py click [ line:141 ] 向('xpath', '//div[@id="children-span"]/div[@class="su_form_control su_select_box"]')元素点击成功
 Fri, 21 Aug 2020 15:06:52  INFO basepage.py wait_elevisible [ line:40 ] 等待('xpath', '//a[@title="无"]')元素可见,耗时0.020581483840942383
 Fri, 21 Aug 2020 15:06:52  INFO basepage.py get_element [ line:73 ] 查找选择无的元素('xpath', '//a[@title="无"]')成功。
 Fri, 21 Aug 2020 15:06:52  INFO basepage.py click [ line:141 ] 向('xpath', '//a[@title="无"]')元素点击成功
 Fri, 21 Aug 2020 15:06:52  INFO basepage.py wait_elevisible [ line:40 ] 等待('xpath', '//span[text()="—"]/preceding-sibling::div')元素可见,耗时0.03164482116699219
 Fri, 21 Aug 2020 15:06:52  INFO basepage.py get_element [ line:73 ] 查找点击'开始时间'的元素('xpath', '//span[text()="—"]/preceding-sibling::div')成功。
 Fri, 21 Aug 2020 15:06:52  INFO basepage.py click [ line:141 ] 向('xpath', '//span[text()="—"]/preceding-sibling::div')元素点击成功
 Fri, 21 Aug 2020 15:06:53  INFO basepage.py wait_elevisible [ line:40 ] 等待('xpath', '//span[text()="—"]/preceding-sibling::div//span[text()="确定"]')元素可见,耗时0.022567033767700195
 Fri, 21 Aug 2020 15:06:53  INFO basepage.py get_element [ line:73 ] 查找点击'确定'的元素('xpath', '//span[text()="—"]/preceding-sibling::div//span[text()="确定"]')成功。
 Fri, 21 Aug 2020 15:06:53  INFO basepage.py click [ line:141 ] 向('xpath', '//span[text()="—"]/preceding-sibling::div//span[text()="确定"]')元素点击成功
 Fri, 21 Aug 2020 15:06:53  INFO basepage.py wait_elevisible [ line:40 ] 等待('xpath', '//span[text()="—"]/following-sibling::div')元素可见,耗时0.01957988739013672
 Fri, 21 Aug 2020 15:06:53  INFO basepage.py get_element [ line:73 ] 查找点击'结束时间'的元素('xpath', '//span[text()="—"]/following-sibling::div')成功。
 Fri, 21 Aug 2020 15:06:53  INFO basepage.py click [ line:141 ] 向('xpath', '//span[text()="—"]/following-sibling::div')元素点击成功
 Fri, 21 Aug 2020 15:06:54  INFO basepage.py wait_elevisible [ line:40 ] 等待('xpath', '//span[text()="—"]/following-sibling::div//span[text()="确定"]')元素可见,耗时0.053574562072753906
 Fri, 21 Aug 2020 15:06:54  INFO basepage.py get_element [ line:73 ] 查找点击'确定'的元素('xpath', '//span[text()="—"]/following-sibling::div//span[text()="确定"]')成功。
 Fri, 21 Aug 2020 15:06:54  INFO basepage.py click [ line:141 ] 向('xpath', '//span[text()="—"]/following-sibling::div//span[text()="确定"]')元素点击成功
 Fri, 21 Aug 2020 15:06:55  INFO basepage.py wait_elevisible [ line:40 ] 等待('xpath', '//button[text()="创建"]')元素可见,耗时0.019529342651367188
 Fri, 21 Aug 2020 15:06:55  INFO basepage.py get_element [ line:73 ] 查找点击'创建'的元素('xpath', '//button[text()="创建"]')成功。
 Fri, 21 Aug 2020 15:06:55  INFO basepage.py click [ line:141 ] 向('xpath', '//button[text()="创建"]')元素点击成功
 Fri, 21 Aug 2020 15:07:58  ERROR basepage.py wait_elevisible [ line:34 ] 等待('xpath', '//a[contains(text(),"共")]')元素可见超时
Traceback (most recent call last):
  File "C:\Users\张少敬\Desktop\dhvirtest\Design_institute_1.4\Common\basepage.py", line 32, in wait_elevisible
    WebDriverWait(self.driver,timeout,frequency).until(EC.visibility_of_element_located(loc))
  File "D:\Python\lib\site-packages\selenium\webdriver\support\wait.py", line 80, in until
    raise TimeoutException(message, screen, stacktrace)
selenium.common.exceptions.TimeoutException: Message: 

 Fri, 21 Aug 2020 15:07:58  INFO basepage.py do_save_screenshot [ line:261 ] 网页截图成功，存储路径为C:\Users\张少敬\Desktop\dhvirtest\Design_institute_1.4\Outputs/screenshots/获取共XX行_20200821150758.png
 Fri, 21 Aug 2020 15:08:59  ERROR basepage.py wait_elevisible [ line:34 ] 等待('xpath', '//div[@class="pjlist-box mt-10"][1]//div[@class="left"]//span[@class="prls-icon"]/following-sibling::span[1]')元素可见超时
Traceback (most recent call last):
  File "C:\Users\张少敬\Desktop\dhvirtest\Design_institute_1.4\Common\basepage.py", line 32, in wait_elevisible
    WebDriverWait(self.driver,timeout,frequency).until(EC.visibility_of_element_located(loc))
  File "D:\Python\lib\site-packages\selenium\webdriver\support\wait.py", line 80, in until
    raise TimeoutException(message, screen, stacktrace)
selenium.common.exceptions.TimeoutException: Message: 

 Fri, 21 Aug 2020 15:08:59  INFO basepage.py do_save_screenshot [ line:261 ] 网页截图成功，存储路径为C:\Users\张少敬\Desktop\dhvirtest\Design_institute_1.4\Outputs/screenshots/获取第一个项目名称_20200821150859.png
 Fri, 21 Aug 2020 15:09:00  INFO basepage.py wait_elevisible [ line:40 ] 等待('xpath', '//input[@id="loginName"]')元素可见,耗时0.027924060821533203
 Fri, 21 Aug 2020 15:09:00  INFO basepage.py get_element [ line:73 ] 查找清空用户名输入框的元素('xpath', '//input[@id="loginName"]')成功。
 Fri, 21 Aug 2020 15:09:00  INFO basepage.py clear_text [ line:119 ] 清除('xpath', '//input[@id="loginName"]')内容成功
 Fri, 21 Aug 2020 15:09:00  INFO basepage.py wait_elevisible [ line:40 ] 等待('xpath', '//input[@id="loginName"]')元素可见,耗时0.016954660415649414
 Fri, 21 Aug 2020 15:09:00  INFO basepage.py get_element [ line:73 ] 查找输入用户名的元素('xpath', '//input[@id="loginName"]')成功。
 Fri, 21 Aug 2020 15:09:00  INFO basepage.py input_text [ line:97 ] 向('xpath', '//input[@id="loginName"]')元素输入18600982461成功
 Fri, 21 Aug 2020 15:09:00  INFO basepage.py wait_elevisible [ line:40 ] 等待('xpath', '//input[@id="password"]')元素可见,耗时0.017951488494873047
 Fri, 21 Aug 2020 15:09:00  INFO basepage.py get_element [ line:73 ] 查找清空用户名输入框的元素('xpath', '//input[@id="password"]')成功。
 Fri, 21 Aug 2020 15:09:01  INFO basepage.py clear_text [ line:119 ] 清除('xpath', '//input[@id="password"]')内容成功
 Fri, 21 Aug 2020 15:09:01  INFO basepage.py wait_elevisible [ line:40 ] 等待('xpath', '//input[@id="password"]')元素可见,耗时0.028919458389282227
 Fri, 21 Aug 2020 15:09:01  INFO basepage.py get_element [ line:73 ] 查找输入密码的元素('xpath', '//input[@id="password"]')成功。
 Fri, 21 Aug 2020 15:09:01  INFO basepage.py input_text [ line:97 ] 向('xpath', '//input[@id="password"]')元素输入123456成功
 Fri, 21 Aug 2020 15:09:01  INFO basepage.py wait_elevisible [ line:40 ] 等待('xpath', '//span[@id="button"]')元素可见,耗时0.02493143081665039
 Fri, 21 Aug 2020 15:09:01  INFO basepage.py get_element [ line:73 ] 查找点击登陆按钮的元素('xpath', '//span[@id="button"]')成功。
 Fri, 21 Aug 2020 15:09:01  INFO basepage.py click [ line:141 ] 向('xpath', '//span[@id="button"]')元素点击成功
 Fri, 21 Aug 2020 15:09:06  INFO basepage.py wait_elevisible [ line:40 ] 等待('xpath', '//span[text()="系统管理"]')元素可见,耗时0.02569413185119629
 Fri, 21 Aug 2020 15:09:06  INFO basepage.py get_element [ line:73 ] 查找点击系统管理的元素('xpath', '//span[text()="系统管理"]')成功。
 Fri, 21 Aug 2020 15:09:06  INFO basepage.py click [ line:141 ] 向('xpath', '//span[text()="系统管理"]')元素点击成功
 Fri, 21 Aug 2020 15:09:06  INFO basepage.py wait_elevisible [ line:40 ] 等待('xpath', '//a[text()="工日管理"]')元素可见,耗时0.01873946189880371
 Fri, 21 Aug 2020 15:09:06  INFO basepage.py get_element [ line:73 ] 查找点击工日管理的元素('xpath', '//a[text()="工日管理"]')成功。
 Fri, 21 Aug 2020 15:09:06  INFO basepage.py click_by_js [ line:163 ] 向('xpath', '//a[text()="工日管理"]')元素点击成功
 Fri, 21 Aug 2020 15:09:07  INFO basepage.py wait_elevisible [ line:40 ] 等待('xpath', '//label[text()="质量评定管理"]')元素可见,耗时0.02194380760192871
 Fri, 21 Aug 2020 15:09:07  INFO basepage.py get_element [ line:73 ] 查找点击质量评定管理的元素('xpath', '//label[text()="质量评定管理"]')成功。
 Fri, 21 Aug 2020 15:09:07  INFO basepage.py click_by_js [ line:163 ] 向('xpath', '//label[text()="质量评定管理"]')元素点击成功
 Fri, 21 Aug 2020 15:09:08  INFO basepage.py wait_elevisible [ line:40 ] 等待('xpath', '//div[@id="projectType_chosen"]//b')元素可见,耗时0.01994609832763672
 Fri, 21 Aug 2020 15:09:08  INFO basepage.py get_element [ line:73 ] 查找点击项目类型下拉框的元素('xpath', '//div[@id="projectType_chosen"]//b')成功。
 Fri, 21 Aug 2020 15:09:08  INFO basepage.py click [ line:141 ] 向('xpath', '//div[@id="projectType_chosen"]//b')元素点击成功
 Fri, 21 Aug 2020 15:09:08  INFO basepage.py wait_elevisible [ line:40 ] 等待('xpath', '//div[@id="projectType_chosen"]//div[@class="chosen-search"]//input[@type="text"]')元素可见,耗时0.022938251495361328
 Fri, 21 Aug 2020 15:09:08  INFO basepage.py get_element [ line:73 ] 查找输入工程名称的元素('xpath', '//div[@id="projectType_chosen"]//div[@class="chosen-search"]//input[@type="text"]')成功。
 Fri, 21 Aug 2020 15:09:08  INFO basepage.py input_text [ line:97 ] 向('xpath', '//div[@id="projectType_chosen"]//div[@class="chosen-search"]//input[@type="text"]')元素输入线路工程 成功
 Fri, 21 Aug 2020 15:09:08  INFO basepage.py wait_elevisible [ line:40 ] 等待('xpath', '//div[@id="projectType_chosen"]//div[@class="chosen-search"]//input[@type="text"]')元素可见,耗时0.017984390258789062
 Fri, 21 Aug 2020 15:09:08  INFO basepage.py get_element [ line:73 ] 查找输入框点回车键的元素('xpath', '//div[@id="projectType_chosen"]//div[@class="chosen-search"]//input[@type="text"]')成功。
 Fri, 21 Aug 2020 15:09:08  INFO basepage.py input_text [ line:97 ] 向('xpath', '//div[@id="projectType_chosen"]//div[@class="chosen-search"]//input[@type="text"]')元素输入成功
 Fri, 21 Aug 2020 15:09:08  INFO basepage.py wait_elevisible [ line:40 ] 等待('xpath', '//select[@id="yesOrNo"]/following-sibling::div//b')元素可见,耗时0.022666215896606445
 Fri, 21 Aug 2020 15:09:08  INFO basepage.py get_element [ line:73 ] 查找点击是否参与的元素('xpath', '//select[@id="yesOrNo"]/following-sibling::div//b')成功。
 Fri, 21 Aug 2020 15:09:08  INFO basepage.py click [ line:141 ] 向('xpath', '//select[@id="yesOrNo"]/following-sibling::div//b')元素点击成功
 Fri, 21 Aug 2020 15:09:08  INFO basepage.py wait_elevisible [ line:40 ] 等待('xpath', '//div[@id="yesOrNo_chosen"]//input')元素可见,耗时0.023936748504638672
 Fri, 21 Aug 2020 15:09:08  INFO basepage.py get_element [ line:73 ] 查找的元素('xpath', '//div[@id="yesOrNo_chosen"]//input')成功。
 Fri, 21 Aug 2020 15:09:08  INFO basepage.py input_text [ line:97 ] 向('xpath', '//div[@id="yesOrNo_chosen"]//input')元素输入是 成功
 Fri, 21 Aug 2020 15:09:08  INFO basepage.py wait_elevisible [ line:40 ] 等待('xpath', '//div[@id="yesOrNo_chosen"]//input')元素可见,耗时0.01595759391784668
 Fri, 21 Aug 2020 15:09:08  INFO basepage.py get_element [ line:73 ] 查找输入框点回车键的元素('xpath', '//div[@id="yesOrNo_chosen"]//input')成功。
 Fri, 21 Aug 2020 15:09:09  INFO basepage.py input_text [ line:97 ] 向('xpath', '//div[@id="yesOrNo_chosen"]//input')元素输入成功
 Fri, 21 Aug 2020 15:09:09  INFO basepage.py wait_elevisible [ line:40 ] 等待('xpath', '//span[text()="保存"]')元素可见,耗时0.026667356491088867
 Fri, 21 Aug 2020 15:09:09  INFO basepage.py get_element [ line:73 ] 查找点击保存按钮的元素('xpath', '//span[text()="保存"]')成功。
 Fri, 21 Aug 2020 15:09:09  INFO basepage.py click [ line:141 ] 向('xpath', '//span[text()="保存"]')元素点击成功
 Fri, 21 Aug 2020 15:09:10  INFO basepage.py wait_elevisible [ line:40 ] 等待('xpath', '//span[@class="label label-warning"]')元素可见,耗时0.5325756072998047
 Fri, 21 Aug 2020 15:09:10  INFO basepage.py get_element [ line:73 ] 查找获取保存成功提示语的元素('xpath', '//span[@class="label label-warning"]')成功。
 Fri, 21 Aug 2020 15:09:10  INFO basepage.py get_element_text [ line:184 ] 获取('xpath', '//span[@class="label label-warning"]')元素文本值成功
 Fri, 21 Aug 2020 15:09:10  INFO basepage.py wait_elevisible [ line:40 ] 等待('xpath', '//span[text()="系统管理"]')元素可见,耗时0.0175931453704834
 Fri, 21 Aug 2020 15:09:10  INFO basepage.py get_element [ line:73 ] 查找点击系统管理的元素('xpath', '//span[text()="系统管理"]')成功。
 Fri, 21 Aug 2020 15:09:10  INFO basepage.py click [ line:141 ] 向('xpath', '//span[text()="系统管理"]')元素点击成功
 Fri, 21 Aug 2020 15:09:11  INFO basepage.py wait_elevisible [ line:40 ] 等待('xpath', '//a[text()="工日管理"]')元素可见,耗时0.025724172592163086
 Fri, 21 Aug 2020 15:09:11  INFO basepage.py get_element [ line:73 ] 查找点击工日管理的元素('xpath', '//a[text()="工日管理"]')成功。
 Fri, 21 Aug 2020 15:09:11  INFO basepage.py click_by_js [ line:163 ] 向('xpath', '//a[text()="工日管理"]')元素点击成功
 Fri, 21 Aug 2020 15:09:12  INFO basepage.py wait_elevisible [ line:40 ] 等待('xpath', '//label[text()="质量评定管理"]')元素可见,耗时0.026652812957763672
 Fri, 21 Aug 2020 15:09:12  INFO basepage.py get_element [ line:73 ] 查找点击质量评定管理的元素('xpath', '//label[text()="质量评定管理"]')成功。
 Fri, 21 Aug 2020 15:09:12  INFO basepage.py click_by_js [ line:163 ] 向('xpath', '//label[text()="质量评定管理"]')元素点击成功
 Fri, 21 Aug 2020 15:09:12  INFO basepage.py wait_elevisible [ line:40 ] 等待('xpath', '//div[@id="projectType_chosen"]//b')元素可见,耗时0.025683164596557617
 Fri, 21 Aug 2020 15:09:12  INFO basepage.py get_element [ line:73 ] 查找点击项目类型下拉框的元素('xpath', '//div[@id="projectType_chosen"]//b')成功。
 Fri, 21 Aug 2020 15:09:12  INFO basepage.py click [ line:141 ] 向('xpath', '//div[@id="projectType_chosen"]//b')元素点击成功
 Fri, 21 Aug 2020 15:09:12  INFO basepage.py wait_elevisible [ line:40 ] 等待('xpath', '//div[@id="projectType_chosen"]//div[@class="chosen-search"]//input[@type="text"]')元素可见,耗时0.0189516544342041
 Fri, 21 Aug 2020 15:09:12  INFO basepage.py get_element [ line:73 ] 查找输入工程名称的元素('xpath', '//div[@id="projectType_chosen"]//div[@class="chosen-search"]//input[@type="text"]')成功。
 Fri, 21 Aug 2020 15:09:12  INFO basepage.py input_text [ line:97 ] 向('xpath', '//div[@id="projectType_chosen"]//div[@class="chosen-search"]//input[@type="text"]')元素输入线路工程 成功
 Fri, 21 Aug 2020 15:09:12  INFO basepage.py wait_elevisible [ line:40 ] 等待('xpath', '//div[@id="projectType_chosen"]//div[@class="chosen-search"]//input[@type="text"]')元素可见,耗时0.012965202331542969
 Fri, 21 Aug 2020 15:09:12  INFO basepage.py get_element [ line:73 ] 查找输入框点回车键的元素('xpath', '//div[@id="projectType_chosen"]//div[@class="chosen-search"]//input[@type="text"]')成功。
 Fri, 21 Aug 2020 15:09:12  INFO basepage.py input_text [ line:97 ] 向('xpath', '//div[@id="projectType_chosen"]//div[@class="chosen-search"]//input[@type="text"]')元素输入成功
 Fri, 21 Aug 2020 15:09:14  INFO basepage.py wait_elevisible [ line:40 ] 等待('xpath', '//div[@id="yesOrNo_chosen"]//a[@class="chosen-single"]')元素可见,耗时0.020589113235473633
 Fri, 21 Aug 2020 15:09:14  INFO basepage.py get_element [ line:73 ] 查找获取是否参与提示文本的元素('xpath', '//div[@id="yesOrNo_chosen"]//a[@class="chosen-single"]')成功。
 Fri, 21 Aug 2020 15:09:14  INFO basepage.py get_element_text [ line:184 ] 获取('xpath', '//div[@id="yesOrNo_chosen"]//a[@class="chosen-single"]')元素文本值成功
 Fri, 21 Aug 2020 15:09:15  INFO basepage.py wait_elevisible [ line:40 ] 等待('xpath', '//input[@id="loginName"]')元素可见,耗时0.15358376502990723
 Fri, 21 Aug 2020 15:09:15  INFO basepage.py get_element [ line:73 ] 查找输入用户名的元素('xpath', '//input[@id="loginName"]')成功。
 Fri, 21 Aug 2020 15:09:15  INFO basepage.py input_text [ line:97 ] 向('xpath', '//input[@id="loginName"]')元素输入18612356691成功
 Fri, 21 Aug 2020 15:09:15  INFO basepage.py wait_elevisible [ line:40 ] 等待('xpath', '//input[@id="password"]')元素可见,耗时0.020947694778442383
 Fri, 21 Aug 2020 15:09:15  INFO basepage.py get_element [ line:73 ] 查找输入密码的元素('xpath', '//input[@id="password"]')成功。
 Fri, 21 Aug 2020 15:09:15  INFO basepage.py input_text [ line:97 ] 向('xpath', '//input[@id="password"]')元素输入123456成功
 Fri, 21 Aug 2020 15:09:16  INFO basepage.py wait_elevisible [ line:40 ] 等待('xpath', '//li[@class="cp"]')元素可见,耗时0.019572019577026367
 Fri, 21 Aug 2020 15:09:16  INFO basepage.py get_element [ line:73 ] 查找登陆的元素('xpath', '//li[@class="cp"]')成功。
 Fri, 21 Aug 2020 15:09:16  INFO basepage.py click [ line:141 ] 向('xpath', '//li[@class="cp"]')元素点击成功
 Fri, 21 Aug 2020 15:09:17  INFO basepage.py wait_elevisible [ line:40 ] 等待('xpath', '//span[contains(text(),"我的工作")]/parent::a')元素可见,耗时0.435575008392334
 Fri, 21 Aug 2020 15:09:17  INFO basepage.py get_element [ line:73 ] 查找点击'我的工作'的元素('xpath', '//span[contains(text(),"我的工作")]/parent::a')成功。
 Fri, 21 Aug 2020 15:09:17  INFO basepage.py click [ line:141 ] 向('xpath', '//span[contains(text(),"我的工作")]/parent::a')元素点击成功
 Fri, 21 Aug 2020 15:09:17  INFO basepage.py wait_elevisible [ line:40 ] 等待('xpath', '//span[text()="校审"]/parent::a')元素可见,耗时0.02283763885498047
 Fri, 21 Aug 2020 15:09:17  INFO basepage.py get_element [ line:73 ] 查找点击'校审'的元素('xpath', '//span[text()="校审"]/parent::a')成功。
 Fri, 21 Aug 2020 15:09:17  INFO basepage.py click [ line:141 ] 向('xpath', '//span[text()="校审"]/parent::a')元素点击成功
 Fri, 21 Aug 2020 15:09:19  INFO basepage.py wait_elevisible [ line:40 ] 等待('xpath', '//p[contains(text(),"无匹配")]')元素可见,耗时0.0238492488861084
 Fri, 21 Aug 2020 15:09:19  INFO basepage.py get_element [ line:73 ] 查找流程为空提示语的元素('xpath', '//p[contains(text(),"无匹配")]')成功。
 Fri, 21 Aug 2020 15:09:19  INFO basepage.py get_element_text [ line:184 ] 获取('xpath', '//p[contains(text(),"无匹配")]')元素文本值成功
 Fri, 21 Aug 2020 15:09:20  INFO basepage.py wait_elevisible [ line:40 ] 等待('xpath', '//span[contains(text(),"发起流程")]')元素可见,耗时0.022670507431030273
 Fri, 21 Aug 2020 15:09:20  INFO basepage.py get_element [ line:73 ] 查找点击'发起流程'的元素('xpath', '//span[contains(text(),"发起流程")]')成功。
 Fri, 21 Aug 2020 15:09:20  INFO basepage.py click [ line:141 ] 向('xpath', '//span[contains(text(),"发起流程")]')元素点击成功
 Fri, 21 Aug 2020 15:09:21  INFO basepage.py wait_elevisible [ line:40 ] 等待('xpath', '//label[contains(text(),"所属项目")]/following-sibling::div//span[text()="选择"]')元素可见,耗时0.08138418197631836
 Fri, 21 Aug 2020 15:09:21  INFO basepage.py get_element [ line:73 ] 查找选择项目的元素('xpath', '//label[contains(text(),"所属项目")]/following-sibling::div//span[text()="选择"]')成功。
 Fri, 21 Aug 2020 15:09:21  INFO basepage.py click [ line:141 ] 向('xpath', '//label[contains(text(),"所属项目")]/following-sibling::div//span[text()="选择"]')元素点击成功
 Fri, 21 Aug 2020 15:10:22  ERROR basepage.py wait_elevisible [ line:34 ] 等待('xpath', '//div[contains(text(),"测试_线路工程")]/parent::td/parent::tr')元素可见超时
Traceback (most recent call last):
  File "C:\Users\张少敬\Desktop\dhvirtest\Design_institute_1.4\Common\basepage.py", line 32, in wait_elevisible
    WebDriverWait(self.driver,timeout,frequency).until(EC.visibility_of_element_located(loc))
  File "D:\Python\lib\site-packages\selenium\webdriver\support\wait.py", line 80, in until
    raise TimeoutException(message, screen, stacktrace)
selenium.common.exceptions.TimeoutException: Message: 

 Fri, 21 Aug 2020 15:10:22  INFO basepage.py do_save_screenshot [ line:261 ] 网页截图成功，存储路径为C:\Users\张少敬\Desktop\dhvirtest\Design_institute_1.4\Outputs/screenshots/选择'线路工程'_20200821151022.png
 Fri, 21 Aug 2020 15:10:23  INFO basepage.py wait_elevisible [ line:40 ] 等待('xpath', '//span[text()="退出"]/parent::a')元素可见,耗时0.39992809295654297
 Fri, 21 Aug 2020 15:10:23  INFO basepage.py get_element [ line:73 ] 查找退出系统的元素('xpath', '//span[text()="退出"]/parent::a')成功。
 Fri, 21 Aug 2020 15:10:23  INFO basepage.py click [ line:141 ] 向('xpath', '//span[text()="退出"]/parent::a')元素点击成功
 Fri, 21 Aug 2020 15:10:24  INFO basepage.py wait_elevisible [ line:40 ] 等待('xpath', '//input[@id="loginName"]')元素可见,耗时0.5315754413604736
 Fri, 21 Aug 2020 15:10:24  INFO basepage.py get_element [ line:73 ] 查找输入用户名的元素('xpath', '//input[@id="loginName"]')成功。
 Fri, 21 Aug 2020 15:10:24  INFO basepage.py input_text [ line:97 ] 向('xpath', '//input[@id="loginName"]')元素输入17088551199成功
 Fri, 21 Aug 2020 15:10:24  INFO basepage.py wait_elevisible [ line:40 ] 等待('xpath', '//input[@id="password"]')元素可见,耗时0.019947528839111328
 Fri, 21 Aug 2020 15:10:24  INFO basepage.py get_element [ line:73 ] 查找输入密码的元素('xpath', '//input[@id="password"]')成功。
 Fri, 21 Aug 2020 15:10:24  INFO basepage.py input_text [ line:97 ] 向('xpath', '//input[@id="password"]')元素输入123456成功
 Fri, 21 Aug 2020 15:10:24  INFO basepage.py wait_elevisible [ line:40 ] 等待('xpath', '//li[@class="cp"]')元素可见,耗时0.01859879493713379
 Fri, 21 Aug 2020 15:10:24  INFO basepage.py get_element [ line:73 ] 查找登陆的元素('xpath', '//li[@class="cp"]')成功。
 Fri, 21 Aug 2020 15:10:24  INFO basepage.py click [ line:141 ] 向('xpath', '//li[@class="cp"]')元素点击成功
 Fri, 21 Aug 2020 15:10:25  INFO basepage.py wait_elevisible [ line:40 ] 等待('xpath', '//span[contains(text(),"我的工作")]/parent::a')元素可见,耗时0.33560967445373535
 Fri, 21 Aug 2020 15:10:25  INFO basepage.py get_element [ line:73 ] 查找点击'我的工作'的元素('xpath', '//span[contains(text(),"我的工作")]/parent::a')成功。
 Fri, 21 Aug 2020 15:10:25  INFO basepage.py click [ line:141 ] 向('xpath', '//span[contains(text(),"我的工作")]/parent::a')元素点击成功
 Fri, 21 Aug 2020 15:10:26  INFO basepage.py wait_elevisible [ line:40 ] 等待('xpath', '//span[text()="校审"]/parent::a')元素可见,耗时0.021648883819580078
 Fri, 21 Aug 2020 15:10:26  INFO basepage.py get_element [ line:73 ] 查找点击'校审'的元素('xpath', '//span[text()="校审"]/parent::a')成功。
 Fri, 21 Aug 2020 15:10:26  INFO basepage.py click [ line:141 ] 向('xpath', '//span[text()="校审"]/parent::a')元素点击成功
 Fri, 21 Aug 2020 15:10:26  INFO basepage.py wait_elevisible [ line:40 ] 等待('xpath', '//button[text()="待处理"]')元素可见,耗时0.019583702087402344
 Fri, 21 Aug 2020 15:10:26  INFO basepage.py get_element [ line:73 ] 查找点击'待处理'的元素('xpath', '//button[text()="待处理"]')成功。
 Fri, 21 Aug 2020 15:10:27  INFO basepage.py click [ line:141 ] 向('xpath', '//button[text()="待处理"]')元素点击成功
 Fri, 21 Aug 2020 15:10:32  INFO basepage.py wait_elevisible [ line:40 ] 等待('xpath', '//tr[@class][1]//td[3]')元素可见,耗时0.019704580307006836
 Fri, 21 Aug 2020 15:10:32  INFO basepage.py get_element [ line:73 ] 查找获取待处理'项目名称'的元素('xpath', '//tr[@class][1]//td[3]')成功。
 Fri, 21 Aug 2020 15:10:32  INFO basepage.py get_element_text [ line:184 ] 获取('xpath', '//tr[@class][1]//td[3]')元素文本值成功
 Fri, 21 Aug 2020 15:10:32  INFO basepage.py wait_elevisible [ line:40 ] 等待('xpath', '//tr[@class][1]//td[15]')元素可见,耗时0.018949031829833984
 Fri, 21 Aug 2020 15:10:32  INFO basepage.py get_element [ line:73 ] 查找获取确认人审批状态的元素('xpath', '//tr[@class][1]//td[15]')成功。
 Fri, 21 Aug 2020 15:10:32  INFO basepage.py get_element_text [ line:184 ] 获取('xpath', '//tr[@class][1]//td[15]')元素文本值成功
 Fri, 21 Aug 2020 15:10:33  INFO basepage.py wait_elevisible [ line:40 ] 等待('xpath', '//span[text()="校审"]/parent::a')元素可见,耗时0.1994318962097168
 Fri, 21 Aug 2020 15:10:33  INFO basepage.py get_element [ line:73 ] 查找点击'校审'的元素('xpath', '//span[text()="校审"]/parent::a')成功。
 Fri, 21 Aug 2020 15:10:33  INFO basepage.py click [ line:141 ] 向('xpath', '//span[text()="校审"]/parent::a')元素点击成功
 Fri, 21 Aug 2020 15:10:33  INFO basepage.py wait_elevisible [ line:40 ] 等待('xpath', '//button[text()="待处理"]')元素可见,耗时0.016529083251953125
 Fri, 21 Aug 2020 15:10:33  INFO basepage.py get_element [ line:73 ] 查找点击'待处理'的元素('xpath', '//button[text()="待处理"]')成功。
 Fri, 21 Aug 2020 15:10:34  INFO basepage.py click [ line:141 ] 向('xpath', '//button[text()="待处理"]')元素点击成功
 Fri, 21 Aug 2020 15:10:42  INFO basepage.py wait_elevisible [ line:40 ] 等待('xpath', '//a[contains(text(),"共")]')元素可见,耗时0.01957225799560547
 Fri, 21 Aug 2020 15:10:42  INFO basepage.py get_element [ line:73 ] 查找获取共XX行的元素('xpath', '//a[contains(text(),"共")]')成功。
 Fri, 21 Aug 2020 15:10:42  INFO basepage.py get_element_text [ line:184 ] 获取('xpath', '//a[contains(text(),"共")]')元素文本值成功
 Fri, 21 Aug 2020 15:10:42  INFO basepage.py wait_elevisible [ line:40 ] 等待('xpath', '//button[text()="已处理"]')元素可见,耗时0.02059769630432129
 Fri, 21 Aug 2020 15:10:42  INFO basepage.py get_element [ line:73 ] 查找点击'已处理'的元素('xpath', '//button[text()="已处理"]')成功。
 Fri, 21 Aug 2020 15:10:42  INFO basepage.py click [ line:141 ] 向('xpath', '//button[text()="已处理"]')元素点击成功
 Fri, 21 Aug 2020 15:10:50  INFO basepage.py wait_elevisible [ line:40 ] 等待('xpath', '//a[contains(text(),"共")]')元素可见,耗时0.02367877960205078
 Fri, 21 Aug 2020 15:10:50  INFO basepage.py get_element [ line:73 ] 查找获取共XX行的元素('xpath', '//a[contains(text(),"共")]')成功。
 Fri, 21 Aug 2020 15:10:50  INFO basepage.py get_element_text [ line:184 ] 获取('xpath', '//a[contains(text(),"共")]')元素文本值成功
 Fri, 21 Aug 2020 15:10:51  INFO basepage.py wait_elevisible [ line:40 ] 等待('xpath', '//button[text()="待处理"]')元素可见,耗时0.023656129837036133
 Fri, 21 Aug 2020 15:10:51  INFO basepage.py get_element [ line:73 ] 查找点击'待处理'的元素('xpath', '//button[text()="待处理"]')成功。
 Fri, 21 Aug 2020 15:10:51  INFO basepage.py click [ line:141 ] 向('xpath', '//button[text()="待处理"]')元素点击成功
 Fri, 21 Aug 2020 15:10:52  INFO basepage.py wait_elevisible [ line:40 ] 等待('xpath', '//tr[@class][1]//td[2]')元素可见,耗时0.02366471290588379
 Fri, 21 Aug 2020 15:10:52  INFO basepage.py get_element [ line:73 ] 查找点击'01-设计输入资料'进入详情的元素('xpath', '//tr[@class][1]//td[2]')成功。
 Fri, 21 Aug 2020 15:10:52  INFO basepage.py click [ line:141 ] 向('xpath', '//tr[@class][1]//td[2]')元素点击成功
 Fri, 21 Aug 2020 15:11:53  ERROR basepage.py wait_elevisible [ line:34 ] 等待('xpath', '//div[@class="bg-f text-right por"]//span[text()="确认"]')元素可见超时
Traceback (most recent call last):
  File "C:\Users\张少敬\Desktop\dhvirtest\Design_institute_1.4\Common\basepage.py", line 32, in wait_elevisible
    WebDriverWait(self.driver,timeout,frequency).until(EC.visibility_of_element_located(loc))
  File "D:\Python\lib\site-packages\selenium\webdriver\support\wait.py", line 80, in until
    raise TimeoutException(message, screen, stacktrace)
selenium.common.exceptions.TimeoutException: Message: 

 Fri, 21 Aug 2020 15:11:53  INFO basepage.py do_save_screenshot [ line:261 ] 网页截图成功，存储路径为C:\Users\张少敬\Desktop\dhvirtest\Design_institute_1.4\Outputs/screenshots/点击'五审'进入审批详情_20200821151153.png
 Fri, 21 Aug 2020 15:11:54  INFO basepage.py wait_elevisible [ line:40 ] 等待('xpath', '//span[text()="退出"]/parent::a')元素可见,耗时0.5824413299560547
 Fri, 21 Aug 2020 15:11:54  INFO basepage.py get_element [ line:73 ] 查找退出系统的元素('xpath', '//span[text()="退出"]/parent::a')成功。
 Fri, 21 Aug 2020 15:11:54  INFO basepage.py click [ line:141 ] 向('xpath', '//span[text()="退出"]/parent::a')元素点击成功
 Fri, 21 Aug 2020 15:11:55  INFO basepage.py wait_elevisible [ line:40 ] 等待('xpath', '//input[@id="loginName"]')元素可见,耗时0.534569263458252
 Fri, 21 Aug 2020 15:11:55  INFO basepage.py get_element [ line:73 ] 查找输入用户名的元素('xpath', '//input[@id="loginName"]')成功。
 Fri, 21 Aug 2020 15:11:55  INFO basepage.py input_text [ line:97 ] 向('xpath', '//input[@id="loginName"]')元素输入18612356691成功
 Fri, 21 Aug 2020 15:11:55  INFO basepage.py wait_elevisible [ line:40 ] 等待('xpath', '//input[@id="password"]')元素可见,耗时0.016954660415649414
 Fri, 21 Aug 2020 15:11:55  INFO basepage.py get_element [ line:73 ] 查找输入密码的元素('xpath', '//input[@id="password"]')成功。
 Fri, 21 Aug 2020 15:11:55  INFO basepage.py input_text [ line:97 ] 向('xpath', '//input[@id="password"]')元素输入123456成功
 Fri, 21 Aug 2020 15:11:55  INFO basepage.py wait_elevisible [ line:40 ] 等待('xpath', '//li[@class="cp"]')元素可见,耗时0.018947601318359375
 Fri, 21 Aug 2020 15:11:55  INFO basepage.py get_element [ line:73 ] 查找登陆的元素('xpath', '//li[@class="cp"]')成功。
 Fri, 21 Aug 2020 15:11:56  INFO basepage.py click [ line:141 ] 向('xpath', '//li[@class="cp"]')元素点击成功
 Fri, 21 Aug 2020 15:11:56  INFO basepage.py wait_elevisible [ line:40 ] 等待('xpath', '//span[contains(text(),"我的工作")]/parent::a')元素可见,耗时0.2962071895599365
 Fri, 21 Aug 2020 15:11:56  INFO basepage.py get_element [ line:73 ] 查找点击'我的工作'的元素('xpath', '//span[contains(text(),"我的工作")]/parent::a')成功。
 Fri, 21 Aug 2020 15:11:56  INFO basepage.py click [ line:141 ] 向('xpath', '//span[contains(text(),"我的工作")]/parent::a')元素点击成功
 Fri, 21 Aug 2020 15:11:57  INFO basepage.py wait_elevisible [ line:40 ] 等待('xpath', '//span[text()="校审"]/parent::a')元素可见,耗时0.03167295455932617
 Fri, 21 Aug 2020 15:11:57  INFO basepage.py get_element [ line:73 ] 查找点击'校审'的元素('xpath', '//span[text()="校审"]/parent::a')成功。
 Fri, 21 Aug 2020 15:11:57  INFO basepage.py click [ line:141 ] 向('xpath', '//span[text()="校审"]/parent::a')元素点击成功
 Fri, 21 Aug 2020 15:13:02  ERROR basepage.py wait_elevisible [ line:34 ] 等待('xpath', '//tr[@class][1]//td[2]')元素可见超时
Traceback (most recent call last):
  File "C:\Users\张少敬\Desktop\dhvirtest\Design_institute_1.4\Common\basepage.py", line 32, in wait_elevisible
    WebDriverWait(self.driver,timeout,frequency).until(EC.visibility_of_element_located(loc))
  File "D:\Python\lib\site-packages\selenium\webdriver\support\wait.py", line 80, in until
    raise TimeoutException(message, screen, stacktrace)
selenium.common.exceptions.TimeoutException: Message: 

 Fri, 21 Aug 2020 15:13:03  INFO basepage.py do_save_screenshot [ line:261 ] 网页截图成功，存储路径为C:\Users\张少敬\Desktop\dhvirtest\Design_institute_1.4\Outputs/screenshots/获取校审名称_20200821151302.png
 Fri, 21 Aug 2020 15:13:04  INFO basepage.py wait_elevisible [ line:40 ] 等待('xpath', '//span[contains(text(),"项目管理")]/parent::a')元素可见,耗时0.2960035800933838
 Fri, 21 Aug 2020 15:13:04  INFO basepage.py get_element [ line:73 ] 查找首页_点击'项目管理'的元素('xpath', '//span[contains(text(),"项目管理")]/parent::a')成功。
 Fri, 21 Aug 2020 15:13:04  INFO basepage.py click [ line:141 ] 向('xpath', '//span[contains(text(),"项目管理")]/parent::a')元素点击成功
 Fri, 21 Aug 2020 15:13:04  INFO basepage.py wait_elevisible [ line:40 ] 等待('xpath', '//span[contains(text(),"绩效管理")]/parent::a')元素可见,耗时0.022500276565551758
 Fri, 21 Aug 2020 15:13:04  INFO basepage.py get_element [ line:73 ] 查找点击绩效管理的元素('xpath', '//span[contains(text(),"绩效管理")]/parent::a')成功。
 Fri, 21 Aug 2020 15:13:04  INFO basepage.py click [ line:141 ] 向('xpath', '//span[contains(text(),"绩效管理")]/parent::a')元素点击成功
 Fri, 21 Aug 2020 15:13:43  ERROR basepage.py wait_elevisible [ line:34 ] 等待('xpath', '//tr[1]//span[contains(text(),"线路工程")]/parent::td')元素可见超时
Traceback (most recent call last):
  File "D:\Python\lib\site-packages\urllib3\connectionpool.py", line 677, in urlopen
    chunked=chunked,
  File "D:\Python\lib\site-packages\urllib3\connectionpool.py", line 426, in _make_request
    six.raise_from(e, None)
  File "<string>", line 3, in raise_from
  File "D:\Python\lib\site-packages\urllib3\connectionpool.py", line 421, in _make_request
    httplib_response = conn.getresponse()
  File "D:\Python\lib\http\client.py", line 1331, in getresponse
    response.begin()
  File "D:\Python\lib\http\client.py", line 297, in begin
    version, status, reason = self._read_status()
  File "D:\Python\lib\http\client.py", line 258, in _read_status
    line = str(self.fp.readline(_MAXLINE + 1), "iso-8859-1")
  File "D:\Python\lib\socket.py", line 586, in readinto
    return self._sock.recv_into(b)
ConnectionResetError: [WinError 10054] 远程主机强迫关闭了一个现有的连接。

During handling of the above exception, another exception occurred:

Traceback (most recent call last):
  File "C:\Users\张少敬\Desktop\dhvirtest\Design_institute_1.4\Common\basepage.py", line 32, in wait_elevisible
    WebDriverWait(self.driver,timeout,frequency).until(EC.visibility_of_element_located(loc))
  File "D:\Python\lib\site-packages\selenium\webdriver\support\wait.py", line 71, in until
    value = method(self._driver)
  File "D:\Python\lib\site-packages\selenium\webdriver\support\expected_conditions.py", line 128, in __call__
    return _element_if_visible(_find_element(driver, self.locator))
  File "D:\Python\lib\site-packages\selenium\webdriver\support\expected_conditions.py", line 411, in _find_element
    return driver.find_element(*by)
  File "D:\Python\lib\site-packages\selenium\webdriver\remote\webdriver.py", line 978, in find_element
    'value': value})['value']
  File "D:\Python\lib\site-packages\selenium\webdriver\remote\webdriver.py", line 319, in execute
    response = self.command_executor.execute(driver_command, params)
  File "D:\Python\lib\site-packages\selenium\webdriver\remote\remote_connection.py", line 374, in execute
    return self._request(command_info[0], url, body=data)
  File "D:\Python\lib\site-packages\selenium\webdriver\remote\remote_connection.py", line 397, in _request
    resp = self._conn.request(method, url, body=body, headers=headers)
  File "D:\Python\lib\site-packages\urllib3\request.py", line 80, in request
    method, url, fields=fields, headers=headers, **urlopen_kw
  File "D:\Python\lib\site-packages\urllib3\request.py", line 171, in request_encode_body
    return self.urlopen(method, url, **extra_kw)
  File "D:\Python\lib\site-packages\urllib3\poolmanager.py", line 336, in urlopen
    response = conn.urlopen(method, u.request_uri, **kw)
  File "D:\Python\lib\site-packages\urllib3\connectionpool.py", line 725, in urlopen
    method, url, error=e, _pool=self, _stacktrace=sys.exc_info()[2]
  File "D:\Python\lib\site-packages\urllib3\util\retry.py", line 403, in increment
    raise six.reraise(type(error), error, _stacktrace)
  File "D:\Python\lib\site-packages\urllib3\packages\six.py", line 734, in reraise
    raise value.with_traceback(tb)
  File "D:\Python\lib\site-packages\urllib3\connectionpool.py", line 677, in urlopen
    chunked=chunked,
  File "D:\Python\lib\site-packages\urllib3\connectionpool.py", line 426, in _make_request
    six.raise_from(e, None)
  File "<string>", line 3, in raise_from
  File "D:\Python\lib\site-packages\urllib3\connectionpool.py", line 421, in _make_request
    httplib_response = conn.getresponse()
  File "D:\Python\lib\http\client.py", line 1331, in getresponse
    response.begin()
  File "D:\Python\lib\http\client.py", line 297, in begin
    version, status, reason = self._read_status()
  File "D:\Python\lib\http\client.py", line 258, in _read_status
    line = str(self.fp.readline(_MAXLINE + 1), "iso-8859-1")
  File "D:\Python\lib\socket.py", line 586, in readinto
    return self._sock.recv_into(b)
urllib3.exceptions.ProtocolError: ('Connection aborted.', ConnectionResetError(10054, '远程主机强迫关闭了一个现有的连接。', None, 10054, None))
 Fri, 21 Aug 2020 15:13:45  WARNING connectionpool.py urlopen [ line:750 ] Retrying (Retry(total=2, connect=None, read=None, redirect=None, status=None)) after connection broken by 'NewConnectionError('<urllib3.connection.HTTPConnection object at 0x00000229C71DF400>: Failed to establish a new connection: [WinError 10061] 由于目标计算机积极拒绝，无法连接。',)': /session/d8a04c6a573058c8b174ffbfc7ee7e12/screenshot
 Fri, 21 Aug 2020 15:13:47  WARNING connectionpool.py urlopen [ line:750 ] Retrying (Retry(total=1, connect=None, read=None, redirect=None, status=None)) after connection broken by 'NewConnectionError('<urllib3.connection.HTTPConnection object at 0x00000229C71DFBE0>: Failed to establish a new connection: [WinError 10061] 由于目标计算机积极拒绝，无法连接。',)': /session/d8a04c6a573058c8b174ffbfc7ee7e12/screenshot
 Fri, 21 Aug 2020 15:13:49  WARNING connectionpool.py urlopen [ line:750 ] Retrying (Retry(total=0, connect=None, read=None, redirect=None, status=None)) after connection broken by 'NewConnectionError('<urllib3.connection.HTTPConnection object at 0x00000229C7242F28>: Failed to establish a new connection: [WinError 10061] 由于目标计算机积极拒绝，无法连接。',)': /session/d8a04c6a573058c8b174ffbfc7ee7e12/screenshot
 Fri, 21 Aug 2020 15:13:51  ERROR basepage.py do_save_screenshot [ line:259 ] 网页截图操作失败
Traceback (most recent call last):
  File "D:\Python\lib\site-packages\urllib3\connectionpool.py", line 677, in urlopen
    chunked=chunked,
  File "D:\Python\lib\site-packages\urllib3\connectionpool.py", line 426, in _make_request
    six.raise_from(e, None)
  File "<string>", line 3, in raise_from
  File "D:\Python\lib\site-packages\urllib3\connectionpool.py", line 421, in _make_request
    httplib_response = conn.getresponse()
  File "D:\Python\lib\http\client.py", line 1331, in getresponse
    response.begin()
  File "D:\Python\lib\http\client.py", line 297, in begin
    version, status, reason = self._read_status()
  File "D:\Python\lib\http\client.py", line 258, in _read_status
    line = str(self.fp.readline(_MAXLINE + 1), "iso-8859-1")
  File "D:\Python\lib\socket.py", line 586, in readinto
    return self._sock.recv_into(b)
ConnectionResetError: [WinError 10054] 远程主机强迫关闭了一个现有的连接。

During handling of the above exception, another exception occurred:

Traceback (most recent call last):
  File "C:\Users\张少敬\Desktop\dhvirtest\Design_institute_1.4\Common\basepage.py", line 32, in wait_elevisible
    WebDriverWait(self.driver,timeout,frequency).until(EC.visibility_of_element_located(loc))
  File "D:\Python\lib\site-packages\selenium\webdriver\support\wait.py", line 71, in until
    value = method(self._driver)
  File "D:\Python\lib\site-packages\selenium\webdriver\support\expected_conditions.py", line 128, in __call__
    return _element_if_visible(_find_element(driver, self.locator))
  File "D:\Python\lib\site-packages\selenium\webdriver\support\expected_conditions.py", line 411, in _find_element
    return driver.find_element(*by)
  File "D:\Python\lib\site-packages\selenium\webdriver\remote\webdriver.py", line 978, in find_element
    'value': value})['value']
  File "D:\Python\lib\site-packages\selenium\webdriver\remote\webdriver.py", line 319, in execute
    response = self.command_executor.execute(driver_command, params)
  File "D:\Python\lib\site-packages\selenium\webdriver\remote\remote_connection.py", line 374, in execute
    return self._request(command_info[0], url, body=data)
  File "D:\Python\lib\site-packages\selenium\webdriver\remote\remote_connection.py", line 397, in _request
    resp = self._conn.request(method, url, body=body, headers=headers)
  File "D:\Python\lib\site-packages\urllib3\request.py", line 80, in request
    method, url, fields=fields, headers=headers, **urlopen_kw
  File "D:\Python\lib\site-packages\urllib3\request.py", line 171, in request_encode_body
    return self.urlopen(method, url, **extra_kw)
  File "D:\Python\lib\site-packages\urllib3\poolmanager.py", line 336, in urlopen
    response = conn.urlopen(method, u.request_uri, **kw)
  File "D:\Python\lib\site-packages\urllib3\connectionpool.py", line 725, in urlopen
    method, url, error=e, _pool=self, _stacktrace=sys.exc_info()[2]
  File "D:\Python\lib\site-packages\urllib3\util\retry.py", line 403, in increment
    raise six.reraise(type(error), error, _stacktrace)
  File "D:\Python\lib\site-packages\urllib3\packages\six.py", line 734, in reraise
    raise value.with_traceback(tb)
  File "D:\Python\lib\site-packages\urllib3\connectionpool.py", line 677, in urlopen
    chunked=chunked,
  File "D:\Python\lib\site-packages\urllib3\connectionpool.py", line 426, in _make_request
    six.raise_from(e, None)
  File "<string>", line 3, in raise_from
  File "D:\Python\lib\site-packages\urllib3\connectionpool.py", line 421, in _make_request
    httplib_response = conn.getresponse()
  File "D:\Python\lib\http\client.py", line 1331, in getresponse
    response.begin()
  File "D:\Python\lib\http\client.py", line 297, in begin
    version, status, reason = self._read_status()
  File "D:\Python\lib\http\client.py", line 258, in _read_status
    line = str(self.fp.readline(_MAXLINE + 1), "iso-8859-1")
  File "D:\Python\lib\socket.py", line 586, in readinto
    return self._sock.recv_into(b)
urllib3.exceptions.ProtocolError: ('Connection aborted.', ConnectionResetError(10054, '远程主机强迫关闭了一个现有的连接。', None, 10054, None))

During handling of the above exception, another exception occurred:

Traceback (most recent call last):
  File "D:\Python\lib\site-packages\urllib3\connection.py", line 160, in _new_conn
    (self._dns_host, self.port), self.timeout, **extra_kw
  File "D:\Python\lib\site-packages\urllib3\util\connection.py", line 84, in create_connection
    raise err
  File "D:\Python\lib\site-packages\urllib3\util\connection.py", line 74, in create_connection
    sock.connect(sa)
ConnectionRefusedError: [WinError 10061] 由于目标计算机积极拒绝，无法连接。

During handling of the above exception, another exception occurred:

Traceback (most recent call last):
  File "D:\Python\lib\site-packages\urllib3\connectionpool.py", line 677, in urlopen
    chunked=chunked,
  File "D:\Python\lib\site-packages\urllib3\connectionpool.py", line 392, in _make_request
    conn.request(method, url, **httplib_request_kw)
  File "D:\Python\lib\http\client.py", line 1239, in request
    self._send_request(method, url, body, headers, encode_chunked)
  File "D:\Python\lib\http\client.py", line 1285, in _send_request
    self.endheaders(body, encode_chunked=encode_chunked)
  File "D:\Python\lib\http\client.py", line 1234, in endheaders
    self._send_output(message_body, encode_chunked=encode_chunked)
  File "D:\Python\lib\http\client.py", line 1026, in _send_output
    self.send(msg)
  File "D:\Python\lib\http\client.py", line 964, in send
    self.connect()
  File "D:\Python\lib\site-packages\urllib3\connection.py", line 187, in connect
    conn = self._new_conn()
  File "D:\Python\lib\site-packages\urllib3\connection.py", line 172, in _new_conn
    self, "Failed to establish a new connection: %s" % e
urllib3.exceptions.NewConnectionError: <urllib3.connection.HTTPConnection object at 0x00000229C7242F60>: Failed to establish a new connection: [WinError 10061] 由于目标计算机积极拒绝，无法连接。

During handling of the above exception, another exception occurred:

Traceback (most recent call last):
  File "C:\Users\张少敬\Desktop\dhvirtest\Design_institute_1.4\Common\basepage.py", line 257, in do_save_screenshot
    self.driver.save_screenshot(file)
  File "D:\Python\lib\site-packages\selenium\webdriver\remote\webdriver.py", line 1055, in save_screenshot
    return self.get_screenshot_as_file(filename)
  File "D:\Python\lib\site-packages\selenium\webdriver\remote\webdriver.py", line 1032, in get_screenshot_as_file
    png = self.get_screenshot_as_png()
  File "D:\Python\lib\site-packages\selenium\webdriver\remote\webdriver.py", line 1064, in get_screenshot_as_png
    return base64.b64decode(self.get_screenshot_as_base64().encode('ascii'))
  File "D:\Python\lib\site-packages\selenium\webdriver\remote\webdriver.py", line 1074, in get_screenshot_as_base64
    return self.execute(Command.SCREENSHOT)['value']
  File "D:\Python\lib\site-packages\selenium\webdriver\remote\webdriver.py", line 319, in execute
    response = self.command_executor.execute(driver_command, params)
  File "D:\Python\lib\site-packages\selenium\webdriver\remote\remote_connection.py", line 374, in execute
    return self._request(command_info[0], url, body=data)
  File "D:\Python\lib\site-packages\selenium\webdriver\remote\remote_connection.py", line 397, in _request
    resp = self._conn.request(method, url, body=body, headers=headers)
  File "D:\Python\lib\site-packages\urllib3\request.py", line 76, in request
    method, url, fields=fields, headers=headers, **urlopen_kw
  File "D:\Python\lib\site-packages\urllib3\request.py", line 97, in request_encode_url
    return self.urlopen(method, url, **extra_kw)
  File "D:\Python\lib\site-packages\urllib3\poolmanager.py", line 336, in urlopen
    response = conn.urlopen(method, u.request_uri, **kw)
  File "D:\Python\lib\site-packages\urllib3\connectionpool.py", line 765, in urlopen
    **response_kw
  File "D:\Python\lib\site-packages\urllib3\connectionpool.py", line 765, in urlopen
    **response_kw
  File "D:\Python\lib\site-packages\urllib3\connectionpool.py", line 765, in urlopen
    **response_kw
  File "D:\Python\lib\site-packages\urllib3\connectionpool.py", line 725, in urlopen
    method, url, error=e, _pool=self, _stacktrace=sys.exc_info()[2]
  File "D:\Python\lib\site-packages\urllib3\util\retry.py", line 439, in increment
    raise MaxRetryError(_pool, url, error or ResponseError(cause))
urllib3.exceptions.MaxRetryError: HTTPConnectionPool(host='127.0.0.1', port=65033): Max retries exceeded with url: /session/d8a04c6a573058c8b174ffbfc7ee7e12/screenshot (Caused by NewConnectionError('<urllib3.connection.HTTPConnection object at 0x00000229C7242F60>: Failed to establish a new connection: [WinError 10061] 由于目标计算机积极拒绝，无法连接。',))
 Fri, 21 Aug 2020 15:13:53  WARNING connectionpool.py urlopen [ line:750 ] Retrying (Retry(total=2, connect=None, read=None, redirect=None, status=None)) after connection broken by 'NewConnectionError('<urllib3.connection.HTTPConnection object at 0x00000229C72A2198>: Failed to establish a new connection: [WinError 10061] 由于目标计算机积极拒绝，无法连接。',)': /session/d8a04c6a573058c8b174ffbfc7ee7e12/refresh
 Fri, 21 Aug 2020 15:13:55  WARNING connectionpool.py urlopen [ line:750 ] Retrying (Retry(total=1, connect=None, read=None, redirect=None, status=None)) after connection broken by 'NewConnectionError('<urllib3.connection.HTTPConnection object at 0x00000229C72A2278>: Failed to establish a new connection: [WinError 10061] 由于目标计算机积极拒绝，无法连接。',)': /session/d8a04c6a573058c8b174ffbfc7ee7e12/refresh
 Fri, 21 Aug 2020 15:13:57  WARNING connectionpool.py urlopen [ line:750 ] Retrying (Retry(total=0, connect=None, read=None, redirect=None, status=None)) after connection broken by 'NewConnectionError('<urllib3.connection.HTTPConnection object at 0x00000229C72A2550>: Failed to establish a new connection: [WinError 10061] 由于目标计算机积极拒绝，无法连接。',)': /session/d8a04c6a573058c8b174ffbfc7ee7e12/refresh
