 Fri, 21 Aug 2020 17:27:58  INFO basepage.py wait_elevisible [ line:40 ] 等待('xpath', '//span[contains(text(),"项目管理")]/parent::a')元素可见,耗时0.4667513370513916
 Fri, 21 Aug 2020 17:27:58  INFO basepage.py get_element [ line:73 ] 查找首页_点击'项目管理'的元素('xpath', '//span[contains(text(),"项目管理")]/parent::a')成功。
 Fri, 21 Aug 2020 17:27:58  INFO basepage.py click [ line:141 ] 向('xpath', '//span[contains(text(),"项目管理")]/parent::a')元素点击成功
 Fri, 21 Aug 2020 17:27:59  INFO basepage.py wait_elevisible [ line:40 ] 等待('xpath', '//span[contains(text(),"项目台账")]/parent::a')元素可见,耗时0.030673503875732422
 Fri, 21 Aug 2020 17:27:59  INFO basepage.py get_element [ line:73 ] 查找首页_点击'项目台账'的元素('xpath', '//span[contains(text(),"项目台账")]/parent::a')成功。
 Fri, 21 Aug 2020 17:27:59  INFO basepage.py click [ line:141 ] 向('xpath', '//span[contains(text(),"项目台账")]/parent::a')元素点击成功
 Fri, 21 Aug 2020 17:28:01  INFO basepage.py wait_elevisible [ line:40 ] 等待('xpath', '//div[@class="nodatap"]')元素可见,耗时0.019914865493774414
 Fri, 21 Aug 2020 17:28:01  INFO basepage.py get_element [ line:73 ] 查找项目台账为空提示语的元素('xpath', '//div[@class="nodatap"]')成功。
 Fri, 21 Aug 2020 17:28:01  INFO basepage.py get_element_text [ line:184 ] 获取('xpath', '//div[@class="nodatap"]')元素文本值成功
 Fri, 21 Aug 2020 17:28:02  INFO basepage.py wait_elevisible [ line:40 ] 等待('xpath', '//span[contains(text(),"添加项目")]')元素可见,耗时0.017952442169189453
 Fri, 21 Aug 2020 17:28:02  INFO basepage.py get_element [ line:73 ] 查找首页_点击'添加项目'的元素('xpath', '//span[contains(text(),"添加项目")]')成功。
 Fri, 21 Aug 2020 17:28:02  INFO basepage.py click [ line:141 ] 向('xpath', '//span[contains(text(),"添加项目")]')元素点击成功
 Fri, 21 Aug 2020 17:28:02  INFO basepage.py wait_elevisible [ line:40 ] 等待('xpath', '//label[contains(text(),"项目名称")]/following-sibling::div//input')元素可见,耗时0.5296163558959961
 Fri, 21 Aug 2020 17:28:02  INFO basepage.py get_element [ line:73 ] 查找输入项目名称的元素('xpath', '//label[contains(text(),"项目名称")]/following-sibling::div//input')成功。
 Fri, 21 Aug 2020 17:28:02  INFO basepage.py input_text [ line:97 ] 向('xpath', '//label[contains(text(),"项目名称")]/following-sibling::div//input')元素输入测试_变电工程成功
 Fri, 21 Aug 2020 17:28:02  INFO basepage.py wait_elevisible [ line:40 ] 等待('xpath', '//label[contains(text(),"项目编号")]/following-sibling::div//input')元素可见,耗时0.02693009376525879
 Fri, 21 Aug 2020 17:28:02  INFO basepage.py get_element [ line:73 ] 查找输入项目编号的元素('xpath', '//label[contains(text(),"项目编号")]/following-sibling::div//input')成功。
 Fri, 21 Aug 2020 17:28:02  INFO basepage.py input_text [ line:97 ] 向('xpath', '//label[contains(text(),"项目编号")]/following-sibling::div//input')元素输入008成功
 Fri, 21 Aug 2020 17:28:03  INFO basepage.py wait_elevisible [ line:40 ] 等待('xpath', '//label[text()="项目类型："]/following-sibling::div//div[@class="su_form_control su_select_box"]')元素可见,耗时0.020901203155517578
 Fri, 21 Aug 2020 17:28:03  INFO basepage.py get_element [ line:73 ] 查找选择项目类型的元素('xpath', '//label[text()="项目类型："]/following-sibling::div//div[@class="su_form_control su_select_box"]')成功。
 Fri, 21 Aug 2020 17:28:03  INFO basepage.py click [ line:141 ] 向('xpath', '//label[text()="项目类型："]/following-sibling::div//div[@class="su_form_control su_select_box"]')元素点击成功
 Fri, 21 Aug 2020 17:28:03  INFO basepage.py wait_elevisible [ line:40 ] 等待('xpath', '//a[@title="变电工程"]/parent::li')元素可见,耗时0.018916845321655273
 Fri, 21 Aug 2020 17:28:03  INFO basepage.py get_element [ line:73 ] 查找项目类型选择'变电工程'的元素('xpath', '//a[@title="变电工程"]/parent::li')成功。
 Fri, 21 Aug 2020 17:28:04  INFO basepage.py click [ line:141 ] 向('xpath', '//a[@title="变电工程"]/parent::li')元素点击成功
 Fri, 21 Aug 2020 17:28:04  INFO basepage.py wait_elevisible [ line:40 ] 等待('xpath', '//label[text()="户内"]/span')元素可见,耗时0.019917964935302734
 Fri, 21 Aug 2020 17:28:04  INFO basepage.py get_element [ line:73 ] 查找工程类型选择'户内'的元素('xpath', '//label[text()="户内"]/span')成功。
 Fri, 21 Aug 2020 17:28:04  INFO basepage.py click [ line:141 ] 向('xpath', '//label[text()="户内"]/span')元素点击成功
 Fri, 21 Aug 2020 17:28:05  INFO basepage.py wait_elevisible [ line:40 ] 等待('xpath', '//label[text()="设计阶段："]/following-sibling::div')元素可见,耗时0.019915103912353516
 Fri, 21 Aug 2020 17:28:05  INFO basepage.py get_element [ line:73 ] 查找点击设计阶段下拉框的元素('xpath', '//label[text()="设计阶段："]/following-sibling::div')成功。
 Fri, 21 Aug 2020 17:28:05  INFO basepage.py click [ line:141 ] 向('xpath', '//label[text()="设计阶段："]/following-sibling::div')元素点击成功
 Fri, 21 Aug 2020 17:28:05  INFO basepage.py wait_elevisible [ line:40 ] 等待('xpath', '//a[@title="竣工图"]/parent::li')元素可见,耗时0.025729894638061523
 Fri, 21 Aug 2020 17:28:05  INFO basepage.py get_element [ line:73 ] 查找设计阶段选择'施工图'的元素('xpath', '//a[@title="竣工图"]/parent::li')成功。
 Fri, 21 Aug 2020 17:28:05  INFO basepage.py click [ line:141 ] 向('xpath', '//a[@title="竣工图"]/parent::li')元素点击成功
 Fri, 21 Aug 2020 17:28:06  INFO basepage.py wait_elevisible [ line:40 ] 等待('xpath', '//label[text()="电压等级："]/following-sibling::div')元素可见,耗时0.030946016311645508
 Fri, 21 Aug 2020 17:28:06  INFO basepage.py get_element [ line:73 ] 查找点击'电压等级'下拉框的元素('xpath', '//label[text()="电压等级："]/following-sibling::div')成功。
 Fri, 21 Aug 2020 17:28:06  INFO basepage.py click [ line:141 ] 向('xpath', '//label[text()="电压等级："]/following-sibling::div')元素点击成功
 Fri, 21 Aug 2020 17:28:06  INFO basepage.py wait_elevisible [ line:40 ] 等待('xpath', '//a[@title="35kV"]/parent::li')元素可见,耗时0.02662372589111328
 Fri, 21 Aug 2020 17:28:06  INFO basepage.py get_element [ line:73 ] 查找电压等级选择'35kv'的元素('xpath', '//a[@title="35kV"]/parent::li')成功。
 Fri, 21 Aug 2020 17:28:06  INFO basepage.py click [ line:141 ] 向('xpath', '//a[@title="35kV"]/parent::li')元素点击成功
 Fri, 21 Aug 2020 17:28:07  INFO basepage.py wait_elevisible [ line:40 ] 等待('xpath', '//label[text()="变电新建"]/span')元素可见,耗时0.02765798568725586
 Fri, 21 Aug 2020 17:28:07  INFO basepage.py get_element [ line:73 ] 查找建设性质选择'变电新建'的元素('xpath', '//label[text()="变电新建"]/span')成功。
 Fri, 21 Aug 2020 17:28:07  INFO basepage.py click [ line:141 ] 向('xpath', '//label[text()="变电新建"]/span')元素点击成功
 Fri, 21 Aug 2020 17:28:08  INFO basepage.py wait_elevisible [ line:40 ] 等待('xpath', '//button[text()="选择成员"]')元素可见,耗时0.028658628463745117
 Fri, 21 Aug 2020 17:28:08  INFO basepage.py get_element [ line:73 ] 查找选择成员的元素('xpath', '//button[text()="选择成员"]')成功。
 Fri, 21 Aug 2020 17:28:08  INFO basepage.py click [ line:141 ] 向('xpath', '//button[text()="选择成员"]')元素点击成功
 Fri, 21 Aug 2020 17:28:08  INFO basepage.py wait_elevisible [ line:40 ] 等待('xpath', '//li[text()="总工"]')元素可见,耗时0.032630205154418945
 Fri, 21 Aug 2020 17:28:08  INFO basepage.py get_element [ line:73 ] 查找点击'总工'的元素('xpath', '//li[text()="总工"]')成功。
 Fri, 21 Aug 2020 17:28:08  INFO basepage.py click [ line:141 ] 向('xpath', '//li[text()="总工"]')元素点击成功
 Fri, 21 Aug 2020 17:28:09  INFO basepage.py wait_elevisible [ line:40 ] 等待('xpath', '//span[text()="添加成员"]')元素可见,耗时0.025651931762695312
 Fri, 21 Aug 2020 17:28:09  INFO basepage.py get_element [ line:73 ] 查找点击'添加成员'的元素('xpath', '//span[text()="添加成员"]')成功。
 Fri, 21 Aug 2020 17:28:09  INFO basepage.py click [ line:141 ] 向('xpath', '//span[text()="添加成员"]')元素点击成功
 Fri, 21 Aug 2020 17:28:10  INFO basepage.py wait_elevisible [ line:40 ] 等待('xpath', '//span[@id="team-tree1_7_check"]')元素可见,耗时0.03665900230407715
 Fri, 21 Aug 2020 17:28:10  INFO basepage.py get_element [ line:73 ] 查找勾选'海清'的元素('xpath', '//span[@id="team-tree1_7_check"]')成功。
 Fri, 21 Aug 2020 17:28:10  INFO basepage.py click [ line:141 ] 向('xpath', '//span[@id="team-tree1_7_check"]')元素点击成功
 Fri, 21 Aug 2020 17:28:10  INFO basepage.py wait_elevisible [ line:40 ] 等待('xpath', '//button[text()="确定"]')元素可见,耗时0.03789639472961426
 Fri, 21 Aug 2020 17:28:10  INFO basepage.py get_element [ line:73 ] 查找确定的元素('xpath', '//button[text()="确定"]')成功。
 Fri, 21 Aug 2020 17:28:10  INFO basepage.py click [ line:141 ] 向('xpath', '//button[text()="确定"]')元素点击成功
 Fri, 21 Aug 2020 17:28:11  INFO basepage.py wait_elevisible [ line:40 ] 等待('xpath', '//li[text()="设总"]')元素可见,耗时0.02565622329711914
 Fri, 21 Aug 2020 17:28:11  INFO basepage.py get_element [ line:73 ] 查找点击'设总'的元素('xpath', '//li[text()="设总"]')成功。
 Fri, 21 Aug 2020 17:28:11  INFO basepage.py click [ line:141 ] 向('xpath', '//li[text()="设总"]')元素点击成功
 Fri, 21 Aug 2020 17:28:11  INFO basepage.py wait_elevisible [ line:40 ] 等待('xpath', '//span[text()="添加成员"]')元素可见,耗时0.026650190353393555
 Fri, 21 Aug 2020 17:28:11  INFO basepage.py get_element [ line:73 ] 查找点击'添加成员'的元素('xpath', '//span[text()="添加成员"]')成功。
 Fri, 21 Aug 2020 17:28:12  INFO basepage.py click [ line:141 ] 向('xpath', '//span[text()="添加成员"]')元素点击成功
 Fri, 21 Aug 2020 17:28:12  INFO basepage.py wait_elevisible [ line:40 ] 等待('xpath', '//span[@id="team-tree1_8_check"]')元素可见,耗时0.02892327308654785
 Fri, 21 Aug 2020 17:28:12  INFO basepage.py get_element [ line:73 ] 查找勾选'海若梦'的元素('xpath', '//span[@id="team-tree1_8_check"]')成功。
 Fri, 21 Aug 2020 17:28:12  INFO basepage.py click [ line:141 ] 向('xpath', '//span[@id="team-tree1_8_check"]')元素点击成功
 Fri, 21 Aug 2020 17:28:13  INFO basepage.py wait_elevisible [ line:40 ] 等待('xpath', '//button[text()="确定"]')元素可见,耗时0.017919301986694336
 Fri, 21 Aug 2020 17:28:13  INFO basepage.py get_element [ line:73 ] 查找确定的元素('xpath', '//button[text()="确定"]')成功。
 Fri, 21 Aug 2020 17:28:13  INFO basepage.py click [ line:141 ] 向('xpath', '//button[text()="确定"]')元素点击成功
 Fri, 21 Aug 2020 17:28:13  INFO basepage.py wait_elevisible [ line:40 ] 等待('xpath', '//button[text()="确定"]')元素可见,耗时0.017949819564819336
 Fri, 21 Aug 2020 17:28:14  INFO basepage.py get_element [ line:73 ] 查找确定的元素('xpath', '//button[text()="确定"]')成功。
 Fri, 21 Aug 2020 17:28:14  INFO basepage.py click [ line:141 ] 向('xpath', '//button[text()="确定"]')元素点击成功
 Fri, 21 Aug 2020 17:28:14  INFO basepage.py wait_elevisible [ line:40 ] 等待('xpath', '//button[text()="设置节点"]')元素可见,耗时0.019911527633666992
 Fri, 21 Aug 2020 17:28:14  INFO basepage.py get_element [ line:73 ] 查找设置节点的元素('xpath', '//button[text()="设置节点"]')成功。
 Fri, 21 Aug 2020 17:28:14  INFO basepage.py click [ line:141 ] 向('xpath', '//button[text()="设置节点"]')元素点击成功
 Fri, 21 Aug 2020 17:28:15  INFO basepage.py wait_elevisible [ line:40 ] 等待('xpath', '//span[@id="team-tree3_2_check"]')元素可见,耗时0.024729013442993164
 Fri, 21 Aug 2020 17:28:15  INFO basepage.py get_element [ line:73 ] 查找勾选'01-设计输入资料'的元素('xpath', '//span[@id="team-tree3_2_check"]')成功。
 Fri, 21 Aug 2020 17:28:15  INFO basepage.py click [ line:141 ] 向('xpath', '//span[@id="team-tree3_2_check"]')元素点击成功
 Fri, 21 Aug 2020 17:28:16  INFO basepage.py wait_elevisible [ line:40 ] 等待('xpath', '//a[@id="team-tree3_2_a"]//b')元素可见,耗时0.03191256523132324
 Fri, 21 Aug 2020 17:28:16  INFO basepage.py get_element [ line:73 ] 查找选择的元素('xpath', '//a[@id="team-tree3_2_a"]//b')成功。
 Fri, 21 Aug 2020 17:28:16  INFO basepage.py click [ line:141 ] 向('xpath', '//a[@id="team-tree3_2_a"]//b')元素点击成功
 Fri, 21 Aug 2020 17:28:16  INFO basepage.py wait_elevisible [ line:40 ] 等待('xpath', '//span[@id="team-tree1_6_check"]')元素可见,耗时0.02266383171081543
 Fri, 21 Aug 2020 17:28:16  INFO basepage.py get_element [ line:73 ] 查找选择'海清'的元素('xpath', '//span[@id="team-tree1_6_check"]')成功。
 Fri, 21 Aug 2020 17:28:16  INFO basepage.py click [ line:141 ] 向('xpath', '//span[@id="team-tree1_6_check"]')元素点击成功
 Fri, 21 Aug 2020 17:28:19  INFO basepage.py wait_elevisible [ line:40 ] 等待('xpath', '//button[text()="确定"]')元素可见,耗时0.0185701847076416
 Fri, 21 Aug 2020 17:28:19  INFO basepage.py get_element [ line:73 ] 查找确定的元素('xpath', '//button[text()="确定"]')成功。
 Fri, 21 Aug 2020 17:28:19  INFO basepage.py click [ line:141 ] 向('xpath', '//button[text()="确定"]')元素点击成功
 Fri, 21 Aug 2020 17:28:20  INFO basepage.py wait_elevisible [ line:40 ] 等待('xpath', '//button[text()="确定"]')元素可见,耗时0.029657602310180664
 Fri, 21 Aug 2020 17:28:20  INFO basepage.py get_element [ line:73 ] 查找确定的元素('xpath', '//button[text()="确定"]')成功。
 Fri, 21 Aug 2020 17:28:20  INFO basepage.py click [ line:141 ] 向('xpath', '//button[text()="确定"]')元素点击成功
 Fri, 21 Aug 2020 17:28:20  INFO basepage.py wait_elevisible [ line:40 ] 等待('xpath', '//label[text()="设计校审"]/span')元素可见,耗时0.026651859283447266
 Fri, 21 Aug 2020 17:28:20  INFO basepage.py get_element [ line:73 ] 查找勾选设计校审的元素('xpath', '//label[text()="设计校审"]/span')成功。
 Fri, 21 Aug 2020 17:28:20  INFO basepage.py click [ line:141 ] 向('xpath', '//label[text()="设计校审"]/span')元素点击成功
 Fri, 21 Aug 2020 17:28:21  INFO basepage.py wait_elevisible [ line:40 ] 等待('xpath', '//div[@id="children-span"]/div[@class="su_form_control su_select_box"]')元素可见,耗时0.0195162296295166
 Fri, 21 Aug 2020 17:28:21  INFO basepage.py get_element [ line:73 ] 查找点击标准校审级别的元素('xpath', '//div[@id="children-span"]/div[@class="su_form_control su_select_box"]')成功。
 Fri, 21 Aug 2020 17:28:21  INFO basepage.py click [ line:141 ] 向('xpath', '//div[@id="children-span"]/div[@class="su_form_control su_select_box"]')元素点击成功
 Fri, 21 Aug 2020 17:28:21  INFO basepage.py wait_elevisible [ line:40 ] 等待('xpath', '//a[@title="无"]')元素可见,耗时0.032945871353149414
 Fri, 21 Aug 2020 17:28:21  INFO basepage.py get_element [ line:73 ] 查找选择无的元素('xpath', '//a[@title="无"]')成功。
 Fri, 21 Aug 2020 17:28:21  INFO basepage.py click [ line:141 ] 向('xpath', '//a[@title="无"]')元素点击成功
 Fri, 21 Aug 2020 17:28:22  INFO basepage.py wait_elevisible [ line:40 ] 等待('xpath', '//span[text()="—"]/preceding-sibling::div')元素可见,耗时0.020911216735839844
 Fri, 21 Aug 2020 17:28:22  INFO basepage.py get_element [ line:73 ] 查找开始时间的元素('xpath', '//span[text()="—"]/preceding-sibling::div')成功。
 Fri, 21 Aug 2020 17:28:22  INFO basepage.py click [ line:141 ] 向('xpath', '//span[text()="—"]/preceding-sibling::div')元素点击成功
 Fri, 21 Aug 2020 17:28:22  INFO basepage.py wait_elevisible [ line:40 ] 等待('xpath', '//span[text()="—"]/preceding-sibling::div//span[text()="确定"]')元素可见,耗时0.02659010887145996
 Fri, 21 Aug 2020 17:28:22  INFO basepage.py get_element [ line:73 ] 查找确定时间的元素('xpath', '//span[text()="—"]/preceding-sibling::div//span[text()="确定"]')成功。
 Fri, 21 Aug 2020 17:28:22  INFO basepage.py click [ line:141 ] 向('xpath', '//span[text()="—"]/preceding-sibling::div//span[text()="确定"]')元素点击成功
 Fri, 21 Aug 2020 17:28:23  INFO basepage.py wait_elevisible [ line:40 ] 等待('xpath', '//span[text()="—"]/following-sibling::div')元素可见,耗时0.02190852165222168
 Fri, 21 Aug 2020 17:28:23  INFO basepage.py get_element [ line:73 ] 查找结束时间的元素('xpath', '//span[text()="—"]/following-sibling::div')成功。
 Fri, 21 Aug 2020 17:28:23  INFO basepage.py click [ line:141 ] 向('xpath', '//span[text()="—"]/following-sibling::div')元素点击成功
 Fri, 21 Aug 2020 17:28:24  INFO basepage.py wait_elevisible [ line:40 ] 等待('xpath', '//span[text()="—"]/following-sibling::div//span[text()="确定"]')元素可见,耗时0.03264355659484863
 Fri, 21 Aug 2020 17:28:24  INFO basepage.py get_element [ line:73 ] 查找确定时间的元素('xpath', '//span[text()="—"]/following-sibling::div//span[text()="确定"]')成功。
 Fri, 21 Aug 2020 17:28:24  INFO basepage.py click [ line:141 ] 向('xpath', '//span[text()="—"]/following-sibling::div//span[text()="确定"]')元素点击成功
 Fri, 21 Aug 2020 17:28:24  INFO basepage.py wait_elevisible [ line:40 ] 等待('xpath', '//button[text()="创建"]')元素可见,耗时0.027605533599853516
 Fri, 21 Aug 2020 17:28:24  INFO basepage.py get_element [ line:73 ] 查找创建的元素('xpath', '//button[text()="创建"]')成功。
 Fri, 21 Aug 2020 17:28:24  INFO basepage.py click [ line:141 ] 向('xpath', '//button[text()="创建"]')元素点击成功
 Fri, 21 Aug 2020 17:28:36  ERROR basepage.py wait_elevisible [ line:34 ] 等待('xpath', '//div[@class="pjlist-box mt-10"]')元素可见超时
Traceback (most recent call last):
  File "C:\Users\张少敬\Desktop\dhvirtest\Design_institute_1.4\Common\basepage.py", line 32, in wait_elevisible
    WebDriverWait(self.driver,timeout,frequency).until(EC.visibility_of_element_located(loc))
  File "D:\Python\lib\site-packages\selenium\webdriver\support\wait.py", line 71, in until
    value = method(self._driver)
  File "D:\Python\lib\site-packages\selenium\webdriver\support\expected_conditions.py", line 128, in __call__
    return _element_if_visible(_find_element(driver, self.locator))
  File "D:\Python\lib\site-packages\selenium\webdriver\support\expected_conditions.py", line 148, in _element_if_visible
    return element if element.is_displayed() == visibility else False
AttributeError: 'NoneType' object has no attribute 'is_displayed'
 Fri, 21 Aug 2020 17:28:36  ERROR basepage.py do_save_screenshot [ line:259 ] 网页截图操作失败
Traceback (most recent call last):
  File "C:\Users\张少敬\Desktop\dhvirtest\Design_institute_1.4\Common\basepage.py", line 32, in wait_elevisible
    WebDriverWait(self.driver,timeout,frequency).until(EC.visibility_of_element_located(loc))
  File "D:\Python\lib\site-packages\selenium\webdriver\support\wait.py", line 71, in until
    value = method(self._driver)
  File "D:\Python\lib\site-packages\selenium\webdriver\support\expected_conditions.py", line 128, in __call__
    return _element_if_visible(_find_element(driver, self.locator))
  File "D:\Python\lib\site-packages\selenium\webdriver\support\expected_conditions.py", line 148, in _element_if_visible
    return element if element.is_displayed() == visibility else False
AttributeError: 'NoneType' object has no attribute 'is_displayed'

During handling of the above exception, another exception occurred:

Traceback (most recent call last):
  File "C:\Users\张少敬\Desktop\dhvirtest\Design_institute_1.4\Common\basepage.py", line 257, in do_save_screenshot
    self.driver.save_screenshot(file)
  File "D:\Python\lib\site-packages\selenium\webdriver\remote\webdriver.py", line 1055, in save_screenshot
    return self.get_screenshot_as_file(filename)
  File "D:\Python\lib\site-packages\selenium\webdriver\remote\webdriver.py", line 1032, in get_screenshot_as_file
    png = self.get_screenshot_as_png()
  File "D:\Python\lib\site-packages\selenium\webdriver\remote\webdriver.py", line 1064, in get_screenshot_as_png
    return base64.b64decode(self.get_screenshot_as_base64().encode('ascii'))
  File "D:\Python\lib\site-packages\selenium\webdriver\remote\webdriver.py", line 1074, in get_screenshot_as_base64
    return self.execute(Command.SCREENSHOT)['value']
  File "D:\Python\lib\site-packages\selenium\webdriver\remote\webdriver.py", line 321, in execute
    self.error_handler.check_response(response)
  File "D:\Python\lib\site-packages\selenium\webdriver\remote\errorhandler.py", line 242, in check_response
    raise exception_class(message, screen, stacktrace)
selenium.common.exceptions.NoSuchWindowException: Message: no such window: target window already closed
from unknown error: web view not found
  (Session info: chrome=81.0.4044.122)

 Fri, 21 Aug 2020 17:28:37  ERROR basepage.py wait_elevisible [ line:34 ] 等待('xpath', '//span[text()="退出"]/parent::a')元素可见超时
Traceback (most recent call last):
  File "C:\Users\张少敬\Desktop\dhvirtest\Design_institute_1.4\Common\basepage.py", line 32, in wait_elevisible
    WebDriverWait(self.driver,timeout,frequency).until(EC.visibility_of_element_located(loc))
  File "D:\Python\lib\site-packages\selenium\webdriver\support\wait.py", line 71, in until
    value = method(self._driver)
  File "D:\Python\lib\site-packages\selenium\webdriver\support\expected_conditions.py", line 128, in __call__
    return _element_if_visible(_find_element(driver, self.locator))
  File "D:\Python\lib\site-packages\selenium\webdriver\support\expected_conditions.py", line 415, in _find_element
    raise e
  File "D:\Python\lib\site-packages\selenium\webdriver\support\expected_conditions.py", line 411, in _find_element
    return driver.find_element(*by)
  File "D:\Python\lib\site-packages\selenium\webdriver\remote\webdriver.py", line 978, in find_element
    'value': value})['value']
  File "D:\Python\lib\site-packages\selenium\webdriver\remote\webdriver.py", line 321, in execute
    self.error_handler.check_response(response)
  File "D:\Python\lib\site-packages\selenium\webdriver\remote\errorhandler.py", line 242, in check_response
    raise exception_class(message, screen, stacktrace)
selenium.common.exceptions.NoSuchWindowException: Message: no such window: target window already closed
from unknown error: web view not found
  (Session info: chrome=81.0.4044.122)

 Fri, 21 Aug 2020 17:28:37  ERROR basepage.py do_save_screenshot [ line:259 ] 网页截图操作失败
Traceback (most recent call last):
  File "C:\Users\张少敬\Desktop\dhvirtest\Design_institute_1.4\Common\basepage.py", line 32, in wait_elevisible
    WebDriverWait(self.driver,timeout,frequency).until(EC.visibility_of_element_located(loc))
  File "D:\Python\lib\site-packages\selenium\webdriver\support\wait.py", line 71, in until
    value = method(self._driver)
  File "D:\Python\lib\site-packages\selenium\webdriver\support\expected_conditions.py", line 128, in __call__
    return _element_if_visible(_find_element(driver, self.locator))
  File "D:\Python\lib\site-packages\selenium\webdriver\support\expected_conditions.py", line 415, in _find_element
    raise e
  File "D:\Python\lib\site-packages\selenium\webdriver\support\expected_conditions.py", line 411, in _find_element
    return driver.find_element(*by)
  File "D:\Python\lib\site-packages\selenium\webdriver\remote\webdriver.py", line 978, in find_element
    'value': value})['value']
  File "D:\Python\lib\site-packages\selenium\webdriver\remote\webdriver.py", line 321, in execute
    self.error_handler.check_response(response)
  File "D:\Python\lib\site-packages\selenium\webdriver\remote\errorhandler.py", line 242, in check_response
    raise exception_class(message, screen, stacktrace)
selenium.common.exceptions.NoSuchWindowException: Message: no such window: target window already closed
from unknown error: web view not found
  (Session info: chrome=81.0.4044.122)


During handling of the above exception, another exception occurred:

Traceback (most recent call last):
  File "C:\Users\张少敬\Desktop\dhvirtest\Design_institute_1.4\Common\basepage.py", line 257, in do_save_screenshot
    self.driver.save_screenshot(file)
  File "D:\Python\lib\site-packages\selenium\webdriver\remote\webdriver.py", line 1055, in save_screenshot
    return self.get_screenshot_as_file(filename)
  File "D:\Python\lib\site-packages\selenium\webdriver\remote\webdriver.py", line 1032, in get_screenshot_as_file
    png = self.get_screenshot_as_png()
  File "D:\Python\lib\site-packages\selenium\webdriver\remote\webdriver.py", line 1064, in get_screenshot_as_png
    return base64.b64decode(self.get_screenshot_as_base64().encode('ascii'))
  File "D:\Python\lib\site-packages\selenium\webdriver\remote\webdriver.py", line 1074, in get_screenshot_as_base64
    return self.execute(Command.SCREENSHOT)['value']
  File "D:\Python\lib\site-packages\selenium\webdriver\remote\webdriver.py", line 321, in execute
    self.error_handler.check_response(response)
  File "D:\Python\lib\site-packages\selenium\webdriver\remote\errorhandler.py", line 242, in check_response
    raise exception_class(message, screen, stacktrace)
selenium.common.exceptions.NoSuchWindowException: Message: no such window: target window already closed
from unknown error: web view not found
  (Session info: chrome=81.0.4044.122)

 Fri, 21 Aug 2020 17:28:38  ERROR basepage.py wait_elevisible [ line:34 ] 等待('xpath', '//span[text()="退出"]/parent::a')元素可见超时
Traceback (most recent call last):
  File "C:\Users\张少敬\Desktop\dhvirtest\Design_institute_1.4\Common\basepage.py", line 32, in wait_elevisible
    WebDriverWait(self.driver,timeout,frequency).until(EC.visibility_of_element_located(loc))
  File "D:\Python\lib\site-packages\selenium\webdriver\support\wait.py", line 71, in until
    value = method(self._driver)
  File "D:\Python\lib\site-packages\selenium\webdriver\support\expected_conditions.py", line 128, in __call__
    return _element_if_visible(_find_element(driver, self.locator))
  File "D:\Python\lib\site-packages\selenium\webdriver\support\expected_conditions.py", line 415, in _find_element
    raise e
  File "D:\Python\lib\site-packages\selenium\webdriver\support\expected_conditions.py", line 411, in _find_element
    return driver.find_element(*by)
  File "D:\Python\lib\site-packages\selenium\webdriver\remote\webdriver.py", line 978, in find_element
    'value': value})['value']
  File "D:\Python\lib\site-packages\selenium\webdriver\remote\webdriver.py", line 321, in execute
    self.error_handler.check_response(response)
  File "D:\Python\lib\site-packages\selenium\webdriver\remote\errorhandler.py", line 242, in check_response
    raise exception_class(message, screen, stacktrace)
selenium.common.exceptions.NoSuchWindowException: Message: no such window: target window already closed
from unknown error: web view not found
  (Session info: chrome=81.0.4044.122)

 Fri, 21 Aug 2020 17:28:38  ERROR basepage.py do_save_screenshot [ line:259 ] 网页截图操作失败
Traceback (most recent call last):
  File "C:\Users\张少敬\Desktop\dhvirtest\Design_institute_1.4\Common\basepage.py", line 32, in wait_elevisible
    WebDriverWait(self.driver,timeout,frequency).until(EC.visibility_of_element_located(loc))
  File "D:\Python\lib\site-packages\selenium\webdriver\support\wait.py", line 71, in until
    value = method(self._driver)
  File "D:\Python\lib\site-packages\selenium\webdriver\support\expected_conditions.py", line 128, in __call__
    return _element_if_visible(_find_element(driver, self.locator))
  File "D:\Python\lib\site-packages\selenium\webdriver\support\expected_conditions.py", line 415, in _find_element
    raise e
  File "D:\Python\lib\site-packages\selenium\webdriver\support\expected_conditions.py", line 411, in _find_element
    return driver.find_element(*by)
  File "D:\Python\lib\site-packages\selenium\webdriver\remote\webdriver.py", line 978, in find_element
    'value': value})['value']
  File "D:\Python\lib\site-packages\selenium\webdriver\remote\webdriver.py", line 321, in execute
    self.error_handler.check_response(response)
  File "D:\Python\lib\site-packages\selenium\webdriver\remote\errorhandler.py", line 242, in check_response
    raise exception_class(message, screen, stacktrace)
selenium.common.exceptions.NoSuchWindowException: Message: no such window: target window already closed
from unknown error: web view not found
  (Session info: chrome=81.0.4044.122)


During handling of the above exception, another exception occurred:

Traceback (most recent call last):
  File "C:\Users\张少敬\Desktop\dhvirtest\Design_institute_1.4\Common\basepage.py", line 257, in do_save_screenshot
    self.driver.save_screenshot(file)
  File "D:\Python\lib\site-packages\selenium\webdriver\remote\webdriver.py", line 1055, in save_screenshot
    return self.get_screenshot_as_file(filename)
  File "D:\Python\lib\site-packages\selenium\webdriver\remote\webdriver.py", line 1032, in get_screenshot_as_file
    png = self.get_screenshot_as_png()
  File "D:\Python\lib\site-packages\selenium\webdriver\remote\webdriver.py", line 1064, in get_screenshot_as_png
    return base64.b64decode(self.get_screenshot_as_base64().encode('ascii'))
  File "D:\Python\lib\site-packages\selenium\webdriver\remote\webdriver.py", line 1074, in get_screenshot_as_base64
    return self.execute(Command.SCREENSHOT)['value']
  File "D:\Python\lib\site-packages\selenium\webdriver\remote\webdriver.py", line 321, in execute
    self.error_handler.check_response(response)
  File "D:\Python\lib\site-packages\selenium\webdriver\remote\errorhandler.py", line 242, in check_response
    raise exception_class(message, screen, stacktrace)
selenium.common.exceptions.NoSuchWindowException: Message: no such window: target window already closed
from unknown error: web view not found
  (Session info: chrome=81.0.4044.122)

