 Fri, 21 Aug 2020 09:54:21  INFO basepage.py wait_elevisible [ line:40 ] 等待('xpath', '//span[text()="退出"]/parent::a')元素可见,耗时1.2556304931640625
 Fri, 21 Aug 2020 09:54:21  INFO basepage.py get_element [ line:73 ] 查找退出系统的元素('xpath', '//span[text()="退出"]/parent::a')成功。
 Fri, 21 Aug 2020 09:54:21  INFO basepage.py click [ line:141 ] 向('xpath', '//span[text()="退出"]/parent::a')元素点击成功
 Fri, 21 Aug 2020 09:54:22  INFO basepage.py wait_elevisible [ line:40 ] 等待('xpath', '//input[@id="loginName"]')元素可见,耗时0.5306055545806885
 Fri, 21 Aug 2020 09:54:22  INFO basepage.py get_element [ line:73 ] 查找输入用户名的元素('xpath', '//input[@id="loginName"]')成功。
 Fri, 21 Aug 2020 09:54:22  INFO basepage.py input_text [ line:97 ] 向('xpath', '//input[@id="loginName"]')元素输入18612356691成功
 Fri, 21 Aug 2020 09:54:22  INFO basepage.py wait_elevisible [ line:40 ] 等待('xpath', '//input[@id="password"]')元素可见,耗时0.014960289001464844
 Fri, 21 Aug 2020 09:54:22  INFO basepage.py get_element [ line:73 ] 查找输入密码的元素('xpath', '//input[@id="password"]')成功。
 Fri, 21 Aug 2020 09:54:22  INFO basepage.py input_text [ line:97 ] 向('xpath', '//input[@id="password"]')元素输入123456成功
 Fri, 21 Aug 2020 09:54:22  INFO basepage.py wait_elevisible [ line:40 ] 等待('xpath', '//li[@class="cp"]')元素可见,耗时0.025838613510131836
 Fri, 21 Aug 2020 09:54:22  INFO basepage.py get_element [ line:73 ] 查找登陆的元素('xpath', '//li[@class="cp"]')成功。
 Fri, 21 Aug 2020 09:54:23  INFO basepage.py click [ line:141 ] 向('xpath', '//li[@class="cp"]')元素点击成功
 Fri, 21 Aug 2020 09:54:23  INFO basepage.py wait_elevisible [ line:40 ] 等待('xpath', '//span[contains(text(),"项目管理")]/parent::a')元素可见,耗时0.47347164154052734
 Fri, 21 Aug 2020 09:54:23  INFO basepage.py get_element [ line:73 ] 查找首页_点击'项目管理'的元素('xpath', '//span[contains(text(),"项目管理")]/parent::a')成功。
 Fri, 21 Aug 2020 09:54:24  INFO basepage.py click [ line:141 ] 向('xpath', '//span[contains(text(),"项目管理")]/parent::a')元素点击成功
 Fri, 21 Aug 2020 09:54:24  INFO basepage.py wait_elevisible [ line:40 ] 等待('xpath', '//span[contains(text(),"项目台账")]/parent::a')元素可见,耗时0.023901939392089844
 Fri, 21 Aug 2020 09:54:24  INFO basepage.py get_element [ line:73 ] 查找首页_点击'项目台账'的元素('xpath', '//span[contains(text(),"项目台账")]/parent::a')成功。
 Fri, 21 Aug 2020 09:54:24  INFO basepage.py click [ line:141 ] 向('xpath', '//span[contains(text(),"项目台账")]/parent::a')元素点击成功
 Fri, 21 Aug 2020 09:54:25  INFO basepage.py wait_elevisible [ line:40 ] 等待('xpath', '//div[@class="nodatap"]')元素可见,耗时0.5395572185516357
 Fri, 21 Aug 2020 09:54:25  INFO basepage.py get_element [ line:73 ] 查找项目台账为空提示语的元素('xpath', '//div[@class="nodatap"]')成功。
 Fri, 21 Aug 2020 09:54:25  INFO basepage.py get_element_text [ line:184 ] 获取('xpath', '//div[@class="nodatap"]')元素文本值成功
 Fri, 21 Aug 2020 09:54:25  INFO basepage.py wait_elevisible [ line:40 ] 等待('xpath', '//span[contains(text(),"添加项目")]')元素可见,耗时0.03087925910949707
 Fri, 21 Aug 2020 09:54:25  INFO basepage.py get_element [ line:73 ] 查找首页_点击'添加项目'的元素('xpath', '//span[contains(text(),"添加项目")]')成功。
 Fri, 21 Aug 2020 09:54:25  INFO basepage.py click [ line:141 ] 向('xpath', '//span[contains(text(),"添加项目")]')元素点击成功
 Fri, 21 Aug 2020 09:54:26  INFO basepage.py wait_elevisible [ line:40 ] 等待('xpath', '//label[contains(text(),"项目名称")]/following-sibling::div//input')元素可见,耗时0.8756921291351318
 Fri, 21 Aug 2020 09:54:26  INFO basepage.py get_element [ line:73 ] 查找输入'项目名称'的元素('xpath', '//label[contains(text(),"项目名称")]/following-sibling::div//input')成功。
 Fri, 21 Aug 2020 09:54:26  INFO basepage.py input_text [ line:97 ] 向('xpath', '//label[contains(text(),"项目名称")]/following-sibling::div//input')元素输入测试_线路工程3成功
 Fri, 21 Aug 2020 09:54:26  INFO basepage.py wait_elevisible [ line:40 ] 等待('xpath', '//label[contains(text(),"项目编号")]/following-sibling::div//input')元素可见,耗时0.01994633674621582
 Fri, 21 Aug 2020 09:54:26  INFO basepage.py get_element [ line:73 ] 查找输入'项目编号'的元素('xpath', '//label[contains(text(),"项目编号")]/following-sibling::div//input')成功。
 Fri, 21 Aug 2020 09:54:26  INFO basepage.py input_text [ line:97 ] 向('xpath', '//label[contains(text(),"项目编号")]/following-sibling::div//input')元素输入10086成功
 Fri, 21 Aug 2020 09:54:27  INFO basepage.py wait_elevisible [ line:40 ] 等待('xpath', '//label[text()="项目类型："]/following-sibling::div//div[@class="su_form_control su_select_box"]')元素可见,耗时0.03171086311340332
 Fri, 21 Aug 2020 09:54:27  INFO basepage.py get_element [ line:73 ] 查找点击项目类型下拉框的元素('xpath', '//label[text()="项目类型："]/following-sibling::div//div[@class="su_form_control su_select_box"]')成功。
 Fri, 21 Aug 2020 09:54:27  INFO basepage.py click [ line:141 ] 向('xpath', '//label[text()="项目类型："]/following-sibling::div//div[@class="su_form_control su_select_box"]')元素点击成功
 Fri, 21 Aug 2020 09:54:28  INFO basepage.py wait_elevisible [ line:40 ] 等待('xpath', '//a[@title="线路工程"]/parent::li')元素可见,耗时0.02963399887084961
 Fri, 21 Aug 2020 09:54:28  INFO basepage.py get_element [ line:73 ] 查找选择'线路工程'的元素('xpath', '//a[@title="线路工程"]/parent::li')成功。
 Fri, 21 Aug 2020 09:54:28  INFO basepage.py click [ line:141 ] 向('xpath', '//a[@title="线路工程"]/parent::li')元素点击成功
 Fri, 21 Aug 2020 09:54:28  INFO basepage.py wait_elevisible [ line:40 ] 等待('xpath', '//label[text()="架空"]/span')元素可见,耗时0.029637575149536133
 Fri, 21 Aug 2020 09:54:28  INFO basepage.py get_element [ line:73 ] 查找勾选'架空'的元素('xpath', '//label[text()="架空"]/span')成功。
 Fri, 21 Aug 2020 09:54:28  INFO basepage.py click [ line:141 ] 向('xpath', '//label[text()="架空"]/span')元素点击成功
 Fri, 21 Aug 2020 09:54:29  INFO basepage.py wait_elevisible [ line:40 ] 等待('xpath', '//label[text()="设计阶段："]/following-sibling::div')元素可见,耗时0.027660369873046875
 Fri, 21 Aug 2020 09:54:29  INFO basepage.py get_element [ line:73 ] 查找设计阶段下拉框的元素('xpath', '//label[text()="设计阶段："]/following-sibling::div')成功。
 Fri, 21 Aug 2020 09:54:29  INFO basepage.py click [ line:141 ] 向('xpath', '//label[text()="设计阶段："]/following-sibling::div')元素点击成功
 Fri, 21 Aug 2020 09:54:29  INFO basepage.py wait_elevisible [ line:40 ] 等待('xpath', '//a[@title="施工图"]/parent::li')元素可见,耗时0.02060413360595703
 Fri, 21 Aug 2020 09:54:29  INFO basepage.py get_element [ line:73 ] 查找设计阶段选择施工图的元素('xpath', '//a[@title="施工图"]/parent::li')成功。
 Fri, 21 Aug 2020 09:54:29  INFO basepage.py click [ line:141 ] 向('xpath', '//a[@title="施工图"]/parent::li')元素点击成功
 Fri, 21 Aug 2020 09:54:30  INFO basepage.py wait_elevisible [ line:40 ] 等待('xpath', '//label[text()="电压等级："]/following-sibling::div')元素可见,耗时0.021574020385742188
 Fri, 21 Aug 2020 09:54:30  INFO basepage.py get_element [ line:73 ] 查找电压等级下拉框的元素('xpath', '//label[text()="电压等级："]/following-sibling::div')成功。
 Fri, 21 Aug 2020 09:54:30  INFO basepage.py click [ line:141 ] 向('xpath', '//label[text()="电压等级："]/following-sibling::div')元素点击成功
 Fri, 21 Aug 2020 09:54:30  INFO basepage.py wait_elevisible [ line:40 ] 等待('xpath', '//a[@title="35kV"]/parent::li')元素可见,耗时0.030692577362060547
 Fri, 21 Aug 2020 09:54:30  INFO basepage.py get_element [ line:73 ] 查找电压等级选择35kv的元素('xpath', '//a[@title="35kV"]/parent::li')成功。
 Fri, 21 Aug 2020 09:54:31  INFO basepage.py click [ line:141 ] 向('xpath', '//a[@title="35kV"]/parent::li')元素点击成功
 Fri, 21 Aug 2020 09:54:31  INFO basepage.py wait_elevisible [ line:40 ] 等待('xpath', '//label[text()="建设性质："]/following-sibling::div')元素可见,耗时0.024668216705322266
 Fri, 21 Aug 2020 09:54:31  INFO basepage.py get_element [ line:73 ] 查找建设性质下拉框的元素('xpath', '//label[text()="建设性质："]/following-sibling::div')成功。
 Fri, 21 Aug 2020 09:54:31  INFO basepage.py click [ line:141 ] 向('xpath', '//label[text()="建设性质："]/following-sibling::div')元素点击成功
 Fri, 21 Aug 2020 09:54:32  INFO basepage.py wait_elevisible [ line:40 ] 等待('xpath', '//a[@title="新版绩效建设性质"]/parent::li')元素可见,耗时0.02059459686279297
 Fri, 21 Aug 2020 09:54:32  INFO basepage.py get_element [ line:73 ] 查找新版绩效建设性质的元素('xpath', '//a[@title="新版绩效建设性质"]/parent::li')成功。
 Fri, 21 Aug 2020 09:54:32  INFO basepage.py click [ line:141 ] 向('xpath', '//a[@title="新版绩效建设性质"]/parent::li')元素点击成功
 Fri, 21 Aug 2020 09:54:32  INFO basepage.py wait_elevisible [ line:40 ] 等待('xpath', '//button[text()="选择成员"]')元素可见,耗时0.02056717872619629
 Fri, 21 Aug 2020 09:54:32  INFO basepage.py get_element [ line:73 ] 查找点击'选择成员'的元素('xpath', '//button[text()="选择成员"]')成功。
 Fri, 21 Aug 2020 09:54:32  INFO basepage.py click [ line:141 ] 向('xpath', '//button[text()="选择成员"]')元素点击成功
 Fri, 21 Aug 2020 09:54:33  INFO basepage.py wait_elevisible [ line:40 ] 等待('xpath', '//li[text()="项目经理"]')元素可见,耗时0.03267669677734375
 Fri, 21 Aug 2020 09:54:33  INFO basepage.py get_element [ line:73 ] 查找点击'项目经理'的元素('xpath', '//li[text()="项目经理"]')成功。
 Fri, 21 Aug 2020 09:54:33  INFO basepage.py click [ line:141 ] 向('xpath', '//li[text()="项目经理"]')元素点击成功
 Fri, 21 Aug 2020 09:54:33  INFO basepage.py wait_elevisible [ line:40 ] 等待('xpath', '//span[text()="添加成员"]/parent::li')元素可见,耗时0.026891231536865234
 Fri, 21 Aug 2020 09:54:33  INFO basepage.py get_element [ line:73 ] 查找点击'添加成员'的元素('xpath', '//span[text()="添加成员"]/parent::li')成功。
 Fri, 21 Aug 2020 09:54:34  INFO basepage.py click [ line:141 ] 向('xpath', '//span[text()="添加成员"]/parent::li')元素点击成功
 Fri, 21 Aug 2020 09:54:34  INFO basepage.py wait_elevisible [ line:40 ] 等待('xpath', '//a[@title="郑凯"]/parent::li/span[@class="button chk checkbox_false_full"]')元素可见,耗时0.027659893035888672
 Fri, 21 Aug 2020 09:54:34  INFO basepage.py get_element [ line:73 ] 查找勾选'郑凯'的元素('xpath', '//a[@title="郑凯"]/parent::li/span[@class="button chk checkbox_false_full"]')成功。
 Fri, 21 Aug 2020 09:54:34  INFO basepage.py click [ line:141 ] 向('xpath', '//a[@title="郑凯"]/parent::li/span[@class="button chk checkbox_false_full"]')元素点击成功
 Fri, 21 Aug 2020 09:54:35  INFO basepage.py wait_elevisible [ line:40 ] 等待('xpath', '//button[text()="确定"]')元素可见,耗时0.01965475082397461
 Fri, 21 Aug 2020 09:54:35  INFO basepage.py get_element [ line:73 ] 查找点击'确定'按钮的元素('xpath', '//button[text()="确定"]')成功。
 Fri, 21 Aug 2020 09:54:35  INFO basepage.py click [ line:141 ] 向('xpath', '//button[text()="确定"]')元素点击成功
 Fri, 21 Aug 2020 09:54:36  INFO basepage.py wait_elevisible [ line:40 ] 等待('xpath', '//li[text()="设总"]')元素可见,耗时0.022617101669311523
 Fri, 21 Aug 2020 09:54:36  INFO basepage.py get_element [ line:73 ] 查找点击'设总'的元素('xpath', '//li[text()="设总"]')成功。
 Fri, 21 Aug 2020 09:54:36  INFO basepage.py click [ line:141 ] 向('xpath', '//li[text()="设总"]')元素点击成功
 Fri, 21 Aug 2020 09:54:36  INFO basepage.py wait_elevisible [ line:40 ] 等待('xpath', '//span[text()="添加成员"]/parent::li')元素可见,耗时0.017628908157348633
 Fri, 21 Aug 2020 09:54:36  INFO basepage.py get_element [ line:73 ] 查找点击'添加成员'的元素('xpath', '//span[text()="添加成员"]/parent::li')成功。
 Fri, 21 Aug 2020 09:54:36  INFO basepage.py click [ line:141 ] 向('xpath', '//span[text()="添加成员"]/parent::li')元素点击成功
 Fri, 21 Aug 2020 09:54:37  INFO basepage.py wait_elevisible [ line:40 ] 等待('xpath', '//a[@title="龙美心"]/parent::li/span[@class="button chk checkbox_false_full"]')元素可见,耗时0.023531675338745117
 Fri, 21 Aug 2020 09:54:37  INFO basepage.py get_element [ line:73 ] 查找勾选龙美心的元素('xpath', '//a[@title="龙美心"]/parent::li/span[@class="button chk checkbox_false_full"]')成功。
 Fri, 21 Aug 2020 09:54:37  INFO basepage.py click [ line:141 ] 向('xpath', '//a[@title="龙美心"]/parent::li/span[@class="button chk checkbox_false_full"]')元素点击成功
 Fri, 21 Aug 2020 09:54:38  INFO basepage.py wait_elevisible [ line:40 ] 等待('xpath', '//a[@title="海清"]/parent::li/span[@class="button chk checkbox_false_full"]')元素可见,耗时0.022613525390625
 Fri, 21 Aug 2020 09:54:38  INFO basepage.py get_element [ line:73 ] 查找勾选海清的元素('xpath', '//a[@title="海清"]/parent::li/span[@class="button chk checkbox_false_full"]')成功。
 Fri, 21 Aug 2020 09:54:38  INFO basepage.py click [ line:141 ] 向('xpath', '//a[@title="海清"]/parent::li/span[@class="button chk checkbox_false_full"]')元素点击成功
 Fri, 21 Aug 2020 09:54:38  INFO basepage.py wait_elevisible [ line:40 ] 等待('xpath', '//button[text()="确定"]')元素可见,耗时0.02864217758178711
 Fri, 21 Aug 2020 09:54:38  INFO basepage.py get_element [ line:73 ] 查找点击'确定'按钮的元素('xpath', '//button[text()="确定"]')成功。
 Fri, 21 Aug 2020 09:54:38  INFO basepage.py click [ line:141 ] 向('xpath', '//button[text()="确定"]')元素点击成功
 Fri, 21 Aug 2020 09:54:39  INFO basepage.py wait_elevisible [ line:40 ] 等待('xpath', '//li[text()="总工"]')元素可见,耗时0.02568960189819336
 Fri, 21 Aug 2020 09:54:39  INFO basepage.py get_element [ line:73 ] 查找点击'总工'的元素('xpath', '//li[text()="总工"]')成功。
 Fri, 21 Aug 2020 09:54:39  INFO basepage.py click [ line:141 ] 向('xpath', '//li[text()="总工"]')元素点击成功
 Fri, 21 Aug 2020 09:54:39  INFO basepage.py wait_elevisible [ line:40 ] 等待('xpath', '//span[text()="添加成员"]/parent::li')元素可见,耗时0.02669811248779297
 Fri, 21 Aug 2020 09:54:39  INFO basepage.py get_element [ line:73 ] 查找点击'添加成员'的元素('xpath', '//span[text()="添加成员"]/parent::li')成功。
 Fri, 21 Aug 2020 09:54:40  INFO basepage.py click [ line:141 ] 向('xpath', '//span[text()="添加成员"]/parent::li')元素点击成功
 Fri, 21 Aug 2020 09:54:40  INFO basepage.py wait_elevisible [ line:40 ] 等待('xpath', '//a[@title="海若梦"]/parent::li/span[@class="button chk checkbox_false_full"]')元素可见,耗时0.027603864669799805
 Fri, 21 Aug 2020 09:54:40  INFO basepage.py get_element [ line:73 ] 查找勾选'海若梦'的元素('xpath', '//a[@title="海若梦"]/parent::li/span[@class="button chk checkbox_false_full"]')成功。
 Fri, 21 Aug 2020 09:54:40  INFO basepage.py click [ line:141 ] 向('xpath', '//a[@title="海若梦"]/parent::li/span[@class="button chk checkbox_false_full"]')元素点击成功
 Fri, 21 Aug 2020 09:54:41  INFO basepage.py wait_elevisible [ line:40 ] 等待('xpath', '//a[@title="徐洪雷（恒华）"]/parent::li/span[@class="button chk checkbox_false_full"]')元素可见,耗时0.03390836715698242
 Fri, 21 Aug 2020 09:54:41  INFO basepage.py get_element [ line:73 ] 查找勾选徐鸿磊的元素('xpath', '//a[@title="徐洪雷（恒华）"]/parent::li/span[@class="button chk checkbox_false_full"]')成功。
 Fri, 21 Aug 2020 09:54:41  INFO basepage.py click [ line:141 ] 向('xpath', '//a[@title="徐洪雷（恒华）"]/parent::li/span[@class="button chk checkbox_false_full"]')元素点击成功
 Fri, 21 Aug 2020 09:54:41  INFO basepage.py wait_elevisible [ line:40 ] 等待('xpath', '//button[text()="确定"]')元素可见,耗时0.027683019638061523
 Fri, 21 Aug 2020 09:54:41  INFO basepage.py get_element [ line:73 ] 查找点击'确定'按钮的元素('xpath', '//button[text()="确定"]')成功。
 Fri, 21 Aug 2020 09:54:41  INFO basepage.py click [ line:141 ] 向('xpath', '//button[text()="确定"]')元素点击成功
 Fri, 21 Aug 2020 09:54:42  INFO basepage.py wait_elevisible [ line:40 ] 等待('xpath', '//button[text()="确定"]')元素可见,耗时0.016600608825683594
 Fri, 21 Aug 2020 09:54:42  INFO basepage.py get_element [ line:73 ] 查找点击'确定'按钮的元素('xpath', '//button[text()="确定"]')成功。
 Fri, 21 Aug 2020 09:54:42  INFO basepage.py click [ line:141 ] 向('xpath', '//button[text()="确定"]')元素点击成功
 Fri, 21 Aug 2020 09:54:43  INFO basepage.py wait_elevisible [ line:40 ] 等待('xpath', '//button[text()="设置节点"]')元素可见,耗时0.0318760871887207
 Fri, 21 Aug 2020 09:54:43  INFO basepage.py get_element [ line:73 ] 查找点击'设置节点'的元素('xpath', '//button[text()="设置节点"]')成功。
 Fri, 21 Aug 2020 09:54:43  INFO basepage.py click [ line:141 ] 向('xpath', '//button[text()="设置节点"]')元素点击成功
 Fri, 21 Aug 2020 09:54:43  INFO basepage.py wait_elevisible [ line:40 ] 等待('xpath', '//span[@id="team-tree3_2_check"]')元素可见,耗时0.023934125900268555
 Fri, 21 Aug 2020 09:54:43  INFO basepage.py get_element [ line:73 ] 查找勾选'01-设计输入资料'的元素('xpath', '//span[@id="team-tree3_2_check"]')成功。
 Fri, 21 Aug 2020 09:54:43  INFO basepage.py click [ line:141 ] 向('xpath', '//span[@id="team-tree3_2_check"]')元素点击成功
 Fri, 21 Aug 2020 09:54:44  INFO basepage.py wait_elevisible [ line:40 ] 等待('xpath', '//a[@id="team-tree3_2_a"]//b')元素可见,耗时0.024674415588378906
 Fri, 21 Aug 2020 09:54:44  INFO basepage.py get_element [ line:73 ] 查找点击'01-设计输入资料--选择'的元素('xpath', '//a[@id="team-tree3_2_a"]//b')成功。
 Fri, 21 Aug 2020 09:54:44  INFO basepage.py click [ line:141 ] 向('xpath', '//a[@id="team-tree3_2_a"]//b')元素点击成功
 Fri, 21 Aug 2020 09:54:45  INFO basepage.py wait_elevisible [ line:40 ] 等待('xpath', '//a[@title="海若梦"]/parent::li/span[@class="button chk radio_false_full"]')元素可见,耗时0.031659603118896484
 Fri, 21 Aug 2020 09:54:45  INFO basepage.py get_element [ line:73 ] 查找勾选'海若梦'的元素('xpath', '//a[@title="海若梦"]/parent::li/span[@class="button chk radio_false_full"]')成功。
 Fri, 21 Aug 2020 09:54:45  INFO basepage.py click [ line:141 ] 向('xpath', '//a[@title="海若梦"]/parent::li/span[@class="button chk radio_false_full"]')元素点击成功
 Fri, 21 Aug 2020 09:54:45  INFO basepage.py wait_elevisible [ line:40 ] 等待('xpath', '//button[text()="确定"]')元素可见,耗时0.01659679412841797
 Fri, 21 Aug 2020 09:54:45  INFO basepage.py get_element [ line:73 ] 查找点击'确定'的元素('xpath', '//button[text()="确定"]')成功。
 Fri, 21 Aug 2020 09:54:45  INFO basepage.py click [ line:141 ] 向('xpath', '//button[text()="确定"]')元素点击成功
 Fri, 21 Aug 2020 09:54:46  INFO basepage.py wait_elevisible [ line:40 ] 等待('xpath', '//button[text()="确定"]')元素可见,耗时0.019698619842529297
 Fri, 21 Aug 2020 09:54:46  INFO basepage.py get_element [ line:73 ] 查找点击'确定'的元素('xpath', '//button[text()="确定"]')成功。
 Fri, 21 Aug 2020 09:54:46  INFO basepage.py click [ line:141 ] 向('xpath', '//button[text()="确定"]')元素点击成功
 Fri, 21 Aug 2020 09:54:46  INFO basepage.py wait_elevisible [ line:40 ] 等待('xpath', '//span[text()="设计费："]/parent::li//input')元素可见,耗时0.02097153663635254
 Fri, 21 Aug 2020 09:54:46  INFO basepage.py get_element [ line:73 ] 查找清出设计费默认值的元素('xpath', '//span[text()="设计费："]/parent::li//input')成功。
 Fri, 21 Aug 2020 09:54:46  INFO basepage.py clear_text [ line:119 ] 清除('xpath', '//span[text()="设计费："]/parent::li//input')内容成功
 Fri, 21 Aug 2020 09:54:46  INFO basepage.py wait_elevisible [ line:40 ] 等待('xpath', '//span[text()="设计费："]/parent::li//input')元素可见,耗时0.02195453643798828
 Fri, 21 Aug 2020 09:54:46  INFO basepage.py get_element [ line:73 ] 查找设计费输入50的元素('xpath', '//span[text()="设计费："]/parent::li//input')成功。
 Fri, 21 Aug 2020 09:54:46  INFO basepage.py input_text [ line:97 ] 向('xpath', '//span[text()="设计费："]/parent::li//input')元素输入50成功
 Fri, 21 Aug 2020 09:54:47  INFO basepage.py wait_elevisible [ line:40 ] 等待('xpath', '//label[text()="设计校审"]/span')元素可见,耗时0.03264570236206055
 Fri, 21 Aug 2020 09:54:47  INFO basepage.py get_element [ line:73 ] 查找勾选'设计校审'的元素('xpath', '//label[text()="设计校审"]/span')成功。
 Fri, 21 Aug 2020 09:54:47  INFO basepage.py click [ line:141 ] 向('xpath', '//label[text()="设计校审"]/span')元素点击成功
 Fri, 21 Aug 2020 09:54:47  INFO basepage.py wait_elevisible [ line:40 ] 等待('xpath', '//div[@id="children-span"]/div[@class="su_form_control su_select_box"]')元素可见,耗时0.04463839530944824
 Fri, 21 Aug 2020 09:54:47  INFO basepage.py get_element [ line:73 ] 查找点击标准校审级别的元素('xpath', '//div[@id="children-span"]/div[@class="su_form_control su_select_box"]')成功。
 Fri, 21 Aug 2020 09:54:47  INFO basepage.py click [ line:141 ] 向('xpath', '//div[@id="children-span"]/div[@class="su_form_control su_select_box"]')元素点击成功
 Fri, 21 Aug 2020 09:54:48  INFO basepage.py wait_elevisible [ line:40 ] 等待('xpath', '//a[@title="1级"]')元素可见,耗时0.021634817123413086
 Fri, 21 Aug 2020 09:54:48  INFO basepage.py get_element [ line:73 ] 查找选择1级别的元素('xpath', '//a[@title="1级"]')成功。
 Fri, 21 Aug 2020 09:54:48  INFO basepage.py click [ line:141 ] 向('xpath', '//a[@title="1级"]')元素点击成功
 Fri, 21 Aug 2020 09:54:48  INFO basepage.py wait_elevisible [ line:40 ] 等待('xpath', '//label[text()="可低于标准级别"]/span')元素可见,耗时0.018515348434448242
 Fri, 21 Aug 2020 09:54:48  INFO basepage.py get_element [ line:73 ] 查找可低于标准级别的元素('xpath', '//label[text()="可低于标准级别"]/span')成功。
 Fri, 21 Aug 2020 09:54:48  INFO basepage.py click_by_js [ line:163 ] 向('xpath', '//label[text()="可低于标准级别"]/span')元素点击成功
 Fri, 21 Aug 2020 09:54:49  INFO basepage.py wait_elevisible [ line:40 ] 等待('xpath', '//label[text()="可跳过会签阶段"]/span')元素可见,耗时0.023594141006469727
 Fri, 21 Aug 2020 09:54:49  INFO basepage.py get_element [ line:73 ] 查找勾选'跳过会签'的元素('xpath', '//label[text()="可跳过会签阶段"]/span')成功。
 Fri, 21 Aug 2020 09:54:49  INFO basepage.py click_by_js [ line:163 ] 向('xpath', '//label[text()="可跳过会签阶段"]/span')元素点击成功
 Fri, 21 Aug 2020 09:54:49  INFO basepage.py wait_elevisible [ line:40 ] 等待('xpath', '//span[text()="—"]/preceding-sibling::div')元素可见,耗时0.029651165008544922
 Fri, 21 Aug 2020 09:54:49  INFO basepage.py get_element [ line:73 ] 查找点击'开始时间'的元素('xpath', '//span[text()="—"]/preceding-sibling::div')成功。
 Fri, 21 Aug 2020 09:54:49  INFO basepage.py click [ line:141 ] 向('xpath', '//span[text()="—"]/preceding-sibling::div')元素点击成功
 Fri, 21 Aug 2020 09:54:50  INFO basepage.py wait_elevisible [ line:40 ] 等待('xpath', '//span[text()="—"]/preceding-sibling::div//span[text()="确定"]')元素可见,耗时0.03264451026916504
 Fri, 21 Aug 2020 09:54:50  INFO basepage.py get_element [ line:73 ] 查找点击'确定'的元素('xpath', '//span[text()="—"]/preceding-sibling::div//span[text()="确定"]')成功。
 Fri, 21 Aug 2020 09:54:50  INFO basepage.py click [ line:141 ] 向('xpath', '//span[text()="—"]/preceding-sibling::div//span[text()="确定"]')元素点击成功
 Fri, 21 Aug 2020 09:54:51  INFO basepage.py wait_elevisible [ line:40 ] 等待('xpath', '//span[text()="—"]/following-sibling::div')元素可见,耗时0.019947528839111328
 Fri, 21 Aug 2020 09:54:51  INFO basepage.py get_element [ line:73 ] 查找点击'结束时间'的元素('xpath', '//span[text()="—"]/following-sibling::div')成功。
 Fri, 21 Aug 2020 09:54:51  INFO basepage.py click [ line:141 ] 向('xpath', '//span[text()="—"]/following-sibling::div')元素点击成功
 Fri, 21 Aug 2020 09:54:51  INFO basepage.py wait_elevisible [ line:40 ] 等待('xpath', '//span[text()="—"]/following-sibling::div//span[text()="确定"]')元素可见,耗时0.022647857666015625
 Fri, 21 Aug 2020 09:54:51  INFO basepage.py get_element [ line:73 ] 查找点击'确定'的元素('xpath', '//span[text()="—"]/following-sibling::div//span[text()="确定"]')成功。
 Fri, 21 Aug 2020 09:54:51  INFO basepage.py click [ line:141 ] 向('xpath', '//span[text()="—"]/following-sibling::div//span[text()="确定"]')元素点击成功
 Fri, 21 Aug 2020 09:54:52  INFO basepage.py wait_elevisible [ line:40 ] 等待('xpath', '//button[text()="创建"]')元素可见,耗时0.030915260314941406
 Fri, 21 Aug 2020 09:54:52  INFO basepage.py get_element [ line:73 ] 查找点击'创建'的元素('xpath', '//button[text()="创建"]')成功。
 Fri, 21 Aug 2020 09:54:52  INFO basepage.py click [ line:141 ] 向('xpath', '//button[text()="创建"]')元素点击成功
 Fri, 21 Aug 2020 09:54:57  INFO basepage.py wait_elevisible [ line:40 ] 等待('xpath', '//a[contains(text(),"共")]')元素可见,耗时0.025661230087280273
 Fri, 21 Aug 2020 09:54:57  INFO basepage.py get_element [ line:73 ] 查找获取共XX行的元素('xpath', '//a[contains(text(),"共")]')成功。
 Fri, 21 Aug 2020 09:54:57  INFO basepage.py get_element_text [ line:184 ] 获取('xpath', '//a[contains(text(),"共")]')元素文本值成功
 Fri, 21 Aug 2020 09:54:57  INFO basepage.py wait_elevisible [ line:40 ] 等待('xpath', '//div[@class="pjlist-box mt-10"][1]//div[@class="left"]//span[@class="prls-icon"]/following-sibling::span[1]')元素可见,耗时0.017923831939697266
 Fri, 21 Aug 2020 09:54:57  INFO basepage.py get_element [ line:73 ] 查找获取第一个项目名称的元素('xpath', '//div[@class="pjlist-box mt-10"][1]//div[@class="left"]//span[@class="prls-icon"]/following-sibling::span[1]')成功。
 Fri, 21 Aug 2020 09:54:57  INFO basepage.py get_element_text [ line:184 ] 获取('xpath', '//div[@class="pjlist-box mt-10"][1]//div[@class="left"]//span[@class="prls-icon"]/following-sibling::span[1]')元素文本值成功
 Fri, 21 Aug 2020 09:54:58  INFO basepage.py wait_elevisible [ line:40 ] 等待('xpath', '//span[contains(text(),"绩效管理")]/parent::a')元素可见,耗时0.18849658966064453
 Fri, 21 Aug 2020 09:54:58  INFO basepage.py get_element [ line:73 ] 查找点击绩效管理的元素('xpath', '//span[contains(text(),"绩效管理")]/parent::a')成功。
 Fri, 21 Aug 2020 09:54:58  INFO basepage.py click [ line:141 ] 向('xpath', '//span[contains(text(),"绩效管理")]/parent::a')元素点击成功
 Fri, 21 Aug 2020 09:54:59  INFO basepage.py wait_elevisible [ line:40 ] 等待('xpath', '//tr[1]//span[contains(text(),"线路工程")]/parent::td')元素可见,耗时0.5123946666717529
 Fri, 21 Aug 2020 09:54:59  INFO basepage.py get_element [ line:73 ] 查找点击线路工程名称的元素('xpath', '//tr[1]//span[contains(text(),"线路工程")]/parent::td')成功。
 Fri, 21 Aug 2020 09:54:59  INFO basepage.py click [ line:141 ] 向('xpath', '//tr[1]//span[contains(text(),"线路工程")]/parent::td')元素点击成功
 Fri, 21 Aug 2020 09:55:06  ERROR basepage.py wait_elevisible [ line:34 ] 等待('xpath', '//span[text()="发起审批"]')元素可见超时
Traceback (most recent call last):
  File "D:\Python\lib\site-packages\urllib3\connectionpool.py", line 677, in urlopen
    chunked=chunked,
  File "D:\Python\lib\site-packages\urllib3\connectionpool.py", line 426, in _make_request
    six.raise_from(e, None)
  File "<string>", line 3, in raise_from
  File "D:\Python\lib\site-packages\urllib3\connectionpool.py", line 421, in _make_request
    httplib_response = conn.getresponse()
  File "D:\Python\lib\http\client.py", line 1331, in getresponse
    response.begin()
  File "D:\Python\lib\http\client.py", line 297, in begin
    version, status, reason = self._read_status()
  File "D:\Python\lib\http\client.py", line 258, in _read_status
    line = str(self.fp.readline(_MAXLINE + 1), "iso-8859-1")
  File "D:\Python\lib\socket.py", line 586, in readinto
    return self._sock.recv_into(b)
ConnectionResetError: [WinError 10054] 远程主机强迫关闭了一个现有的连接。

During handling of the above exception, another exception occurred:

Traceback (most recent call last):
  File "C:\Users\张少敬\Desktop\dhvirtest\Design_institute_1.4\Common\basepage.py", line 32, in wait_elevisible
    WebDriverWait(self.driver,timeout,frequency).until(EC.visibility_of_element_located(loc))
  File "D:\Python\lib\site-packages\selenium\webdriver\support\wait.py", line 71, in until
    value = method(self._driver)
  File "D:\Python\lib\site-packages\selenium\webdriver\support\expected_conditions.py", line 128, in __call__
    return _element_if_visible(_find_element(driver, self.locator))
  File "D:\Python\lib\site-packages\selenium\webdriver\support\expected_conditions.py", line 411, in _find_element
    return driver.find_element(*by)
  File "D:\Python\lib\site-packages\selenium\webdriver\remote\webdriver.py", line 978, in find_element
    'value': value})['value']
  File "D:\Python\lib\site-packages\selenium\webdriver\remote\webdriver.py", line 319, in execute
    response = self.command_executor.execute(driver_command, params)
  File "D:\Python\lib\site-packages\selenium\webdriver\remote\remote_connection.py", line 374, in execute
    return self._request(command_info[0], url, body=data)
  File "D:\Python\lib\site-packages\selenium\webdriver\remote\remote_connection.py", line 397, in _request
    resp = self._conn.request(method, url, body=body, headers=headers)
  File "D:\Python\lib\site-packages\urllib3\request.py", line 80, in request
    method, url, fields=fields, headers=headers, **urlopen_kw
  File "D:\Python\lib\site-packages\urllib3\request.py", line 171, in request_encode_body
    return self.urlopen(method, url, **extra_kw)
  File "D:\Python\lib\site-packages\urllib3\poolmanager.py", line 336, in urlopen
    response = conn.urlopen(method, u.request_uri, **kw)
  File "D:\Python\lib\site-packages\urllib3\connectionpool.py", line 725, in urlopen
    method, url, error=e, _pool=self, _stacktrace=sys.exc_info()[2]
  File "D:\Python\lib\site-packages\urllib3\util\retry.py", line 403, in increment
    raise six.reraise(type(error), error, _stacktrace)
  File "D:\Python\lib\site-packages\urllib3\packages\six.py", line 734, in reraise
    raise value.with_traceback(tb)
  File "D:\Python\lib\site-packages\urllib3\connectionpool.py", line 677, in urlopen
    chunked=chunked,
  File "D:\Python\lib\site-packages\urllib3\connectionpool.py", line 426, in _make_request
    six.raise_from(e, None)
  File "<string>", line 3, in raise_from
  File "D:\Python\lib\site-packages\urllib3\connectionpool.py", line 421, in _make_request
    httplib_response = conn.getresponse()
  File "D:\Python\lib\http\client.py", line 1331, in getresponse
    response.begin()
  File "D:\Python\lib\http\client.py", line 297, in begin
    version, status, reason = self._read_status()
  File "D:\Python\lib\http\client.py", line 258, in _read_status
    line = str(self.fp.readline(_MAXLINE + 1), "iso-8859-1")
  File "D:\Python\lib\socket.py", line 586, in readinto
    return self._sock.recv_into(b)
urllib3.exceptions.ProtocolError: ('Connection aborted.', ConnectionResetError(10054, '远程主机强迫关闭了一个现有的连接。', None, 10054, None))
