 Fri, 21 Aug 2020 10:56:55  INFO basepage.py wait_elevisible [ line:40 ] 等待('xpath', '//input[@id="loginName"]')元素可见,耗时0.025928735733032227
 Fri, 21 Aug 2020 10:56:55  INFO basepage.py get_element [ line:73 ] 查找清空用户名输入框的元素('xpath', '//input[@id="loginName"]')成功。
 Fri, 21 Aug 2020 10:56:55  INFO basepage.py clear_text [ line:119 ] 清除('xpath', '//input[@id="loginName"]')内容成功
 Fri, 21 Aug 2020 10:56:55  INFO basepage.py wait_elevisible [ line:40 ] 等待('xpath', '//input[@id="loginName"]')元素可见,耗时0.017950773239135742
 Fri, 21 Aug 2020 10:56:55  INFO basepage.py get_element [ line:73 ] 查找输入用户名的元素('xpath', '//input[@id="loginName"]')成功。
 Fri, 21 Aug 2020 10:56:55  INFO basepage.py input_text [ line:97 ] 向('xpath', '//input[@id="loginName"]')元素输入18600982461成功
 Fri, 21 Aug 2020 10:56:55  INFO basepage.py wait_elevisible [ line:40 ] 等待('xpath', '//input[@id="password"]')元素可见,耗时0.013962745666503906
 Fri, 21 Aug 2020 10:56:55  INFO basepage.py get_element [ line:73 ] 查找清空用户名输入框的元素('xpath', '//input[@id="password"]')成功。
 Fri, 21 Aug 2020 10:56:55  INFO basepage.py clear_text [ line:119 ] 清除('xpath', '//input[@id="password"]')内容成功
 Fri, 21 Aug 2020 10:56:55  INFO basepage.py wait_elevisible [ line:40 ] 等待('xpath', '//input[@id="password"]')元素可见,耗时0.020943164825439453
 Fri, 21 Aug 2020 10:56:55  INFO basepage.py get_element [ line:73 ] 查找输入密码的元素('xpath', '//input[@id="password"]')成功。
 Fri, 21 Aug 2020 10:56:55  INFO basepage.py input_text [ line:97 ] 向('xpath', '//input[@id="password"]')元素输入123456成功
 Fri, 21 Aug 2020 10:56:55  INFO basepage.py wait_elevisible [ line:40 ] 等待('xpath', '//span[@id="button"]')元素可见,耗时0.01891183853149414
 Fri, 21 Aug 2020 10:56:55  INFO basepage.py get_element [ line:73 ] 查找点击登陆按钮的元素('xpath', '//span[@id="button"]')成功。
 Fri, 21 Aug 2020 10:56:55  INFO basepage.py click [ line:141 ] 向('xpath', '//span[@id="button"]')元素点击成功
 Fri, 21 Aug 2020 10:57:00  INFO basepage.py wait_elevisible [ line:40 ] 等待('xpath', '//span[text()="系统管理"]')元素可见,耗时0.021671533584594727
 Fri, 21 Aug 2020 10:57:00  INFO basepage.py get_element [ line:73 ] 查找点击系统管理的元素('xpath', '//span[text()="系统管理"]')成功。
 Fri, 21 Aug 2020 10:57:00  INFO basepage.py click [ line:141 ] 向('xpath', '//span[text()="系统管理"]')元素点击成功
 Fri, 21 Aug 2020 10:57:00  INFO basepage.py wait_elevisible [ line:40 ] 等待('xpath', '//a[text()="工日管理"]')元素可见,耗时0.019638538360595703
 Fri, 21 Aug 2020 10:57:00  INFO basepage.py get_element [ line:73 ] 查找点击工日管理的元素('xpath', '//a[text()="工日管理"]')成功。
 Fri, 21 Aug 2020 10:57:00  INFO basepage.py click_by_js [ line:163 ] 向('xpath', '//a[text()="工日管理"]')元素点击成功
 Fri, 21 Aug 2020 10:57:01  INFO basepage.py wait_elevisible [ line:40 ] 等待('xpath', '//label[text()="质量评定管理"]')元素可见,耗时0.03367185592651367
 Fri, 21 Aug 2020 10:57:01  INFO basepage.py get_element [ line:73 ] 查找点击质量评定管理的元素('xpath', '//label[text()="质量评定管理"]')成功。
 Fri, 21 Aug 2020 10:57:01  INFO basepage.py click_by_js [ line:163 ] 向('xpath', '//label[text()="质量评定管理"]')元素点击成功
 Fri, 21 Aug 2020 10:57:02  INFO basepage.py wait_elevisible [ line:40 ] 等待('xpath', '//div[@id="projectType_chosen"]//b')元素可见,耗时0.018938302993774414
 Fri, 21 Aug 2020 10:57:02  INFO basepage.py get_element [ line:73 ] 查找点击项目类型下拉框的元素('xpath', '//div[@id="projectType_chosen"]//b')成功。
 Fri, 21 Aug 2020 10:57:02  INFO basepage.py click [ line:141 ] 向('xpath', '//div[@id="projectType_chosen"]//b')元素点击成功
 Fri, 21 Aug 2020 10:57:02  INFO basepage.py wait_elevisible [ line:40 ] 等待('xpath', '//div[@id="projectType_chosen"]//div[@class="chosen-search"]//input[@type="text"]')元素可见,耗时0.022938251495361328
 Fri, 21 Aug 2020 10:57:02  INFO basepage.py get_element [ line:73 ] 查找输入工程名称的元素('xpath', '//div[@id="projectType_chosen"]//div[@class="chosen-search"]//input[@type="text"]')成功。
 Fri, 21 Aug 2020 10:57:02  INFO basepage.py input_text [ line:97 ] 向('xpath', '//div[@id="projectType_chosen"]//div[@class="chosen-search"]//input[@type="text"]')元素输入线路工程 成功
 Fri, 21 Aug 2020 10:57:02  INFO basepage.py wait_elevisible [ line:40 ] 等待('xpath', '//div[@id="projectType_chosen"]//div[@class="chosen-search"]//input[@type="text"]')元素可见,耗时0.02195286750793457
 Fri, 21 Aug 2020 10:57:02  INFO basepage.py get_element [ line:73 ] 查找输入框点回车键的元素('xpath', '//div[@id="projectType_chosen"]//div[@class="chosen-search"]//input[@type="text"]')成功。
 Fri, 21 Aug 2020 10:57:02  INFO basepage.py input_text [ line:97 ] 向('xpath', '//div[@id="projectType_chosen"]//div[@class="chosen-search"]//input[@type="text"]')元素输入成功
 Fri, 21 Aug 2020 10:57:03  INFO basepage.py wait_elevisible [ line:40 ] 等待('xpath', '//select[@id="yesOrNo"]/following-sibling::div//b')元素可见,耗时0.021567106246948242
 Fri, 21 Aug 2020 10:57:03  INFO basepage.py get_element [ line:73 ] 查找点击是否参与的元素('xpath', '//select[@id="yesOrNo"]/following-sibling::div//b')成功。
 Fri, 21 Aug 2020 10:57:03  INFO basepage.py click [ line:141 ] 向('xpath', '//select[@id="yesOrNo"]/following-sibling::div//b')元素点击成功
 Fri, 21 Aug 2020 10:57:03  INFO basepage.py wait_elevisible [ line:40 ] 等待('xpath', '//div[@id="yesOrNo_chosen"]//input')元素可见,耗时0.021939754486083984
 Fri, 21 Aug 2020 10:57:03  INFO basepage.py get_element [ line:73 ] 查找的元素('xpath', '//div[@id="yesOrNo_chosen"]//input')成功。
 Fri, 21 Aug 2020 10:57:03  INFO basepage.py input_text [ line:97 ] 向('xpath', '//div[@id="yesOrNo_chosen"]//input')元素输入是 成功
 Fri, 21 Aug 2020 10:57:03  INFO basepage.py wait_elevisible [ line:40 ] 等待('xpath', '//div[@id="yesOrNo_chosen"]//input')元素可见,耗时0.016955137252807617
 Fri, 21 Aug 2020 10:57:03  INFO basepage.py get_element [ line:73 ] 查找输入框点回车键的元素('xpath', '//div[@id="yesOrNo_chosen"]//input')成功。
 Fri, 21 Aug 2020 10:57:03  INFO basepage.py input_text [ line:97 ] 向('xpath', '//div[@id="yesOrNo_chosen"]//input')元素输入成功
 Fri, 21 Aug 2020 10:57:03  INFO basepage.py wait_elevisible [ line:40 ] 等待('xpath', '//span[text()="保存"]')元素可见,耗时0.03064727783203125
 Fri, 21 Aug 2020 10:57:03  INFO basepage.py get_element [ line:73 ] 查找点击保存按钮的元素('xpath', '//span[text()="保存"]')成功。
 Fri, 21 Aug 2020 10:57:03  INFO basepage.py click [ line:141 ] 向('xpath', '//span[text()="保存"]')元素点击成功
 Fri, 21 Aug 2020 10:57:04  INFO basepage.py wait_elevisible [ line:40 ] 等待('xpath', '//span[@class="label label-warning"]')元素可见,耗时0.5345728397369385
 Fri, 21 Aug 2020 10:57:04  INFO basepage.py get_element [ line:73 ] 查找获取保存成功提示语的元素('xpath', '//span[@class="label label-warning"]')成功。
 Fri, 21 Aug 2020 10:57:04  INFO basepage.py get_element_text [ line:184 ] 获取('xpath', '//span[@class="label label-warning"]')元素文本值成功
 Fri, 21 Aug 2020 10:57:05  INFO basepage.py wait_elevisible [ line:40 ] 等待('xpath', '//span[text()="系统管理"]')元素可见,耗时0.018578529357910156
 Fri, 21 Aug 2020 10:57:05  INFO basepage.py get_element [ line:73 ] 查找点击系统管理的元素('xpath', '//span[text()="系统管理"]')成功。
 Fri, 21 Aug 2020 10:57:05  INFO basepage.py click [ line:141 ] 向('xpath', '//span[text()="系统管理"]')元素点击成功
 Fri, 21 Aug 2020 10:57:05  INFO basepage.py wait_elevisible [ line:40 ] 等待('xpath', '//a[text()="工日管理"]')元素可见,耗时0.01694464683532715
 Fri, 21 Aug 2020 10:57:05  INFO basepage.py get_element [ line:73 ] 查找点击工日管理的元素('xpath', '//a[text()="工日管理"]')成功。
 Fri, 21 Aug 2020 10:57:05  INFO basepage.py click_by_js [ line:163 ] 向('xpath', '//a[text()="工日管理"]')元素点击成功
 Fri, 21 Aug 2020 10:57:06  INFO basepage.py wait_elevisible [ line:40 ] 等待('xpath', '//label[text()="质量评定管理"]')元素可见,耗时0.026899337768554688
 Fri, 21 Aug 2020 10:57:06  INFO basepage.py get_element [ line:73 ] 查找点击质量评定管理的元素('xpath', '//label[text()="质量评定管理"]')成功。
 Fri, 21 Aug 2020 10:57:06  INFO basepage.py click_by_js [ line:163 ] 向('xpath', '//label[text()="质量评定管理"]')元素点击成功
 Fri, 21 Aug 2020 10:57:06  INFO basepage.py wait_elevisible [ line:40 ] 等待('xpath', '//div[@id="projectType_chosen"]//b')元素可见,耗时0.022576093673706055
 Fri, 21 Aug 2020 10:57:06  INFO basepage.py get_element [ line:73 ] 查找点击项目类型下拉框的元素('xpath', '//div[@id="projectType_chosen"]//b')成功。
 Fri, 21 Aug 2020 10:57:06  INFO basepage.py click [ line:141 ] 向('xpath', '//div[@id="projectType_chosen"]//b')元素点击成功
 Fri, 21 Aug 2020 10:57:06  INFO basepage.py wait_elevisible [ line:40 ] 等待('xpath', '//div[@id="projectType_chosen"]//div[@class="chosen-search"]//input[@type="text"]')元素可见,耗时0.016953706741333008
 Fri, 21 Aug 2020 10:57:06  INFO basepage.py get_element [ line:73 ] 查找输入工程名称的元素('xpath', '//div[@id="projectType_chosen"]//div[@class="chosen-search"]//input[@type="text"]')成功。
 Fri, 21 Aug 2020 10:57:07  INFO basepage.py input_text [ line:97 ] 向('xpath', '//div[@id="projectType_chosen"]//div[@class="chosen-search"]//input[@type="text"]')元素输入线路工程 成功
 Fri, 21 Aug 2020 10:57:07  INFO basepage.py wait_elevisible [ line:40 ] 等待('xpath', '//div[@id="projectType_chosen"]//div[@class="chosen-search"]//input[@type="text"]')元素可见,耗时0.01894855499267578
 Fri, 21 Aug 2020 10:57:07  INFO basepage.py get_element [ line:73 ] 查找输入框点回车键的元素('xpath', '//div[@id="projectType_chosen"]//div[@class="chosen-search"]//input[@type="text"]')成功。
 Fri, 21 Aug 2020 10:57:07  INFO basepage.py input_text [ line:97 ] 向('xpath', '//div[@id="projectType_chosen"]//div[@class="chosen-search"]//input[@type="text"]')元素输入成功
 Fri, 21 Aug 2020 10:57:09  INFO basepage.py wait_elevisible [ line:40 ] 等待('xpath', '//div[@id="yesOrNo_chosen"]//a[@class="chosen-single"]')元素可见,耗时0.023845195770263672
 Fri, 21 Aug 2020 10:57:09  INFO basepage.py get_element [ line:73 ] 查找获取是否参与提示文本的元素('xpath', '//div[@id="yesOrNo_chosen"]//a[@class="chosen-single"]')成功。
 Fri, 21 Aug 2020 10:57:09  INFO basepage.py get_element_text [ line:184 ] 获取('xpath', '//div[@id="yesOrNo_chosen"]//a[@class="chosen-single"]')元素文本值成功
 Fri, 21 Aug 2020 10:57:09  INFO basepage.py wait_elevisible [ line:40 ] 等待('xpath', '//span[contains(text(),"项目管理")]/parent::a')元素可见,耗时0.025640487670898438
 Fri, 21 Aug 2020 10:57:09  INFO basepage.py get_element [ line:73 ] 查找首页_点击'项目管理'的元素('xpath', '//span[contains(text(),"项目管理")]/parent::a')成功。
 Fri, 21 Aug 2020 10:57:09  INFO basepage.py click [ line:141 ] 向('xpath', '//span[contains(text(),"项目管理")]/parent::a')元素点击成功
 Fri, 21 Aug 2020 10:57:47  ERROR basepage.py wait_elevisible [ line:34 ] 等待('xpath', '//span[contains(text(),"项目台账")]/parent::a')元素可见超时
Traceback (most recent call last):
  File "D:\Python\lib\site-packages\urllib3\connectionpool.py", line 677, in urlopen
    chunked=chunked,
  File "D:\Python\lib\site-packages\urllib3\connectionpool.py", line 426, in _make_request
    six.raise_from(e, None)
  File "<string>", line 3, in raise_from
  File "D:\Python\lib\site-packages\urllib3\connectionpool.py", line 421, in _make_request
    httplib_response = conn.getresponse()
  File "D:\Python\lib\http\client.py", line 1331, in getresponse
    response.begin()
  File "D:\Python\lib\http\client.py", line 297, in begin
    version, status, reason = self._read_status()
  File "D:\Python\lib\http\client.py", line 258, in _read_status
    line = str(self.fp.readline(_MAXLINE + 1), "iso-8859-1")
  File "D:\Python\lib\socket.py", line 586, in readinto
    return self._sock.recv_into(b)
ConnectionResetError: [WinError 10054] 远程主机强迫关闭了一个现有的连接。

During handling of the above exception, another exception occurred:

Traceback (most recent call last):
  File "C:\Users\张少敬\Desktop\dhvirtest\Design_institute_1.4\Common\basepage.py", line 32, in wait_elevisible
    WebDriverWait(self.driver,timeout,frequency).until(EC.visibility_of_element_located(loc))
  File "D:\Python\lib\site-packages\selenium\webdriver\support\wait.py", line 71, in until
    value = method(self._driver)
  File "D:\Python\lib\site-packages\selenium\webdriver\support\expected_conditions.py", line 128, in __call__
    return _element_if_visible(_find_element(driver, self.locator))
  File "D:\Python\lib\site-packages\selenium\webdriver\support\expected_conditions.py", line 411, in _find_element
    return driver.find_element(*by)
  File "D:\Python\lib\site-packages\selenium\webdriver\remote\webdriver.py", line 978, in find_element
    'value': value})['value']
  File "D:\Python\lib\site-packages\selenium\webdriver\remote\webdriver.py", line 319, in execute
    response = self.command_executor.execute(driver_command, params)
  File "D:\Python\lib\site-packages\selenium\webdriver\remote\remote_connection.py", line 374, in execute
    return self._request(command_info[0], url, body=data)
  File "D:\Python\lib\site-packages\selenium\webdriver\remote\remote_connection.py", line 397, in _request
    resp = self._conn.request(method, url, body=body, headers=headers)
  File "D:\Python\lib\site-packages\urllib3\request.py", line 80, in request
    method, url, fields=fields, headers=headers, **urlopen_kw
  File "D:\Python\lib\site-packages\urllib3\request.py", line 171, in request_encode_body
    return self.urlopen(method, url, **extra_kw)
  File "D:\Python\lib\site-packages\urllib3\poolmanager.py", line 336, in urlopen
    response = conn.urlopen(method, u.request_uri, **kw)
  File "D:\Python\lib\site-packages\urllib3\connectionpool.py", line 725, in urlopen
    method, url, error=e, _pool=self, _stacktrace=sys.exc_info()[2]
  File "D:\Python\lib\site-packages\urllib3\util\retry.py", line 403, in increment
    raise six.reraise(type(error), error, _stacktrace)
  File "D:\Python\lib\site-packages\urllib3\packages\six.py", line 734, in reraise
    raise value.with_traceback(tb)
  File "D:\Python\lib\site-packages\urllib3\connectionpool.py", line 677, in urlopen
    chunked=chunked,
  File "D:\Python\lib\site-packages\urllib3\connectionpool.py", line 426, in _make_request
    six.raise_from(e, None)
  File "<string>", line 3, in raise_from
  File "D:\Python\lib\site-packages\urllib3\connectionpool.py", line 421, in _make_request
    httplib_response = conn.getresponse()
  File "D:\Python\lib\http\client.py", line 1331, in getresponse
    response.begin()
  File "D:\Python\lib\http\client.py", line 297, in begin
    version, status, reason = self._read_status()
  File "D:\Python\lib\http\client.py", line 258, in _read_status
    line = str(self.fp.readline(_MAXLINE + 1), "iso-8859-1")
  File "D:\Python\lib\socket.py", line 586, in readinto
    return self._sock.recv_into(b)
urllib3.exceptions.ProtocolError: ('Connection aborted.', ConnectionResetError(10054, '远程主机强迫关闭了一个现有的连接。', None, 10054, None))
 Fri, 21 Aug 2020 10:57:49  WARNING connectionpool.py urlopen [ line:750 ] Retrying (Retry(total=2, connect=None, read=None, redirect=None, status=None)) after connection broken by 'NewConnectionError('<urllib3.connection.HTTPConnection object at 0x000001194EED60F0>: Failed to establish a new connection: [WinError 10061] 由于目标计算机积极拒绝，无法连接。',)': /session/6e9b32d2e4f1a8240276ff140fa81fdd/screenshot
 Fri, 21 Aug 2020 10:57:51  WARNING connectionpool.py urlopen [ line:750 ] Retrying (Retry(total=1, connect=None, read=None, redirect=None, status=None)) after connection broken by 'NewConnectionError('<urllib3.connection.HTTPConnection object at 0x000001194EED6A58>: Failed to establish a new connection: [WinError 10061] 由于目标计算机积极拒绝，无法连接。',)': /session/6e9b32d2e4f1a8240276ff140fa81fdd/screenshot
