 Wed, 15 Jul 2020 17:21:43  INFO basepage.py wait_elevisible [ line:40 ] 等待('xpath', '//span[contains(text(),"项目管理")]/parent::a')元素可见,耗时0.4448111057281494
 Wed, 15 Jul 2020 17:21:43  INFO basepage.py get_element [ line:73 ] 查找首页_点击'项目管理'的元素('xpath', '//span[contains(text(),"项目管理")]/parent::a')成功。
 Wed, 15 Jul 2020 17:21:43  INFO basepage.py click [ line:141 ] 向('xpath', '//span[contains(text(),"项目管理")]/parent::a')元素点击成功
 Wed, 15 Jul 2020 17:21:44  INFO basepage.py wait_elevisible [ line:40 ] 等待('xpath', '//span[contains(text(),"项目台账")]/parent::a')元素可见,耗时0.023696422576904297
 Wed, 15 Jul 2020 17:21:44  INFO basepage.py get_element [ line:73 ] 查找首页_点击'项目台账'的元素('xpath', '//span[contains(text(),"项目台账")]/parent::a')成功。
 Wed, 15 Jul 2020 17:21:44  INFO basepage.py click [ line:141 ] 向('xpath', '//span[contains(text(),"项目台账")]/parent::a')元素点击成功
 Wed, 15 Jul 2020 17:21:45  INFO basepage.py wait_elevisible [ line:40 ] 等待('xpath', '//span[@class="c-main"][1]')元素可见,耗时0.5284550189971924
 Wed, 15 Jul 2020 17:21:45  INFO basepage.py get_element [ line:73 ] 查找列表页点击进度百分比的元素('xpath', '//span[@class="c-main"][1]')成功。
 Wed, 15 Jul 2020 17:21:45  INFO basepage.py click [ line:141 ] 向('xpath', '//span[@class="c-main"][1]')元素点击成功
 Wed, 15 Jul 2020 17:21:45  INFO basepage.py wait_elevisible [ line:40 ] 等待('xpath', '//span[text()="显示“进度占比”"]')元素可见,耗时0.5303401947021484
 Wed, 15 Jul 2020 17:21:45  INFO basepage.py get_element [ line:73 ] 查找获取'显示进度占比'元素的元素('xpath', '//span[text()="显示“进度占比”"]')成功。
 Wed, 15 Jul 2020 17:21:45  INFO basepage.py get_element_text [ line:184 ] 获取('xpath', '//span[text()="显示“进度占比”"]')元素文本值成功
 Wed, 15 Jul 2020 17:21:46  INFO basepage.py wait_elevisible [ line:40 ] 等待('xpath', '//span[contains(text(),"项目管理")]/parent::a')元素可见,耗时0.07653474807739258
 Wed, 15 Jul 2020 17:21:46  INFO basepage.py get_element [ line:73 ] 查找首页_点击'项目管理'的元素('xpath', '//span[contains(text(),"项目管理")]/parent::a')成功。
 Wed, 15 Jul 2020 17:21:46  INFO basepage.py click [ line:141 ] 向('xpath', '//span[contains(text(),"项目管理")]/parent::a')元素点击成功
 Wed, 15 Jul 2020 17:21:47  INFO basepage.py wait_elevisible [ line:40 ] 等待('xpath', '//span[contains(text(),"项目台账")]/parent::a')元素可见,耗时0.024708271026611328
 Wed, 15 Jul 2020 17:21:47  INFO basepage.py get_element [ line:73 ] 查找首页_点击'项目台账'的元素('xpath', '//span[contains(text(),"项目台账")]/parent::a')成功。
 Wed, 15 Jul 2020 17:21:47  INFO basepage.py click [ line:141 ] 向('xpath', '//span[contains(text(),"项目台账")]/parent::a')元素点击成功
 Wed, 15 Jul 2020 17:21:48  INFO basepage.py wait_elevisible [ line:40 ] 等待('xpath', '//span[@class="c-main"][1]')元素可见,耗时0.5293745994567871
 Wed, 15 Jul 2020 17:21:48  INFO basepage.py get_element [ line:73 ] 查找列表页点击进度百分比的元素('xpath', '//span[@class="c-main"][1]')成功。
 Wed, 15 Jul 2020 17:21:48  INFO basepage.py click [ line:141 ] 向('xpath', '//span[@class="c-main"][1]')元素点击成功
 Wed, 15 Jul 2020 17:21:51  INFO basepage.py wait_elevisible [ line:40 ] 等待('xpath', '//span[@class="sufont-check"]')元素可见,耗时0.023665189743041992
 Wed, 15 Jul 2020 17:21:51  INFO basepage.py get_element [ line:73 ] 查找勾选'显示进度占比'框的元素('xpath', '//span[@class="sufont-check"]')成功。
 Wed, 15 Jul 2020 17:21:51  INFO basepage.py click_by_js [ line:163 ] 向('xpath', '//span[@class="sufont-check"]')元素点击成功
 Wed, 15 Jul 2020 17:21:55  INFO basepage.py wait_elevisible [ line:40 ] 等待('xpath', '//tr[@class]//th[text()="进度占比%"]')元素可见,耗时0.026928186416625977
 Wed, 15 Jul 2020 17:21:55  INFO basepage.py get_elements [ line:223 ] 查找获取进度占比元素个数的元素('xpath', '//tr[@class]//th[text()="进度占比%"]')成功。
 Wed, 15 Jul 2020 17:21:55  INFO basepage.py get_list_length [ line:246 ] 获取('xpath', '//tr[@class]//th[text()="进度占比%"]')元素属性值成功
 Wed, 15 Jul 2020 17:21:55  INFO basepage.py wait_elevisible [ line:40 ] 等待('xpath', '//span[@class="sufont-check"]')元素可见,耗时0.022936105728149414
 Wed, 15 Jul 2020 17:21:55  INFO basepage.py get_element [ line:73 ] 查找取选'显示进度占比'框的元素('xpath', '//span[@class="sufont-check"]')成功。
 Wed, 15 Jul 2020 17:21:55  INFO basepage.py click_by_js [ line:163 ] 向('xpath', '//span[@class="sufont-check"]')元素点击成功
 Wed, 15 Jul 2020 17:21:59  ERROR basepage.py is_element_exsits [ line:52 ] 等待 ('xpath', '//tr[@class]//th[text()="进度占比%"][1]') 元素存在，失败！
Traceback (most recent call last):
  File "C:\Users\张少敬\Desktop\dhvirtest\Design_institute_1.4\Common\basepage.py", line 50, in is_element_exsits
    ele = self.driver.find_element(*loc)
  File "D:\Python\lib\site-packages\selenium\webdriver\remote\webdriver.py", line 978, in find_element
    'value': value})['value']
  File "D:\Python\lib\site-packages\selenium\webdriver\remote\webdriver.py", line 321, in execute
    self.error_handler.check_response(response)
  File "D:\Python\lib\site-packages\selenium\webdriver\remote\errorhandler.py", line 242, in check_response
    raise exception_class(message, screen, stacktrace)
selenium.common.exceptions.NoSuchElementException: Message: no such element: Unable to locate element: {"method":"xpath","selector":"//tr[@class]//th[text()="进度占比%"][1]"}
  (Session info: chrome=81.0.4044.122)

 Wed, 15 Jul 2020 17:22:00  INFO basepage.py do_save_screenshot [ line:261 ] 网页截图成功，存储路径为C:\Users\张少敬\Desktop\dhvirtest\Design_institute_1.4\Outputs/screenshots/判断元素是否存在_20200715172159.png
 Wed, 15 Jul 2020 17:22:00  ERROR basepage.py is_element_exsits [ line:52 ] 等待 ('xpath', '//tr[@class]//th[text()="进度占比%"][2]') 元素存在，失败！
Traceback (most recent call last):
  File "C:\Users\张少敬\Desktop\dhvirtest\Design_institute_1.4\Common\basepage.py", line 50, in is_element_exsits
    ele = self.driver.find_element(*loc)
  File "D:\Python\lib\site-packages\selenium\webdriver\remote\webdriver.py", line 978, in find_element
    'value': value})['value']
  File "D:\Python\lib\site-packages\selenium\webdriver\remote\webdriver.py", line 321, in execute
    self.error_handler.check_response(response)
  File "D:\Python\lib\site-packages\selenium\webdriver\remote\errorhandler.py", line 242, in check_response
    raise exception_class(message, screen, stacktrace)
selenium.common.exceptions.NoSuchElementException: Message: no such element: Unable to locate element: {"method":"xpath","selector":"//tr[@class]//th[text()="进度占比%"][2]"}
  (Session info: chrome=81.0.4044.122)

 Wed, 15 Jul 2020 17:22:00  INFO basepage.py do_save_screenshot [ line:261 ] 网页截图成功，存储路径为C:\Users\张少敬\Desktop\dhvirtest\Design_institute_1.4\Outputs/screenshots/判断元素是否存在_20200715172200.png
 Wed, 15 Jul 2020 17:22:00  ERROR basepage.py is_element_exsits [ line:52 ] 等待 ('xpath', '//tr[@class]//th[text()="进度占比%"][3]') 元素存在，失败！
Traceback (most recent call last):
  File "C:\Users\张少敬\Desktop\dhvirtest\Design_institute_1.4\Common\basepage.py", line 50, in is_element_exsits
    ele = self.driver.find_element(*loc)
  File "D:\Python\lib\site-packages\selenium\webdriver\remote\webdriver.py", line 978, in find_element
    'value': value})['value']
  File "D:\Python\lib\site-packages\selenium\webdriver\remote\webdriver.py", line 321, in execute
    self.error_handler.check_response(response)
  File "D:\Python\lib\site-packages\selenium\webdriver\remote\errorhandler.py", line 242, in check_response
    raise exception_class(message, screen, stacktrace)
selenium.common.exceptions.NoSuchElementException: Message: no such element: Unable to locate element: {"method":"xpath","selector":"//tr[@class]//th[text()="进度占比%"][3]"}
  (Session info: chrome=81.0.4044.122)

 Wed, 15 Jul 2020 17:22:01  INFO basepage.py do_save_screenshot [ line:261 ] 网页截图成功，存储路径为C:\Users\张少敬\Desktop\dhvirtest\Design_institute_1.4\Outputs/screenshots/判断元素是否存在_20200715172200.png
 Wed, 15 Jul 2020 17:22:01  ERROR basepage.py is_element_exsits [ line:52 ] 等待 ('xpath', '//tr[@class]//th[text()="进度占比%"][4]') 元素存在，失败！
Traceback (most recent call last):
  File "C:\Users\张少敬\Desktop\dhvirtest\Design_institute_1.4\Common\basepage.py", line 50, in is_element_exsits
    ele = self.driver.find_element(*loc)
  File "D:\Python\lib\site-packages\selenium\webdriver\remote\webdriver.py", line 978, in find_element
    'value': value})['value']
  File "D:\Python\lib\site-packages\selenium\webdriver\remote\webdriver.py", line 321, in execute
    self.error_handler.check_response(response)
  File "D:\Python\lib\site-packages\selenium\webdriver\remote\errorhandler.py", line 242, in check_response
    raise exception_class(message, screen, stacktrace)
selenium.common.exceptions.NoSuchElementException: Message: no such element: Unable to locate element: {"method":"xpath","selector":"//tr[@class]//th[text()="进度占比%"][4]"}
  (Session info: chrome=81.0.4044.122)

 Wed, 15 Jul 2020 17:22:01  INFO basepage.py do_save_screenshot [ line:261 ] 网页截图成功，存储路径为C:\Users\张少敬\Desktop\dhvirtest\Design_institute_1.4\Outputs/screenshots/判断元素是否存在_20200715172201.png
 Wed, 15 Jul 2020 17:22:02  ERROR basepage.py wait_elevisible [ line:34 ] 等待('xpath', '//span[contains(text(),"项目管理")]/parent::a')元素可见超时
Traceback (most recent call last):
  File "C:\Users\张少敬\Desktop\dhvirtest\Design_institute_1.4\Common\basepage.py", line 32, in wait_elevisible
    WebDriverWait(self.driver,timeout,frequency).until(EC.visibility_of_element_located(loc))
  File "D:\Python\lib\site-packages\selenium\webdriver\support\wait.py", line 71, in until
    value = method(self._driver)
  File "D:\Python\lib\site-packages\selenium\webdriver\support\expected_conditions.py", line 128, in __call__
    return _element_if_visible(_find_element(driver, self.locator))
  File "D:\Python\lib\site-packages\selenium\webdriver\support\expected_conditions.py", line 415, in _find_element
    raise e
  File "D:\Python\lib\site-packages\selenium\webdriver\support\expected_conditions.py", line 411, in _find_element
    return driver.find_element(*by)
  File "D:\Python\lib\site-packages\selenium\webdriver\remote\webdriver.py", line 978, in find_element
    'value': value})['value']
  File "D:\Python\lib\site-packages\selenium\webdriver\remote\webdriver.py", line 321, in execute
    self.error_handler.check_response(response)
  File "D:\Python\lib\site-packages\selenium\webdriver\remote\errorhandler.py", line 242, in check_response
    raise exception_class(message, screen, stacktrace)
selenium.common.exceptions.NoSuchWindowException: Message: no such window: target window already closed
from unknown error: web view not found
  (Session info: chrome=81.0.4044.122)

 Wed, 15 Jul 2020 17:22:02  ERROR basepage.py do_save_screenshot [ line:259 ] 网页截图操作失败
Traceback (most recent call last):
  File "C:\Users\张少敬\Desktop\dhvirtest\Design_institute_1.4\Common\basepage.py", line 32, in wait_elevisible
    WebDriverWait(self.driver,timeout,frequency).until(EC.visibility_of_element_located(loc))
  File "D:\Python\lib\site-packages\selenium\webdriver\support\wait.py", line 71, in until
    value = method(self._driver)
  File "D:\Python\lib\site-packages\selenium\webdriver\support\expected_conditions.py", line 128, in __call__
    return _element_if_visible(_find_element(driver, self.locator))
  File "D:\Python\lib\site-packages\selenium\webdriver\support\expected_conditions.py", line 415, in _find_element
    raise e
  File "D:\Python\lib\site-packages\selenium\webdriver\support\expected_conditions.py", line 411, in _find_element
    return driver.find_element(*by)
  File "D:\Python\lib\site-packages\selenium\webdriver\remote\webdriver.py", line 978, in find_element
    'value': value})['value']
  File "D:\Python\lib\site-packages\selenium\webdriver\remote\webdriver.py", line 321, in execute
    self.error_handler.check_response(response)
  File "D:\Python\lib\site-packages\selenium\webdriver\remote\errorhandler.py", line 242, in check_response
    raise exception_class(message, screen, stacktrace)
selenium.common.exceptions.NoSuchWindowException: Message: no such window: target window already closed
from unknown error: web view not found
  (Session info: chrome=81.0.4044.122)


During handling of the above exception, another exception occurred:

Traceback (most recent call last):
  File "C:\Users\张少敬\Desktop\dhvirtest\Design_institute_1.4\Common\basepage.py", line 257, in do_save_screenshot
    self.driver.save_screenshot(file)
  File "D:\Python\lib\site-packages\selenium\webdriver\remote\webdriver.py", line 1055, in save_screenshot
    return self.get_screenshot_as_file(filename)
  File "D:\Python\lib\site-packages\selenium\webdriver\remote\webdriver.py", line 1032, in get_screenshot_as_file
    png = self.get_screenshot_as_png()
  File "D:\Python\lib\site-packages\selenium\webdriver\remote\webdriver.py", line 1064, in get_screenshot_as_png
    return base64.b64decode(self.get_screenshot_as_base64().encode('ascii'))
  File "D:\Python\lib\site-packages\selenium\webdriver\remote\webdriver.py", line 1074, in get_screenshot_as_base64
    return self.execute(Command.SCREENSHOT)['value']
  File "D:\Python\lib\site-packages\selenium\webdriver\remote\webdriver.py", line 321, in execute
    self.error_handler.check_response(response)
  File "D:\Python\lib\site-packages\selenium\webdriver\remote\errorhandler.py", line 242, in check_response
    raise exception_class(message, screen, stacktrace)
selenium.common.exceptions.NoSuchWindowException: Message: no such window: target window already closed
from unknown error: web view not found
  (Session info: chrome=81.0.4044.122)

 Wed, 15 Jul 2020 17:22:02  ERROR basepage.py wait_elevisible [ line:34 ] 等待('xpath', '//span[@class="c-main"][1]')元素可见超时
Traceback (most recent call last):
  File "C:\Users\张少敬\Desktop\dhvirtest\Design_institute_1.4\Common\basepage.py", line 32, in wait_elevisible
    WebDriverWait(self.driver,timeout,frequency).until(EC.visibility_of_element_located(loc))
  File "D:\Python\lib\site-packages\selenium\webdriver\support\wait.py", line 71, in until
    value = method(self._driver)
  File "D:\Python\lib\site-packages\selenium\webdriver\support\expected_conditions.py", line 128, in __call__
    return _element_if_visible(_find_element(driver, self.locator))
  File "D:\Python\lib\site-packages\selenium\webdriver\support\expected_conditions.py", line 415, in _find_element
    raise e
  File "D:\Python\lib\site-packages\selenium\webdriver\support\expected_conditions.py", line 411, in _find_element
    return driver.find_element(*by)
  File "D:\Python\lib\site-packages\selenium\webdriver\remote\webdriver.py", line 978, in find_element
    'value': value})['value']
  File "D:\Python\lib\site-packages\selenium\webdriver\remote\webdriver.py", line 321, in execute
    self.error_handler.check_response(response)
  File "D:\Python\lib\site-packages\selenium\webdriver\remote\errorhandler.py", line 242, in check_response
    raise exception_class(message, screen, stacktrace)
selenium.common.exceptions.NoSuchWindowException: Message: no such window: target window already closed
from unknown error: web view not found
  (Session info: chrome=81.0.4044.122)

 Wed, 15 Jul 2020 17:22:02  ERROR basepage.py do_save_screenshot [ line:259 ] 网页截图操作失败
Traceback (most recent call last):
  File "C:\Users\张少敬\Desktop\dhvirtest\Design_institute_1.4\Common\basepage.py", line 32, in wait_elevisible
    WebDriverWait(self.driver,timeout,frequency).until(EC.visibility_of_element_located(loc))
  File "D:\Python\lib\site-packages\selenium\webdriver\support\wait.py", line 71, in until
    value = method(self._driver)
  File "D:\Python\lib\site-packages\selenium\webdriver\support\expected_conditions.py", line 128, in __call__
    return _element_if_visible(_find_element(driver, self.locator))
  File "D:\Python\lib\site-packages\selenium\webdriver\support\expected_conditions.py", line 415, in _find_element
    raise e
  File "D:\Python\lib\site-packages\selenium\webdriver\support\expected_conditions.py", line 411, in _find_element
    return driver.find_element(*by)
  File "D:\Python\lib\site-packages\selenium\webdriver\remote\webdriver.py", line 978, in find_element
    'value': value})['value']
  File "D:\Python\lib\site-packages\selenium\webdriver\remote\webdriver.py", line 321, in execute
    self.error_handler.check_response(response)
  File "D:\Python\lib\site-packages\selenium\webdriver\remote\errorhandler.py", line 242, in check_response
    raise exception_class(message, screen, stacktrace)
selenium.common.exceptions.NoSuchWindowException: Message: no such window: target window already closed
from unknown error: web view not found
  (Session info: chrome=81.0.4044.122)


During handling of the above exception, another exception occurred:

Traceback (most recent call last):
  File "C:\Users\张少敬\Desktop\dhvirtest\Design_institute_1.4\Common\basepage.py", line 257, in do_save_screenshot
    self.driver.save_screenshot(file)
  File "D:\Python\lib\site-packages\selenium\webdriver\remote\webdriver.py", line 1055, in save_screenshot
    return self.get_screenshot_as_file(filename)
  File "D:\Python\lib\site-packages\selenium\webdriver\remote\webdriver.py", line 1032, in get_screenshot_as_file
    png = self.get_screenshot_as_png()
  File "D:\Python\lib\site-packages\selenium\webdriver\remote\webdriver.py", line 1064, in get_screenshot_as_png
    return base64.b64decode(self.get_screenshot_as_base64().encode('ascii'))
  File "D:\Python\lib\site-packages\selenium\webdriver\remote\webdriver.py", line 1074, in get_screenshot_as_base64
    return self.execute(Command.SCREENSHOT)['value']
  File "D:\Python\lib\site-packages\selenium\webdriver\remote\webdriver.py", line 321, in execute
    self.error_handler.check_response(response)
  File "D:\Python\lib\site-packages\selenium\webdriver\remote\errorhandler.py", line 242, in check_response
    raise exception_class(message, screen, stacktrace)
selenium.common.exceptions.NoSuchWindowException: Message: no such window: target window already closed
from unknown error: web view not found
  (Session info: chrome=81.0.4044.122)

 Wed, 15 Jul 2020 17:22:03  ERROR basepage.py wait_elevisible [ line:34 ] 等待('xpath', '//span[@class="c-main"][1]')元素可见超时
Traceback (most recent call last):
  File "C:\Users\张少敬\Desktop\dhvirtest\Design_institute_1.4\Common\basepage.py", line 32, in wait_elevisible
    WebDriverWait(self.driver,timeout,frequency).until(EC.visibility_of_element_located(loc))
  File "D:\Python\lib\site-packages\selenium\webdriver\support\wait.py", line 71, in until
    value = method(self._driver)
  File "D:\Python\lib\site-packages\selenium\webdriver\support\expected_conditions.py", line 128, in __call__
    return _element_if_visible(_find_element(driver, self.locator))
  File "D:\Python\lib\site-packages\selenium\webdriver\support\expected_conditions.py", line 415, in _find_element
    raise e
  File "D:\Python\lib\site-packages\selenium\webdriver\support\expected_conditions.py", line 411, in _find_element
    return driver.find_element(*by)
  File "D:\Python\lib\site-packages\selenium\webdriver\remote\webdriver.py", line 978, in find_element
    'value': value})['value']
  File "D:\Python\lib\site-packages\selenium\webdriver\remote\webdriver.py", line 321, in execute
    self.error_handler.check_response(response)
  File "D:\Python\lib\site-packages\selenium\webdriver\remote\errorhandler.py", line 242, in check_response
    raise exception_class(message, screen, stacktrace)
selenium.common.exceptions.NoSuchWindowException: Message: no such window: target window already closed
from unknown error: web view not found
  (Session info: chrome=81.0.4044.122)

 Wed, 15 Jul 2020 17:22:03  ERROR basepage.py do_save_screenshot [ line:259 ] 网页截图操作失败
Traceback (most recent call last):
  File "C:\Users\张少敬\Desktop\dhvirtest\Design_institute_1.4\Common\basepage.py", line 32, in wait_elevisible
    WebDriverWait(self.driver,timeout,frequency).until(EC.visibility_of_element_located(loc))
  File "D:\Python\lib\site-packages\selenium\webdriver\support\wait.py", line 71, in until
    value = method(self._driver)
  File "D:\Python\lib\site-packages\selenium\webdriver\support\expected_conditions.py", line 128, in __call__
    return _element_if_visible(_find_element(driver, self.locator))
  File "D:\Python\lib\site-packages\selenium\webdriver\support\expected_conditions.py", line 415, in _find_element
    raise e
  File "D:\Python\lib\site-packages\selenium\webdriver\support\expected_conditions.py", line 411, in _find_element
    return driver.find_element(*by)
  File "D:\Python\lib\site-packages\selenium\webdriver\remote\webdriver.py", line 978, in find_element
    'value': value})['value']
  File "D:\Python\lib\site-packages\selenium\webdriver\remote\webdriver.py", line 321, in execute
    self.error_handler.check_response(response)
  File "D:\Python\lib\site-packages\selenium\webdriver\remote\errorhandler.py", line 242, in check_response
    raise exception_class(message, screen, stacktrace)
selenium.common.exceptions.NoSuchWindowException: Message: no such window: target window already closed
from unknown error: web view not found
  (Session info: chrome=81.0.4044.122)


During handling of the above exception, another exception occurred:

Traceback (most recent call last):
  File "C:\Users\张少敬\Desktop\dhvirtest\Design_institute_1.4\Common\basepage.py", line 257, in do_save_screenshot
    self.driver.save_screenshot(file)
  File "D:\Python\lib\site-packages\selenium\webdriver\remote\webdriver.py", line 1055, in save_screenshot
    return self.get_screenshot_as_file(filename)
  File "D:\Python\lib\site-packages\selenium\webdriver\remote\webdriver.py", line 1032, in get_screenshot_as_file
    png = self.get_screenshot_as_png()
  File "D:\Python\lib\site-packages\selenium\webdriver\remote\webdriver.py", line 1064, in get_screenshot_as_png
    return base64.b64decode(self.get_screenshot_as_base64().encode('ascii'))
  File "D:\Python\lib\site-packages\selenium\webdriver\remote\webdriver.py", line 1074, in get_screenshot_as_base64
    return self.execute(Command.SCREENSHOT)['value']
  File "D:\Python\lib\site-packages\selenium\webdriver\remote\webdriver.py", line 321, in execute
    self.error_handler.check_response(response)
  File "D:\Python\lib\site-packages\selenium\webdriver\remote\errorhandler.py", line 242, in check_response
    raise exception_class(message, screen, stacktrace)
selenium.common.exceptions.NoSuchWindowException: Message: no such window: target window already closed
from unknown error: web view not found
  (Session info: chrome=81.0.4044.122)

 Wed, 15 Jul 2020 17:22:03  ERROR basepage.py wait_elevisible [ line:34 ] 等待('xpath', '//span[@class="c-main"][1]')元素可见超时
Traceback (most recent call last):
  File "C:\Users\张少敬\Desktop\dhvirtest\Design_institute_1.4\Common\basepage.py", line 32, in wait_elevisible
    WebDriverWait(self.driver,timeout,frequency).until(EC.visibility_of_element_located(loc))
  File "D:\Python\lib\site-packages\selenium\webdriver\support\wait.py", line 71, in until
    value = method(self._driver)
  File "D:\Python\lib\site-packages\selenium\webdriver\support\expected_conditions.py", line 128, in __call__
    return _element_if_visible(_find_element(driver, self.locator))
  File "D:\Python\lib\site-packages\selenium\webdriver\support\expected_conditions.py", line 415, in _find_element
    raise e
  File "D:\Python\lib\site-packages\selenium\webdriver\support\expected_conditions.py", line 411, in _find_element
    return driver.find_element(*by)
  File "D:\Python\lib\site-packages\selenium\webdriver\remote\webdriver.py", line 978, in find_element
    'value': value})['value']
  File "D:\Python\lib\site-packages\selenium\webdriver\remote\webdriver.py", line 321, in execute
    self.error_handler.check_response(response)
  File "D:\Python\lib\site-packages\selenium\webdriver\remote\errorhandler.py", line 242, in check_response
    raise exception_class(message, screen, stacktrace)
selenium.common.exceptions.NoSuchWindowException: Message: no such window: target window already closed
from unknown error: web view not found
  (Session info: chrome=81.0.4044.122)

 Wed, 15 Jul 2020 17:22:03  ERROR basepage.py do_save_screenshot [ line:259 ] 网页截图操作失败
Traceback (most recent call last):
  File "C:\Users\张少敬\Desktop\dhvirtest\Design_institute_1.4\Common\basepage.py", line 32, in wait_elevisible
    WebDriverWait(self.driver,timeout,frequency).until(EC.visibility_of_element_located(loc))
  File "D:\Python\lib\site-packages\selenium\webdriver\support\wait.py", line 71, in until
    value = method(self._driver)
  File "D:\Python\lib\site-packages\selenium\webdriver\support\expected_conditions.py", line 128, in __call__
    return _element_if_visible(_find_element(driver, self.locator))
  File "D:\Python\lib\site-packages\selenium\webdriver\support\expected_conditions.py", line 415, in _find_element
    raise e
  File "D:\Python\lib\site-packages\selenium\webdriver\support\expected_conditions.py", line 411, in _find_element
    return driver.find_element(*by)
  File "D:\Python\lib\site-packages\selenium\webdriver\remote\webdriver.py", line 978, in find_element
    'value': value})['value']
  File "D:\Python\lib\site-packages\selenium\webdriver\remote\webdriver.py", line 321, in execute
    self.error_handler.check_response(response)
  File "D:\Python\lib\site-packages\selenium\webdriver\remote\errorhandler.py", line 242, in check_response
    raise exception_class(message, screen, stacktrace)
selenium.common.exceptions.NoSuchWindowException: Message: no such window: target window already closed
from unknown error: web view not found
  (Session info: chrome=81.0.4044.122)


During handling of the above exception, another exception occurred:

Traceback (most recent call last):
  File "C:\Users\张少敬\Desktop\dhvirtest\Design_institute_1.4\Common\basepage.py", line 257, in do_save_screenshot
    self.driver.save_screenshot(file)
  File "D:\Python\lib\site-packages\selenium\webdriver\remote\webdriver.py", line 1055, in save_screenshot
    return self.get_screenshot_as_file(filename)
  File "D:\Python\lib\site-packages\selenium\webdriver\remote\webdriver.py", line 1032, in get_screenshot_as_file
    png = self.get_screenshot_as_png()
  File "D:\Python\lib\site-packages\selenium\webdriver\remote\webdriver.py", line 1064, in get_screenshot_as_png
    return base64.b64decode(self.get_screenshot_as_base64().encode('ascii'))
  File "D:\Python\lib\site-packages\selenium\webdriver\remote\webdriver.py", line 1074, in get_screenshot_as_base64
    return self.execute(Command.SCREENSHOT)['value']
  File "D:\Python\lib\site-packages\selenium\webdriver\remote\webdriver.py", line 321, in execute
    self.error_handler.check_response(response)
  File "D:\Python\lib\site-packages\selenium\webdriver\remote\errorhandler.py", line 242, in check_response
    raise exception_class(message, screen, stacktrace)
selenium.common.exceptions.NoSuchWindowException: Message: no such window: target window already closed
from unknown error: web view not found
  (Session info: chrome=81.0.4044.122)

