 Fri, 21 Aug 2020 10:09:49  INFO basepage.py wait_elevisible [ line:40 ] 等待('xpath', '//span[contains(text(),"项目管理")]/parent::a')元素可见,耗时0.45976686477661133
 Fri, 21 Aug 2020 10:09:49  INFO basepage.py get_element [ line:73 ] 查找首页_点击'项目管理'的元素('xpath', '//span[contains(text(),"项目管理")]/parent::a')成功。
 Fri, 21 Aug 2020 10:09:49  INFO basepage.py click [ line:141 ] 向('xpath', '//span[contains(text(),"项目管理")]/parent::a')元素点击成功
 Fri, 21 Aug 2020 10:09:50  INFO basepage.py wait_elevisible [ line:40 ] 等待('xpath', '//span[contains(text(),"项目台账")]/parent::a')元素可见,耗时0.0358734130859375
 Fri, 21 Aug 2020 10:09:50  INFO basepage.py get_element [ line:73 ] 查找首页_点击'项目台账'的元素('xpath', '//span[contains(text(),"项目台账")]/parent::a')成功。
 Fri, 21 Aug 2020 10:09:50  INFO basepage.py click [ line:141 ] 向('xpath', '//span[contains(text(),"项目台账")]/parent::a')元素点击成功
 Fri, 21 Aug 2020 10:09:50  INFO basepage.py wait_elevisible [ line:40 ] 等待('xpath', '//span[contains(text(),"添加项目")]')元素可见,耗时0.023938417434692383
 Fri, 21 Aug 2020 10:09:50  INFO basepage.py get_element [ line:73 ] 查找首页_点击'添加项目'的元素('xpath', '//span[contains(text(),"添加项目")]')成功。
 Fri, 21 Aug 2020 10:09:51  INFO basepage.py click [ line:141 ] 向('xpath', '//span[contains(text(),"添加项目")]')元素点击成功
 Fri, 21 Aug 2020 10:09:51  INFO basepage.py wait_elevisible [ line:40 ] 等待('xpath', '//label[text()="项目类型："]/following-sibling::div//div[@class="su_form_control su_select_box"]')元素可见,耗时0.02094435691833496
 Fri, 21 Aug 2020 10:09:51  INFO basepage.py get_element [ line:73 ] 查找选择项目类型的元素('xpath', '//label[text()="项目类型："]/following-sibling::div//div[@class="su_form_control su_select_box"]')成功。
 Fri, 21 Aug 2020 10:09:51  INFO basepage.py click [ line:141 ] 向('xpath', '//label[text()="项目类型："]/following-sibling::div//div[@class="su_form_control su_select_box"]')元素点击成功
 Fri, 21 Aug 2020 10:09:52  INFO basepage.py wait_elevisible [ line:40 ] 等待('xpath', '//a[@title="线路工程"]/parent::li')元素可见,耗时0.021612167358398438
 Fri, 21 Aug 2020 10:09:52  INFO basepage.py get_element [ line:73 ] 查找项目类型选择'线路工程'的元素('xpath', '//a[@title="线路工程"]/parent::li')成功。
 Fri, 21 Aug 2020 10:09:52  INFO basepage.py click [ line:141 ] 向('xpath', '//a[@title="线路工程"]/parent::li')元素点击成功
 Fri, 21 Aug 2020 10:09:52  INFO basepage.py wait_elevisible [ line:40 ] 等待('xpath', '//label[text()="建设性质："]/following-sibling::div')元素可见,耗时0.018950939178466797
 Fri, 21 Aug 2020 10:09:52  INFO basepage.py get_element [ line:73 ] 查找点击建设性质选择框的元素('xpath', '//label[text()="建设性质："]/following-sibling::div')成功。
 Fri, 21 Aug 2020 10:09:52  INFO basepage.py click [ line:141 ] 向('xpath', '//label[text()="建设性质："]/following-sibling::div')元素点击成功
 Fri, 21 Aug 2020 10:09:52  INFO basepage.py wait_elevisible [ line:40 ] 等待('xpath', '//label[contains(text(),"工程类型")]/following-sibling::div')元素可见,耗时0.022938966751098633
 Fri, 21 Aug 2020 10:09:52  INFO basepage.py get_element [ line:73 ] 查找获取工程类型选项的元素('xpath', '//label[contains(text(),"工程类型")]/following-sibling::div')成功。
 Fri, 21 Aug 2020 10:09:52  INFO basepage.py get_element_text [ line:184 ] 获取('xpath', '//label[contains(text(),"工程类型")]/following-sibling::div')元素文本值成功
 Fri, 21 Aug 2020 10:09:52  INFO basepage.py wait_elevisible [ line:40 ] 等待('xpath', '//label[text()="建设性质："]/parent::li//ul')元素可见,耗时0.024933815002441406
 Fri, 21 Aug 2020 10:09:52  INFO basepage.py get_element [ line:73 ] 查找获取建设性质所有选项的元素('xpath', '//label[text()="建设性质："]/parent::li//ul')成功。
 Fri, 21 Aug 2020 10:09:52  INFO basepage.py get_element_text [ line:184 ] 获取('xpath', '//label[text()="建设性质："]/parent::li//ul')元素文本值成功
 Fri, 21 Aug 2020 10:09:53  INFO basepage.py wait_elevisible [ line:40 ] 等待('xpath', '//span[contains(text(),"项目管理")]/parent::a')元素可见,耗时0.21442556381225586
 Fri, 21 Aug 2020 10:09:53  INFO basepage.py get_element [ line:73 ] 查找首页_点击'项目管理'的元素('xpath', '//span[contains(text(),"项目管理")]/parent::a')成功。
 Fri, 21 Aug 2020 10:09:53  INFO basepage.py click [ line:141 ] 向('xpath', '//span[contains(text(),"项目管理")]/parent::a')元素点击成功
 Fri, 21 Aug 2020 10:09:54  INFO basepage.py wait_elevisible [ line:40 ] 等待('xpath', '//span[contains(text(),"项目台账")]/parent::a')元素可见,耗时0.019946813583374023
 Fri, 21 Aug 2020 10:09:54  INFO basepage.py get_element [ line:73 ] 查找首页_点击'项目台账'的元素('xpath', '//span[contains(text(),"项目台账")]/parent::a')成功。
 Fri, 21 Aug 2020 10:09:54  INFO basepage.py click [ line:141 ] 向('xpath', '//span[contains(text(),"项目台账")]/parent::a')元素点击成功
 Fri, 21 Aug 2020 10:09:55  INFO basepage.py wait_elevisible [ line:40 ] 等待('xpath', '//div[@class="nodatap"]')元素可见,耗时0.8277866840362549
 Fri, 21 Aug 2020 10:09:55  INFO basepage.py get_element [ line:73 ] 查找项目台账为空提示语的元素('xpath', '//div[@class="nodatap"]')成功。
 Fri, 21 Aug 2020 10:09:55  INFO basepage.py get_element_text [ line:184 ] 获取('xpath', '//div[@class="nodatap"]')元素文本值成功
 Fri, 21 Aug 2020 10:09:55  INFO basepage.py wait_elevisible [ line:40 ] 等待('xpath', '//span[contains(text(),"添加项目")]')元素可见,耗时0.015958309173583984
 Fri, 21 Aug 2020 10:09:55  INFO basepage.py get_element [ line:73 ] 查找首页_点击'添加项目'的元素('xpath', '//span[contains(text(),"添加项目")]')成功。
 Fri, 21 Aug 2020 10:09:55  INFO basepage.py click [ line:141 ] 向('xpath', '//span[contains(text(),"添加项目")]')元素点击成功
 Fri, 21 Aug 2020 10:09:56  INFO basepage.py wait_elevisible [ line:40 ] 等待('xpath', '//label[contains(text(),"项目名称")]/following-sibling::div//input')元素可见,耗时0.5265910625457764
 Fri, 21 Aug 2020 10:09:56  INFO basepage.py get_element [ line:73 ] 查找输入'项目名称'的元素('xpath', '//label[contains(text(),"项目名称")]/following-sibling::div//input')成功。
 Fri, 21 Aug 2020 10:09:56  INFO basepage.py input_text [ line:97 ] 向('xpath', '//label[contains(text(),"项目名称")]/following-sibling::div//input')元素输入测试_线路工程成功
 Fri, 21 Aug 2020 10:09:56  INFO basepage.py wait_elevisible [ line:40 ] 等待('xpath', '//label[contains(text(),"项目编号")]/following-sibling::div//input')元素可见,耗时0.01894998550415039
 Fri, 21 Aug 2020 10:09:56  INFO basepage.py get_element [ line:73 ] 查找输入'项目编号'的元素('xpath', '//label[contains(text(),"项目编号")]/following-sibling::div//input')成功。
 Fri, 21 Aug 2020 10:09:56  INFO basepage.py input_text [ line:97 ] 向('xpath', '//label[contains(text(),"项目编号")]/following-sibling::div//input')元素输入007成功
 Fri, 21 Aug 2020 10:09:57  INFO basepage.py wait_elevisible [ line:40 ] 等待('xpath', '//label[text()="项目类型："]/following-sibling::div//div[@class="su_form_control su_select_box"]')元素可见,耗时0.016601085662841797
 Fri, 21 Aug 2020 10:09:57  INFO basepage.py get_element [ line:73 ] 查找点击项目类型下拉框的元素('xpath', '//label[text()="项目类型："]/following-sibling::div//div[@class="su_form_control su_select_box"]')成功。
 Fri, 21 Aug 2020 10:09:57  INFO basepage.py click [ line:141 ] 向('xpath', '//label[text()="项目类型："]/following-sibling::div//div[@class="su_form_control su_select_box"]')元素点击成功
 Fri, 21 Aug 2020 10:09:57  INFO basepage.py wait_elevisible [ line:40 ] 等待('xpath', '//a[@title="线路工程"]/parent::li')元素可见,耗时0.018573522567749023
 Fri, 21 Aug 2020 10:09:57  INFO basepage.py get_element [ line:73 ] 查找选择'线路工程'的元素('xpath', '//a[@title="线路工程"]/parent::li')成功。
 Fri, 21 Aug 2020 10:09:57  INFO basepage.py click [ line:141 ] 向('xpath', '//a[@title="线路工程"]/parent::li')元素点击成功
 Fri, 21 Aug 2020 10:09:58  INFO basepage.py wait_elevisible [ line:40 ] 等待('xpath', '//label[text()="架空"]/span')元素可见,耗时0.02471637725830078
 Fri, 21 Aug 2020 10:09:58  INFO basepage.py get_element [ line:73 ] 查找勾选'架空'的元素('xpath', '//label[text()="架空"]/span')成功。
 Fri, 21 Aug 2020 10:09:58  INFO basepage.py click [ line:141 ] 向('xpath', '//label[text()="架空"]/span')元素点击成功
 Fri, 21 Aug 2020 10:09:58  INFO basepage.py wait_elevisible [ line:40 ] 等待('xpath', '//label[text()="设计阶段："]/following-sibling::div')元素可见,耗时0.02189922332763672
 Fri, 21 Aug 2020 10:09:58  INFO basepage.py get_element [ line:73 ] 查找设计阶段下拉框的元素('xpath', '//label[text()="设计阶段："]/following-sibling::div')成功。
 Fri, 21 Aug 2020 10:09:58  INFO basepage.py click [ line:141 ] 向('xpath', '//label[text()="设计阶段："]/following-sibling::div')元素点击成功
 Fri, 21 Aug 2020 10:09:59  INFO basepage.py wait_elevisible [ line:40 ] 等待('xpath', '//a[@title="施工图"]/parent::li')元素可见,耗时0.020543813705444336
 Fri, 21 Aug 2020 10:09:59  INFO basepage.py get_element [ line:73 ] 查找设计阶段选择施工图的元素('xpath', '//a[@title="施工图"]/parent::li')成功。
 Fri, 21 Aug 2020 10:09:59  INFO basepage.py click [ line:141 ] 向('xpath', '//a[@title="施工图"]/parent::li')元素点击成功
 Fri, 21 Aug 2020 10:10:00  INFO basepage.py wait_elevisible [ line:40 ] 等待('xpath', '//label[text()="电压等级："]/following-sibling::div')元素可见,耗时0.031633853912353516
 Fri, 21 Aug 2020 10:10:00  INFO basepage.py get_element [ line:73 ] 查找电压等级下拉框的元素('xpath', '//label[text()="电压等级："]/following-sibling::div')成功。
 Fri, 21 Aug 2020 10:10:00  INFO basepage.py click [ line:141 ] 向('xpath', '//label[text()="电压等级："]/following-sibling::div')元素点击成功
 Fri, 21 Aug 2020 10:10:00  INFO basepage.py wait_elevisible [ line:40 ] 等待('xpath', '//a[@title="35kV"]/parent::li')元素可见,耗时0.01855754852294922
 Fri, 21 Aug 2020 10:10:00  INFO basepage.py get_element [ line:73 ] 查找电压等级选择35kv的元素('xpath', '//a[@title="35kV"]/parent::li')成功。
 Fri, 21 Aug 2020 10:10:00  INFO basepage.py click [ line:141 ] 向('xpath', '//a[@title="35kV"]/parent::li')元素点击成功
 Fri, 21 Aug 2020 10:10:01  INFO basepage.py wait_elevisible [ line:40 ] 等待('xpath', '//label[text()="建设性质："]/following-sibling::div')元素可见,耗时0.022622108459472656
 Fri, 21 Aug 2020 10:10:01  INFO basepage.py get_element [ line:73 ] 查找建设性质下拉框的元素('xpath', '//label[text()="建设性质："]/following-sibling::div')成功。
 Fri, 21 Aug 2020 10:10:01  INFO basepage.py click [ line:141 ] 向('xpath', '//label[text()="建设性质："]/following-sibling::div')元素点击成功
 Fri, 21 Aug 2020 10:10:01  INFO basepage.py wait_elevisible [ line:40 ] 等待('xpath', '//a[@title="新版绩效建设性质"]/parent::li')元素可见,耗时0.020694255828857422
 Fri, 21 Aug 2020 10:10:01  INFO basepage.py get_element [ line:73 ] 查找新版绩效建设性质的元素('xpath', '//a[@title="新版绩效建设性质"]/parent::li')成功。
 Fri, 21 Aug 2020 10:10:01  INFO basepage.py click [ line:141 ] 向('xpath', '//a[@title="新版绩效建设性质"]/parent::li')元素点击成功
 Fri, 21 Aug 2020 10:10:02  INFO basepage.py wait_elevisible [ line:40 ] 等待('xpath', '//button[text()="选择成员"]')元素可见,耗时0.018939971923828125
 Fri, 21 Aug 2020 10:10:02  INFO basepage.py get_element [ line:73 ] 查找点击'选择成员'的元素('xpath', '//button[text()="选择成员"]')成功。
 Fri, 21 Aug 2020 10:10:02  INFO basepage.py click [ line:141 ] 向('xpath', '//button[text()="选择成员"]')元素点击成功
 Fri, 21 Aug 2020 10:10:02  INFO basepage.py wait_elevisible [ line:40 ] 等待('xpath', '//li[text()="设总"]')元素可见,耗时0.023699522018432617
 Fri, 21 Aug 2020 10:10:02  INFO basepage.py get_element [ line:73 ] 查找点击'设总'的元素('xpath', '//li[text()="设总"]')成功。
 Fri, 21 Aug 2020 10:10:02  INFO basepage.py click [ line:141 ] 向('xpath', '//li[text()="设总"]')元素点击成功
 Fri, 21 Aug 2020 10:10:03  INFO basepage.py wait_elevisible [ line:40 ] 等待('xpath', '//span[text()="添加成员"]/parent::li')元素可见,耗时0.02368307113647461
 Fri, 21 Aug 2020 10:10:03  INFO basepage.py get_element [ line:73 ] 查找点击'添加成员'的元素('xpath', '//span[text()="添加成员"]/parent::li')成功。
 Fri, 21 Aug 2020 10:10:03  INFO basepage.py click [ line:141 ] 向('xpath', '//span[text()="添加成员"]/parent::li')元素点击成功
 Fri, 21 Aug 2020 10:10:03  INFO basepage.py wait_elevisible [ line:40 ] 等待('xpath', '//input[@id="searchId"]')元素可见,耗时0.05083012580871582
 Fri, 21 Aug 2020 10:10:03  INFO basepage.py get_element [ line:73 ] 查找输入'张无忌'的元素('xpath', '//input[@id="searchId"]')成功。
 Fri, 21 Aug 2020 10:10:05  INFO basepage.py input_text [ line:97 ] 向('xpath', '//input[@id="searchId"]')元素输入张无忌成功
 Fri, 21 Aug 2020 10:10:05  INFO basepage.py wait_elevisible [ line:40 ] 等待('xpath', '//input[@id="searchId"]')元素可见,耗时0.018951416015625
 Fri, 21 Aug 2020 10:10:05  INFO basepage.py get_element [ line:73 ] 查找的元素('xpath', '//input[@id="searchId"]')成功。
 Fri, 21 Aug 2020 10:10:06  INFO basepage.py input_text [ line:97 ] 向('xpath', '//input[@id="searchId"]')元素输入成功
 Fri, 21 Aug 2020 10:10:07  INFO basepage.py wait_elevisible [ line:40 ] 等待('xpath', '//a[@title="张无忌"]/parent::li/span[@class="button chk checkbox_false_full"]')元素可见,耗时0.023934125900268555
 Fri, 21 Aug 2020 10:10:07  INFO basepage.py get_element [ line:73 ] 查找勾选张无忌的元素('xpath', '//a[@title="张无忌"]/parent::li/span[@class="button chk checkbox_false_full"]')成功。
 Fri, 21 Aug 2020 10:10:07  INFO basepage.py click [ line:141 ] 向('xpath', '//a[@title="张无忌"]/parent::li/span[@class="button chk checkbox_false_full"]')元素点击成功
 Fri, 21 Aug 2020 10:10:07  INFO basepage.py wait_elevisible [ line:40 ] 等待('xpath', '//button[text()="确定"]')元素可见,耗时0.022926807403564453
 Fri, 21 Aug 2020 10:10:07  INFO basepage.py get_element [ line:73 ] 查找点击'确定'按钮的元素('xpath', '//button[text()="确定"]')成功。
 Fri, 21 Aug 2020 10:10:07  INFO basepage.py click [ line:141 ] 向('xpath', '//button[text()="确定"]')元素点击成功
 Fri, 21 Aug 2020 10:10:08  INFO basepage.py wait_elevisible [ line:40 ] 等待('xpath', '//span[text()="添加成员"]/parent::li')元素可见,耗时0.026639938354492188
 Fri, 21 Aug 2020 10:10:08  INFO basepage.py get_element [ line:73 ] 查找点击'添加成员'的元素('xpath', '//span[text()="添加成员"]/parent::li')成功。
 Fri, 21 Aug 2020 10:10:08  INFO basepage.py click [ line:141 ] 向('xpath', '//span[text()="添加成员"]/parent::li')元素点击成功
 Fri, 21 Aug 2020 10:10:09  INFO basepage.py wait_elevisible [ line:40 ] 等待('xpath', '//a[@title="海清"]/parent::li/span[@class="button chk checkbox_false_full"]')元素可见,耗时0.022520780563354492
 Fri, 21 Aug 2020 10:10:09  INFO basepage.py get_element [ line:73 ] 查找勾选海清的元素('xpath', '//a[@title="海清"]/parent::li/span[@class="button chk checkbox_false_full"]')成功。
 Fri, 21 Aug 2020 10:10:09  INFO basepage.py click [ line:141 ] 向('xpath', '//a[@title="海清"]/parent::li/span[@class="button chk checkbox_false_full"]')元素点击成功
 Fri, 21 Aug 2020 10:10:09  INFO basepage.py wait_elevisible [ line:40 ] 等待('xpath', '//button[text()="确定"]')元素可见,耗时0.01694321632385254
 Fri, 21 Aug 2020 10:10:09  INFO basepage.py get_element [ line:73 ] 查找点击'确定'按钮的元素('xpath', '//button[text()="确定"]')成功。
 Fri, 21 Aug 2020 10:10:09  INFO basepage.py click [ line:141 ] 向('xpath', '//button[text()="确定"]')元素点击成功
 Fri, 21 Aug 2020 10:10:10  INFO basepage.py wait_elevisible [ line:40 ] 等待('xpath', '//li[text()="总工"]')元素可见,耗时0.03267550468444824
 Fri, 21 Aug 2020 10:10:10  INFO basepage.py get_element [ line:73 ] 查找点击'总工'的元素('xpath', '//li[text()="总工"]')成功。
 Fri, 21 Aug 2020 10:10:10  INFO basepage.py click [ line:141 ] 向('xpath', '//li[text()="总工"]')元素点击成功
 Fri, 21 Aug 2020 10:10:10  INFO basepage.py wait_elevisible [ line:40 ] 等待('xpath', '//span[text()="添加成员"]/parent::li')元素可见,耗时0.017508506774902344
 Fri, 21 Aug 2020 10:10:10  INFO basepage.py get_element [ line:73 ] 查找点击'添加成员'的元素('xpath', '//span[text()="添加成员"]/parent::li')成功。
 Fri, 21 Aug 2020 10:10:11  INFO basepage.py click [ line:141 ] 向('xpath', '//span[text()="添加成员"]/parent::li')元素点击成功
 Fri, 21 Aug 2020 10:10:11  INFO basepage.py wait_elevisible [ line:40 ] 等待('xpath', '//a[@title="海若梦"]/parent::li/span[@class="button chk checkbox_false_full"]')元素可见,耗时0.022517919540405273
 Fri, 21 Aug 2020 10:10:11  INFO basepage.py get_element [ line:73 ] 查找勾选'海若梦'的元素('xpath', '//a[@title="海若梦"]/parent::li/span[@class="button chk checkbox_false_full"]')成功。
 Fri, 21 Aug 2020 10:10:11  INFO basepage.py click [ line:141 ] 向('xpath', '//a[@title="海若梦"]/parent::li/span[@class="button chk checkbox_false_full"]')元素点击成功
 Fri, 21 Aug 2020 10:10:12  INFO basepage.py wait_elevisible [ line:40 ] 等待('xpath', '//a[@title="徐洪雷（恒华）"]/parent::li/span[@class="button chk checkbox_false_full"]')元素可见,耗时0.026657819747924805
 Fri, 21 Aug 2020 10:10:12  INFO basepage.py get_element [ line:73 ] 查找勾选徐鸿磊的元素('xpath', '//a[@title="徐洪雷（恒华）"]/parent::li/span[@class="button chk checkbox_false_full"]')成功。
 Fri, 21 Aug 2020 10:10:12  INFO basepage.py click [ line:141 ] 向('xpath', '//a[@title="徐洪雷（恒华）"]/parent::li/span[@class="button chk checkbox_false_full"]')元素点击成功
 Fri, 21 Aug 2020 10:10:12  INFO basepage.py wait_elevisible [ line:40 ] 等待('xpath', '//button[text()="确定"]')元素可见,耗时0.027682065963745117
 Fri, 21 Aug 2020 10:10:12  INFO basepage.py get_element [ line:73 ] 查找点击'确定'按钮的元素('xpath', '//button[text()="确定"]')成功。
 Fri, 21 Aug 2020 10:10:13  INFO basepage.py click [ line:141 ] 向('xpath', '//button[text()="确定"]')元素点击成功
 Fri, 21 Aug 2020 10:10:13  INFO basepage.py wait_elevisible [ line:40 ] 等待('xpath', '//button[text()="确定"]')元素可见,耗时0.01653456687927246
 Fri, 21 Aug 2020 10:10:13  INFO basepage.py get_element [ line:73 ] 查找点击'确定'按钮的元素('xpath', '//button[text()="确定"]')成功。
 Fri, 21 Aug 2020 10:10:13  INFO basepage.py click [ line:141 ] 向('xpath', '//button[text()="确定"]')元素点击成功
 Fri, 21 Aug 2020 10:10:14  INFO basepage.py wait_elevisible [ line:40 ] 等待('xpath', '//button[text()="设置节点"]')元素可见,耗时0.019947528839111328
 Fri, 21 Aug 2020 10:10:14  INFO basepage.py get_element [ line:73 ] 查找点击'设置节点'的元素('xpath', '//button[text()="设置节点"]')成功。
 Fri, 21 Aug 2020 10:10:14  INFO basepage.py click [ line:141 ] 向('xpath', '//button[text()="设置节点"]')元素点击成功
 Fri, 21 Aug 2020 10:10:14  INFO basepage.py wait_elevisible [ line:40 ] 等待('xpath', '//span[@id="team-tree3_2_check"]')元素可见,耗时0.026607990264892578
 Fri, 21 Aug 2020 10:10:14  INFO basepage.py get_element [ line:73 ] 查找勾选'01-设计输入资料'的元素('xpath', '//span[@id="team-tree3_2_check"]')成功。
 Fri, 21 Aug 2020 10:10:14  INFO basepage.py click [ line:141 ] 向('xpath', '//span[@id="team-tree3_2_check"]')元素点击成功
 Fri, 21 Aug 2020 10:10:15  INFO basepage.py wait_elevisible [ line:40 ] 等待('xpath', '//a[@id="team-tree3_2_a"]//b')元素可见,耗时0.023935317993164062
 Fri, 21 Aug 2020 10:10:15  INFO basepage.py get_element [ line:73 ] 查找点击'01-设计输入资料--选择'的元素('xpath', '//a[@id="team-tree3_2_a"]//b')成功。
 Fri, 21 Aug 2020 10:10:15  INFO basepage.py click [ line:141 ] 向('xpath', '//a[@id="team-tree3_2_a"]//b')元素点击成功
 Fri, 21 Aug 2020 10:10:16  INFO basepage.py wait_elevisible [ line:40 ] 等待('xpath', '//span[@id="team-tree1_4_check"]')元素可见,耗时0.0185546875
 Fri, 21 Aug 2020 10:10:16  INFO basepage.py get_element [ line:73 ] 查找勾选'海清'的元素('xpath', '//span[@id="team-tree1_4_check"]')成功。
 Fri, 21 Aug 2020 10:10:16  INFO basepage.py click [ line:141 ] 向('xpath', '//span[@id="team-tree1_4_check"]')元素点击成功
 Fri, 21 Aug 2020 10:10:16  INFO basepage.py wait_elevisible [ line:40 ] 等待('xpath', '//button[text()="确定"]')元素可见,耗时0.014951944351196289
 Fri, 21 Aug 2020 10:10:16  INFO basepage.py get_element [ line:73 ] 查找点击'确定'的元素('xpath', '//button[text()="确定"]')成功。
 Fri, 21 Aug 2020 10:10:16  INFO basepage.py click [ line:141 ] 向('xpath', '//button[text()="确定"]')元素点击成功
 Fri, 21 Aug 2020 10:10:17  INFO basepage.py wait_elevisible [ line:40 ] 等待('xpath', '//button[text()="确定"]')元素可见,耗时0.018588542938232422
 Fri, 21 Aug 2020 10:10:17  INFO basepage.py get_element [ line:73 ] 查找点击'确定'的元素('xpath', '//button[text()="确定"]')成功。
 Fri, 21 Aug 2020 10:10:17  INFO basepage.py click [ line:141 ] 向('xpath', '//button[text()="确定"]')元素点击成功
 Fri, 21 Aug 2020 10:10:17  INFO basepage.py wait_elevisible [ line:40 ] 等待('xpath', '//span[text()="设计费："]/parent::li//input')元素可见,耗时0.020940303802490234
 Fri, 21 Aug 2020 10:10:17  INFO basepage.py get_element [ line:73 ] 查找清出设计费默认值的元素('xpath', '//span[text()="设计费："]/parent::li//input')成功。
 Fri, 21 Aug 2020 10:10:17  INFO basepage.py clear_text [ line:119 ] 清除('xpath', '//span[text()="设计费："]/parent::li//input')内容成功
 Fri, 21 Aug 2020 10:10:17  INFO basepage.py wait_elevisible [ line:40 ] 等待('xpath', '//span[text()="设计费："]/parent::li//input')元素可见,耗时0.014958381652832031
 Fri, 21 Aug 2020 10:10:17  INFO basepage.py get_element [ line:73 ] 查找设计费输入50的元素('xpath', '//span[text()="设计费："]/parent::li//input')成功。
 Fri, 21 Aug 2020 10:10:17  INFO basepage.py input_text [ line:97 ] 向('xpath', '//span[text()="设计费："]/parent::li//input')元素输入50成功
 Fri, 21 Aug 2020 10:10:18  INFO basepage.py wait_elevisible [ line:40 ] 等待('xpath', '//label[text()="设计校审"]/span')元素可见,耗时0.01953911781311035
 Fri, 21 Aug 2020 10:10:18  INFO basepage.py get_element [ line:73 ] 查找勾选'设计校审'的元素('xpath', '//label[text()="设计校审"]/span')成功。
 Fri, 21 Aug 2020 10:10:18  INFO basepage.py click [ line:141 ] 向('xpath', '//label[text()="设计校审"]/span')元素点击成功
 Fri, 21 Aug 2020 10:10:18  INFO basepage.py wait_elevisible [ line:40 ] 等待('xpath', '//label[text()="可跳过会签阶段"]/span')元素可见,耗时0.025664806365966797
 Fri, 21 Aug 2020 10:10:18  INFO basepage.py get_element [ line:73 ] 查找勾选'跳过会签'的元素('xpath', '//label[text()="可跳过会签阶段"]/span')成功。
 Fri, 21 Aug 2020 10:10:18  INFO basepage.py click [ line:141 ] 向('xpath', '//label[text()="可跳过会签阶段"]/span')元素点击成功
 Fri, 21 Aug 2020 10:10:19  INFO basepage.py wait_elevisible [ line:40 ] 等待('xpath', '//span[text()="—"]/preceding-sibling::div')元素可见,耗时0.030894041061401367
 Fri, 21 Aug 2020 10:10:19  INFO basepage.py get_element [ line:73 ] 查找点击'开始时间'的元素('xpath', '//span[text()="—"]/preceding-sibling::div')成功。
 Fri, 21 Aug 2020 10:10:19  INFO basepage.py click [ line:141 ] 向('xpath', '//span[text()="—"]/preceding-sibling::div')元素点击成功
 Fri, 21 Aug 2020 10:10:19  INFO basepage.py wait_elevisible [ line:40 ] 等待('xpath', '//span[text()="—"]/preceding-sibling::div//span[text()="确定"]')元素可见,耗时0.02668023109436035
 Fri, 21 Aug 2020 10:10:19  INFO basepage.py get_element [ line:73 ] 查找点击'确定'的元素('xpath', '//span[text()="—"]/preceding-sibling::div//span[text()="确定"]')成功。
 Fri, 21 Aug 2020 10:10:19  INFO basepage.py click [ line:141 ] 向('xpath', '//span[text()="—"]/preceding-sibling::div//span[text()="确定"]')元素点击成功
 Fri, 21 Aug 2020 10:10:20  INFO basepage.py wait_elevisible [ line:40 ] 等待('xpath', '//span[text()="—"]/following-sibling::div')元素可见,耗时0.023579835891723633
 Fri, 21 Aug 2020 10:10:20  INFO basepage.py get_element [ line:73 ] 查找点击'结束时间'的元素('xpath', '//span[text()="—"]/following-sibling::div')成功。
 Fri, 21 Aug 2020 10:10:20  INFO basepage.py click [ line:141 ] 向('xpath', '//span[text()="—"]/following-sibling::div')元素点击成功
 Fri, 21 Aug 2020 10:10:21  INFO basepage.py wait_elevisible [ line:40 ] 等待('xpath', '//span[text()="—"]/following-sibling::div//span[text()="确定"]')元素可见,耗时0.02466297149658203
 Fri, 21 Aug 2020 10:10:21  INFO basepage.py get_element [ line:73 ] 查找点击'确定'的元素('xpath', '//span[text()="—"]/following-sibling::div//span[text()="确定"]')成功。
 Fri, 21 Aug 2020 10:10:21  INFO basepage.py click [ line:141 ] 向('xpath', '//span[text()="—"]/following-sibling::div//span[text()="确定"]')元素点击成功
 Fri, 21 Aug 2020 10:10:21  INFO basepage.py wait_elevisible [ line:40 ] 等待('xpath', '//button[text()="创建"]')元素可见,耗时0.023932218551635742
 Fri, 21 Aug 2020 10:10:21  INFO basepage.py get_element [ line:73 ] 查找点击'创建'的元素('xpath', '//button[text()="创建"]')成功。
 Fri, 21 Aug 2020 10:10:21  INFO basepage.py click [ line:141 ] 向('xpath', '//button[text()="创建"]')元素点击成功
 Fri, 21 Aug 2020 10:10:24  INFO basepage.py wait_elevisible [ line:40 ] 等待('xpath', '//a[contains(text(),"共")]')元素可见,耗时0.021585464477539062
 Fri, 21 Aug 2020 10:10:24  INFO basepage.py get_element [ line:73 ] 查找获取共XX行的元素('xpath', '//a[contains(text(),"共")]')成功。
 Fri, 21 Aug 2020 10:10:24  INFO basepage.py get_element_text [ line:184 ] 获取('xpath', '//a[contains(text(),"共")]')元素文本值成功
 Fri, 21 Aug 2020 10:10:24  INFO basepage.py wait_elevisible [ line:40 ] 等待('xpath', '//div[@class="pjlist-box mt-10"][1]//div[@class="left"]//span[@class="prls-icon"]/following-sibling::span[1]')元素可见,耗时0.017947673797607422
 Fri, 21 Aug 2020 10:10:24  INFO basepage.py get_element [ line:73 ] 查找获取第一个项目名称的元素('xpath', '//div[@class="pjlist-box mt-10"][1]//div[@class="left"]//span[@class="prls-icon"]/following-sibling::span[1]')成功。
 Fri, 21 Aug 2020 10:10:24  INFO basepage.py get_element_text [ line:184 ] 获取('xpath', '//div[@class="pjlist-box mt-10"][1]//div[@class="left"]//span[@class="prls-icon"]/following-sibling::span[1]')元素文本值成功
 Fri, 21 Aug 2020 10:10:25  INFO basepage.py wait_elevisible [ line:40 ] 等待('xpath', '//input[@id="loginName"]')元素可见,耗时0.02892160415649414
 Fri, 21 Aug 2020 10:10:25  INFO basepage.py get_element [ line:73 ] 查找清空用户名输入框的元素('xpath', '//input[@id="loginName"]')成功。
 Fri, 21 Aug 2020 10:10:25  INFO basepage.py clear_text [ line:119 ] 清除('xpath', '//input[@id="loginName"]')内容成功
 Fri, 21 Aug 2020 10:10:25  INFO basepage.py wait_elevisible [ line:40 ] 等待('xpath', '//input[@id="loginName"]')元素可见,耗时0.0139617919921875
 Fri, 21 Aug 2020 10:10:25  INFO basepage.py get_element [ line:73 ] 查找输入用户名的元素('xpath', '//input[@id="loginName"]')成功。
 Fri, 21 Aug 2020 10:10:25  INFO basepage.py input_text [ line:97 ] 向('xpath', '//input[@id="loginName"]')元素输入18600982461成功
 Fri, 21 Aug 2020 10:10:25  INFO basepage.py wait_elevisible [ line:40 ] 等待('xpath', '//input[@id="password"]')元素可见,耗时0.017951488494873047
 Fri, 21 Aug 2020 10:10:25  INFO basepage.py get_element [ line:73 ] 查找清空用户名输入框的元素('xpath', '//input[@id="password"]')成功。
 Fri, 21 Aug 2020 10:10:25  INFO basepage.py clear_text [ line:119 ] 清除('xpath', '//input[@id="password"]')内容成功
 Fri, 21 Aug 2020 10:10:25  INFO basepage.py wait_elevisible [ line:40 ] 等待('xpath', '//input[@id="password"]')元素可见,耗时0.013964653015136719
 Fri, 21 Aug 2020 10:10:25  INFO basepage.py get_element [ line:73 ] 查找输入密码的元素('xpath', '//input[@id="password"]')成功。
 Fri, 21 Aug 2020 10:10:25  INFO basepage.py input_text [ line:97 ] 向('xpath', '//input[@id="password"]')元素输入123456成功
 Fri, 21 Aug 2020 10:10:26  INFO basepage.py wait_elevisible [ line:40 ] 等待('xpath', '//span[@id="button"]')元素可见,耗时0.04587578773498535
 Fri, 21 Aug 2020 10:10:26  INFO basepage.py get_element [ line:73 ] 查找点击登陆按钮的元素('xpath', '//span[@id="button"]')成功。
 Fri, 21 Aug 2020 10:10:26  INFO basepage.py click [ line:141 ] 向('xpath', '//span[@id="button"]')元素点击成功
 Fri, 21 Aug 2020 10:10:31  INFO basepage.py wait_elevisible [ line:40 ] 等待('xpath', '//span[text()="系统管理"]')元素可见,耗时0.02359938621520996
 Fri, 21 Aug 2020 10:10:31  INFO basepage.py get_element [ line:73 ] 查找点击系统管理的元素('xpath', '//span[text()="系统管理"]')成功。
 Fri, 21 Aug 2020 10:10:31  INFO basepage.py click [ line:141 ] 向('xpath', '//span[text()="系统管理"]')元素点击成功
 Fri, 21 Aug 2020 10:10:31  INFO basepage.py wait_elevisible [ line:40 ] 等待('xpath', '//a[text()="工日管理"]')元素可见,耗时0.018564701080322266
 Fri, 21 Aug 2020 10:10:31  INFO basepage.py get_element [ line:73 ] 查找点击工日管理的元素('xpath', '//a[text()="工日管理"]')成功。
 Fri, 21 Aug 2020 10:10:31  INFO basepage.py click_by_js [ line:163 ] 向('xpath', '//a[text()="工日管理"]')元素点击成功
 Fri, 21 Aug 2020 10:10:32  INFO basepage.py wait_elevisible [ line:40 ] 等待('xpath', '//label[text()="质量评定管理"]')元素可见,耗时0.019562244415283203
 Fri, 21 Aug 2020 10:10:32  INFO basepage.py get_element [ line:73 ] 查找点击质量评定管理的元素('xpath', '//label[text()="质量评定管理"]')成功。
 Fri, 21 Aug 2020 10:10:32  INFO basepage.py click_by_js [ line:163 ] 向('xpath', '//label[text()="质量评定管理"]')元素点击成功
 Fri, 21 Aug 2020 10:10:32  INFO basepage.py wait_elevisible [ line:40 ] 等待('xpath', '//div[@id="projectType_chosen"]//b')元素可见,耗时0.030915021896362305
 Fri, 21 Aug 2020 10:10:32  INFO basepage.py get_element [ line:73 ] 查找点击项目类型下拉框的元素('xpath', '//div[@id="projectType_chosen"]//b')成功。
 Fri, 21 Aug 2020 10:10:33  INFO basepage.py click [ line:141 ] 向('xpath', '//div[@id="projectType_chosen"]//b')元素点击成功
 Fri, 21 Aug 2020 10:10:33  INFO basepage.py wait_elevisible [ line:40 ] 等待('xpath', '//div[@id="projectType_chosen"]//div[@class="chosen-search"]//input[@type="text"]')元素可见,耗时0.020969867706298828
 Fri, 21 Aug 2020 10:10:33  INFO basepage.py get_element [ line:73 ] 查找输入工程名称的元素('xpath', '//div[@id="projectType_chosen"]//div[@class="chosen-search"]//input[@type="text"]')成功。
 Fri, 21 Aug 2020 10:10:33  INFO basepage.py input_text [ line:97 ] 向('xpath', '//div[@id="projectType_chosen"]//div[@class="chosen-search"]//input[@type="text"]')元素输入线路工程 成功
 Fri, 21 Aug 2020 10:10:33  INFO basepage.py wait_elevisible [ line:40 ] 等待('xpath', '//div[@id="projectType_chosen"]//div[@class="chosen-search"]//input[@type="text"]')元素可见,耗时0.01795053482055664
 Fri, 21 Aug 2020 10:10:33  INFO basepage.py get_element [ line:73 ] 查找输入框点回车键的元素('xpath', '//div[@id="projectType_chosen"]//div[@class="chosen-search"]//input[@type="text"]')成功。
 Fri, 21 Aug 2020 10:10:33  INFO basepage.py input_text [ line:97 ] 向('xpath', '//div[@id="projectType_chosen"]//div[@class="chosen-search"]//input[@type="text"]')元素输入成功
 Fri, 21 Aug 2020 10:10:33  INFO basepage.py wait_elevisible [ line:40 ] 等待('xpath', '//select[@id="yesOrNo"]/following-sibling::div//b')元素可见,耗时0.03164863586425781
 Fri, 21 Aug 2020 10:10:33  INFO basepage.py get_element [ line:73 ] 查找点击是否参与的元素('xpath', '//select[@id="yesOrNo"]/following-sibling::div//b')成功。
 Fri, 21 Aug 2020 10:10:33  INFO basepage.py click [ line:141 ] 向('xpath', '//select[@id="yesOrNo"]/following-sibling::div//b')元素点击成功
 Fri, 21 Aug 2020 10:10:33  INFO basepage.py wait_elevisible [ line:40 ] 等待('xpath', '//div[@id="yesOrNo_chosen"]//input')元素可见,耗时0.02094411849975586
 Fri, 21 Aug 2020 10:10:33  INFO basepage.py get_element [ line:73 ] 查找的元素('xpath', '//div[@id="yesOrNo_chosen"]//input')成功。
 Fri, 21 Aug 2020 10:10:33  INFO basepage.py input_text [ line:97 ] 向('xpath', '//div[@id="yesOrNo_chosen"]//input')元素输入否 成功
 Fri, 21 Aug 2020 10:10:33  INFO basepage.py wait_elevisible [ line:40 ] 等待('xpath', '//div[@id="yesOrNo_chosen"]//input')元素可见,耗时0.016954660415649414
 Fri, 21 Aug 2020 10:10:33  INFO basepage.py get_element [ line:73 ] 查找输入框点回车键的元素('xpath', '//div[@id="yesOrNo_chosen"]//input')成功。
 Fri, 21 Aug 2020 10:10:33  INFO basepage.py input_text [ line:97 ] 向('xpath', '//div[@id="yesOrNo_chosen"]//input')元素输入成功
 Fri, 21 Aug 2020 10:10:34  INFO basepage.py wait_elevisible [ line:40 ] 等待('xpath', '//span[text()="保存"]')元素可见,耗时0.017951011657714844
 Fri, 21 Aug 2020 10:10:34  INFO basepage.py get_element [ line:73 ] 查找点击保存按钮的元素('xpath', '//span[text()="保存"]')成功。
 Fri, 21 Aug 2020 10:10:34  INFO basepage.py click [ line:141 ] 向('xpath', '//span[text()="保存"]')元素点击成功
 Fri, 21 Aug 2020 10:10:35  INFO basepage.py wait_elevisible [ line:40 ] 等待('xpath', '//span[@class="label label-warning"]')元素可见,耗时0.5255944728851318
 Fri, 21 Aug 2020 10:10:35  INFO basepage.py get_element [ line:73 ] 查找获取保存成功提示语的元素('xpath', '//span[@class="label label-warning"]')成功。
 Fri, 21 Aug 2020 10:10:35  INFO basepage.py get_element_text [ line:184 ] 获取('xpath', '//span[@class="label label-warning"]')元素文本值成功
 Fri, 21 Aug 2020 10:10:35  INFO basepage.py wait_elevisible [ line:40 ] 等待('xpath', '//span[text()="系统管理"]')元素可见,耗时0.02965545654296875
 Fri, 21 Aug 2020 10:10:35  INFO basepage.py get_element [ line:73 ] 查找点击系统管理的元素('xpath', '//span[text()="系统管理"]')成功。
 Fri, 21 Aug 2020 10:10:35  INFO basepage.py click [ line:141 ] 向('xpath', '//span[text()="系统管理"]')元素点击成功
 Fri, 21 Aug 2020 10:10:36  INFO basepage.py wait_elevisible [ line:40 ] 等待('xpath', '//a[text()="工日管理"]')元素可见,耗时0.018599987030029297
 Fri, 21 Aug 2020 10:10:36  INFO basepage.py get_element [ line:73 ] 查找点击工日管理的元素('xpath', '//a[text()="工日管理"]')成功。
 Fri, 21 Aug 2020 10:10:36  INFO basepage.py click_by_js [ line:163 ] 向('xpath', '//a[text()="工日管理"]')元素点击成功
 Fri, 21 Aug 2020 10:10:36  INFO basepage.py wait_elevisible [ line:40 ] 等待('xpath', '//label[text()="质量评定管理"]')元素可见,耗时0.024687767028808594
 Fri, 21 Aug 2020 10:10:36  INFO basepage.py get_element [ line:73 ] 查找点击质量评定管理的元素('xpath', '//label[text()="质量评定管理"]')成功。
 Fri, 21 Aug 2020 10:10:37  INFO basepage.py click_by_js [ line:163 ] 向('xpath', '//label[text()="质量评定管理"]')元素点击成功
 Fri, 21 Aug 2020 10:10:37  INFO basepage.py wait_elevisible [ line:40 ] 等待('xpath', '//div[@id="projectType_chosen"]//b')元素可见,耗时0.013962268829345703
 Fri, 21 Aug 2020 10:10:37  INFO basepage.py get_element [ line:73 ] 查找点击项目类型下拉框的元素('xpath', '//div[@id="projectType_chosen"]//b')成功。
 Fri, 21 Aug 2020 10:10:37  INFO basepage.py click [ line:141 ] 向('xpath', '//div[@id="projectType_chosen"]//b')元素点击成功
 Fri, 21 Aug 2020 10:10:37  INFO basepage.py wait_elevisible [ line:40 ] 等待('xpath', '//div[@id="projectType_chosen"]//div[@class="chosen-search"]//input[@type="text"]')元素可见,耗时0.018947124481201172
 Fri, 21 Aug 2020 10:10:37  INFO basepage.py get_element [ line:73 ] 查找输入工程名称的元素('xpath', '//div[@id="projectType_chosen"]//div[@class="chosen-search"]//input[@type="text"]')成功。
 Fri, 21 Aug 2020 10:10:37  INFO basepage.py input_text [ line:97 ] 向('xpath', '//div[@id="projectType_chosen"]//div[@class="chosen-search"]//input[@type="text"]')元素输入线路工程 成功
 Fri, 21 Aug 2020 10:10:37  INFO basepage.py wait_elevisible [ line:40 ] 等待('xpath', '//div[@id="projectType_chosen"]//div[@class="chosen-search"]//input[@type="text"]')元素可见,耗时0.0169527530670166
 Fri, 21 Aug 2020 10:10:37  INFO basepage.py get_element [ line:73 ] 查找输入框点回车键的元素('xpath', '//div[@id="projectType_chosen"]//div[@class="chosen-search"]//input[@type="text"]')成功。
 Fri, 21 Aug 2020 10:10:37  INFO basepage.py input_text [ line:97 ] 向('xpath', '//div[@id="projectType_chosen"]//div[@class="chosen-search"]//input[@type="text"]')元素输入成功
 Fri, 21 Aug 2020 10:10:39  INFO basepage.py wait_elevisible [ line:40 ] 等待('xpath', '//div[@id="yesOrNo_chosen"]//a[@class="chosen-single"]')元素可见,耗时0.022937774658203125
 Fri, 21 Aug 2020 10:10:39  INFO basepage.py get_element [ line:73 ] 查找获取是否参与提示文本的元素('xpath', '//div[@id="yesOrNo_chosen"]//a[@class="chosen-single"]')成功。
 Fri, 21 Aug 2020 10:10:39  INFO basepage.py get_element_text [ line:184 ] 获取('xpath', '//div[@id="yesOrNo_chosen"]//a[@class="chosen-single"]')元素文本值成功
 Fri, 21 Aug 2020 10:10:40  INFO basepage.py wait_elevisible [ line:40 ] 等待('xpath', '//input[@id="loginName"]')元素可见,耗时0.12267327308654785
 Fri, 21 Aug 2020 10:10:40  INFO basepage.py get_element [ line:73 ] 查找输入用户名的元素('xpath', '//input[@id="loginName"]')成功。
 Fri, 21 Aug 2020 10:10:40  INFO basepage.py input_text [ line:97 ] 向('xpath', '//input[@id="loginName"]')元素输入18612356691成功
 Fri, 21 Aug 2020 10:10:40  INFO basepage.py wait_elevisible [ line:40 ] 等待('xpath', '//input[@id="password"]')元素可见,耗时0.01894855499267578
 Fri, 21 Aug 2020 10:10:40  INFO basepage.py get_element [ line:73 ] 查找输入密码的元素('xpath', '//input[@id="password"]')成功。
 Fri, 21 Aug 2020 10:10:40  INFO basepage.py input_text [ line:97 ] 向('xpath', '//input[@id="password"]')元素输入123456成功
 Fri, 21 Aug 2020 10:10:40  INFO basepage.py wait_elevisible [ line:40 ] 等待('xpath', '//li[@class="cp"]')元素可见,耗时0.020528793334960938
 Fri, 21 Aug 2020 10:10:40  INFO basepage.py get_element [ line:73 ] 查找登陆的元素('xpath', '//li[@class="cp"]')成功。
 Fri, 21 Aug 2020 10:10:41  INFO basepage.py click [ line:141 ] 向('xpath', '//li[@class="cp"]')元素点击成功
 Fri, 21 Aug 2020 10:10:41  INFO basepage.py wait_elevisible [ line:40 ] 等待('xpath', '//span[contains(text(),"项目管理")]/parent::a')元素可见,耗时0.43779659271240234
 Fri, 21 Aug 2020 10:10:41  INFO basepage.py get_element [ line:73 ] 查找首页_点击'项目管理'的元素('xpath', '//span[contains(text(),"项目管理")]/parent::a')成功。
 Fri, 21 Aug 2020 10:10:42  INFO basepage.py click [ line:141 ] 向('xpath', '//span[contains(text(),"项目管理")]/parent::a')元素点击成功
 Fri, 21 Aug 2020 10:10:42  INFO basepage.py wait_elevisible [ line:40 ] 等待('xpath', '//span[contains(text(),"绩效管理")]/parent::a')元素可见,耗时0.01755809783935547
 Fri, 21 Aug 2020 10:10:42  INFO basepage.py get_element [ line:73 ] 查找点击绩效管理的元素('xpath', '//span[contains(text(),"绩效管理")]/parent::a')成功。
 Fri, 21 Aug 2020 10:10:42  INFO basepage.py click [ line:141 ] 向('xpath', '//span[contains(text(),"绩效管理")]/parent::a')元素点击成功
 Fri, 21 Aug 2020 10:10:43  INFO basepage.py wait_elevisible [ line:40 ] 等待('xpath', '//tr[1]//span[contains(text(),"线路工程")]/parent::td')元素可见,耗时0.5353207588195801
 Fri, 21 Aug 2020 10:10:43  INFO basepage.py get_element [ line:73 ] 查找点击线路工程名称的元素('xpath', '//tr[1]//span[contains(text(),"线路工程")]/parent::td')成功。
 Fri, 21 Aug 2020 10:10:43  INFO basepage.py click [ line:141 ] 向('xpath', '//tr[1]//span[contains(text(),"线路工程")]/parent::td')元素点击成功
 Fri, 21 Aug 2020 10:10:44  INFO basepage.py wait_elevisible [ line:40 ] 等待('xpath', '//span[text()="发起审批"]')元素可见,耗时0.23537182807922363
 Fri, 21 Aug 2020 10:10:44  INFO basepage.py get_element [ line:73 ] 查找点击发起审批的元素('xpath', '//span[text()="发起审批"]')成功。
 Fri, 21 Aug 2020 10:10:44  INFO basepage.py click [ line:141 ] 向('xpath', '//span[text()="发起审批"]')元素点击成功
 Fri, 21 Aug 2020 10:10:45  INFO basepage.py wait_elevisible [ line:40 ] 等待('xpath', '//label[text()="预支"]/span')元素可见,耗时0.02464771270751953
 Fri, 21 Aug 2020 10:10:45  INFO basepage.py get_element [ line:73 ] 查找点击预支勾选框的元素('xpath', '//label[text()="预支"]/span')成功。
 Fri, 21 Aug 2020 10:10:45  INFO basepage.py click [ line:141 ] 向('xpath', '//label[text()="预支"]/span')元素点击成功
 Fri, 21 Aug 2020 10:10:45  INFO basepage.py wait_elevisible [ line:40 ] 等待('xpath', '//b[text()="提报比例："]/following-sibling::input')元素可见,耗时0.02094292640686035
 Fri, 21 Aug 2020 10:10:45  INFO basepage.py get_element [ line:73 ] 查找清空'填报比例输入框'的元素('xpath', '//b[text()="提报比例："]/following-sibling::input')成功。
 Fri, 21 Aug 2020 10:10:45  INFO basepage.py clear_text [ line:119 ] 清除('xpath', '//b[text()="提报比例："]/following-sibling::input')内容成功
 Fri, 21 Aug 2020 10:10:45  INFO basepage.py wait_elevisible [ line:40 ] 等待('xpath', '//b[text()="提报比例："]/following-sibling::input')元素可见,耗时0.015957117080688477
 Fri, 21 Aug 2020 10:10:45  INFO basepage.py get_element [ line:73 ] 查找输入提报比例的元素('xpath', '//b[text()="提报比例："]/following-sibling::input')成功。
 Fri, 21 Aug 2020 10:10:45  INFO basepage.py input_text [ line:97 ] 向('xpath', '//b[text()="提报比例："]/following-sibling::input')元素输入40成功
 Fri, 21 Aug 2020 10:10:46  INFO basepage.py wait_elevisible [ line:40 ] 等待('xpath', '//div[@class="box medium_box box1 por"][2]//span[text()="确定"]')元素可见,耗时0.01991415023803711
 Fri, 21 Aug 2020 10:10:46  INFO basepage.py get_element [ line:73 ] 查找点击确定的元素('xpath', '//div[@class="box medium_box box1 por"][2]//span[text()="确定"]')成功。
 Fri, 21 Aug 2020 10:10:46  INFO basepage.py click [ line:141 ] 向('xpath', '//div[@class="box medium_box box1 por"][2]//span[text()="确定"]')元素点击成功
 Fri, 21 Aug 2020 10:10:46  INFO basepage.py wait_elevisible [ line:40 ] 等待('xpath', '//tr[@class][1]//td[2]/span')元素可见,耗时0.01950812339782715
 Fri, 21 Aug 2020 10:10:46  INFO basepage.py get_element [ line:73 ] 查找点击提报比例按钮的元素('xpath', '//tr[@class][1]//td[2]/span')成功。
 Fri, 21 Aug 2020 10:10:46  INFO basepage.py click [ line:141 ] 向('xpath', '//tr[@class][1]//td[2]/span')元素点击成功
 Fri, 21 Aug 2020 10:10:47  INFO basepage.py wait_elevisible [ line:40 ] 等待('xpath', '//b[text()="提报比例："]/parent::span/span')元素可见,耗时1.1130237579345703
 Fri, 21 Aug 2020 10:10:47  INFO basepage.py get_element [ line:73 ] 查找提取提报比例的元素('xpath', '//b[text()="提报比例："]/parent::span/span')成功。
 Fri, 21 Aug 2020 10:10:47  INFO basepage.py get_element_text [ line:184 ] 获取('xpath', '//b[text()="提报比例："]/parent::span/span')元素文本值成功
 Fri, 21 Aug 2020 10:10:47  INFO basepage.py wait_elevisible [ line:40 ] 等待('xpath', '//b[text()="专业占比"]/parent::span')元素可见,耗时0.018947839736938477
 Fri, 21 Aug 2020 10:10:47  INFO basepage.py get_element [ line:73 ] 查找提取专业占比的元素('xpath', '//b[text()="专业占比"]/parent::span')成功。
 Fri, 21 Aug 2020 10:10:47  INFO basepage.py get_element_text [ line:184 ] 获取('xpath', '//b[text()="专业占比"]/parent::span')元素文本值成功
 Fri, 21 Aug 2020 10:10:47  INFO basepage.py wait_elevisible [ line:40 ] 等待('xpath', '//b[text()="标准工日："]/parent::span/span')元素可见,耗时0.01795339584350586
 Fri, 21 Aug 2020 10:10:47  INFO basepage.py get_element [ line:73 ] 查找提取项目标准工日的元素('xpath', '//b[text()="标准工日："]/parent::span/span')成功。
 Fri, 21 Aug 2020 10:10:47  INFO basepage.py get_element_text [ line:184 ] 获取('xpath', '//b[text()="标准工日："]/parent::span/span')元素文本值成功
 Fri, 21 Aug 2020 10:10:47  INFO basepage.py wait_elevisible [ line:40 ] 等待('xpath', '//b[text()="提报工日："]/parent::span/span')元素可见,耗时0.018944501876831055
 Fri, 21 Aug 2020 10:10:47  INFO basepage.py get_element [ line:73 ] 查找提取提报工日的元素('xpath', '//b[text()="提报工日："]/parent::span/span')成功。
 Fri, 21 Aug 2020 10:10:48  INFO basepage.py get_element_text [ line:184 ] 获取('xpath', '//b[text()="提报工日："]/parent::span/span')元素文本值成功
 Fri, 21 Aug 2020 10:10:48  INFO basepage.py wait_elevisible [ line:40 ] 等待('xpath', '//span[text()="提交审批"]')元素可见,耗时0.021907329559326172
 Fri, 21 Aug 2020 10:10:48  INFO basepage.py get_element [ line:73 ] 查找点击提交审批的元素('xpath', '//span[text()="提交审批"]')成功。
 Fri, 21 Aug 2020 10:10:48  INFO basepage.py click [ line:141 ] 向('xpath', '//span[text()="提交审批"]')元素点击成功
 Fri, 21 Aug 2020 10:11:49  ERROR basepage.py wait_elevisible [ line:34 ] 等待('xpath', '//span[@id="selectRolePersonTree_22_check"]')元素可见超时
Traceback (most recent call last):
  File "C:\Users\张少敬\Desktop\dhvirtest\Design_institute_1.4\Common\basepage.py", line 32, in wait_elevisible
    WebDriverWait(self.driver,timeout,frequency).until(EC.visibility_of_element_located(loc))
  File "D:\Python\lib\site-packages\selenium\webdriver\support\wait.py", line 80, in until
    raise TimeoutException(message, screen, stacktrace)
selenium.common.exceptions.TimeoutException: Message: 

 Fri, 21 Aug 2020 10:11:50  INFO basepage.py do_save_screenshot [ line:261 ] 网页截图成功，存储路径为C:\Users\张少敬\Desktop\dhvirtest\Design_institute_1.4\Outputs/screenshots/勾选韩正_20200821101149.png
 Fri, 21 Aug 2020 10:11:51  INFO basepage.py wait_elevisible [ line:40 ] 等待('xpath', '//span[text()="退出"]/parent::a')元素可见,耗时1.082073450088501
 Fri, 21 Aug 2020 10:11:51  INFO basepage.py get_element [ line:73 ] 查找退出系统的元素('xpath', '//span[text()="退出"]/parent::a')成功。
 Fri, 21 Aug 2020 10:11:51  INFO basepage.py click [ line:141 ] 向('xpath', '//span[text()="退出"]/parent::a')元素点击成功
 Fri, 21 Aug 2020 10:11:52  INFO basepage.py wait_elevisible [ line:40 ] 等待('xpath', '//input[@id="loginName"]')元素可见,耗时0.5365657806396484
 Fri, 21 Aug 2020 10:11:52  INFO basepage.py get_element [ line:73 ] 查找输入用户名的元素('xpath', '//input[@id="loginName"]')成功。
 Fri, 21 Aug 2020 10:11:52  INFO basepage.py input_text [ line:97 ] 向('xpath', '//input[@id="loginName"]')元素输入15000001124成功
 Fri, 21 Aug 2020 10:11:52  INFO basepage.py wait_elevisible [ line:40 ] 等待('xpath', '//input[@id="password"]')元素可见,耗时0.015955209732055664
 Fri, 21 Aug 2020 10:11:52  INFO basepage.py get_element [ line:73 ] 查找输入密码的元素('xpath', '//input[@id="password"]')成功。
 Fri, 21 Aug 2020 10:11:52  INFO basepage.py input_text [ line:97 ] 向('xpath', '//input[@id="password"]')元素输入123456成功
 Fri, 21 Aug 2020 10:11:53  INFO basepage.py wait_elevisible [ line:40 ] 等待('xpath', '//li[@class="cp"]')元素可见,耗时0.02269577980041504
 Fri, 21 Aug 2020 10:11:53  INFO basepage.py get_element [ line:73 ] 查找登陆的元素('xpath', '//li[@class="cp"]')成功。
 Fri, 21 Aug 2020 10:11:53  INFO basepage.py click [ line:141 ] 向('xpath', '//li[@class="cp"]')元素点击成功
 Fri, 21 Aug 2020 10:11:53  ERROR basepage.py wait_elevisible [ line:34 ] 等待('xpath', '//span[contains(text(),"项目管理")]/parent::a')元素可见超时
Traceback (most recent call last):
  File "C:\Users\张少敬\Desktop\dhvirtest\Design_institute_1.4\Common\basepage.py", line 32, in wait_elevisible
    WebDriverWait(self.driver,timeout,frequency).until(EC.visibility_of_element_located(loc))
  File "D:\Python\lib\site-packages\selenium\webdriver\support\wait.py", line 71, in until
    value = method(self._driver)
  File "D:\Python\lib\site-packages\selenium\webdriver\support\expected_conditions.py", line 128, in __call__
    return _element_if_visible(_find_element(driver, self.locator))
  File "D:\Python\lib\site-packages\selenium\webdriver\support\expected_conditions.py", line 148, in _element_if_visible
    return element if element.is_displayed() == visibility else False
AttributeError: 'NoneType' object has no attribute 'is_displayed'
 Fri, 21 Aug 2020 10:11:53  ERROR basepage.py do_save_screenshot [ line:259 ] 网页截图操作失败
Traceback (most recent call last):
  File "C:\Users\张少敬\Desktop\dhvirtest\Design_institute_1.4\Common\basepage.py", line 32, in wait_elevisible
    WebDriverWait(self.driver,timeout,frequency).until(EC.visibility_of_element_located(loc))
  File "D:\Python\lib\site-packages\selenium\webdriver\support\wait.py", line 71, in until
    value = method(self._driver)
  File "D:\Python\lib\site-packages\selenium\webdriver\support\expected_conditions.py", line 128, in __call__
    return _element_if_visible(_find_element(driver, self.locator))
  File "D:\Python\lib\site-packages\selenium\webdriver\support\expected_conditions.py", line 148, in _element_if_visible
    return element if element.is_displayed() == visibility else False
AttributeError: 'NoneType' object has no attribute 'is_displayed'

During handling of the above exception, another exception occurred:

Traceback (most recent call last):
  File "C:\Users\张少敬\Desktop\dhvirtest\Design_institute_1.4\Common\basepage.py", line 257, in do_save_screenshot
    self.driver.save_screenshot(file)
  File "D:\Python\lib\site-packages\selenium\webdriver\remote\webdriver.py", line 1055, in save_screenshot
    return self.get_screenshot_as_file(filename)
  File "D:\Python\lib\site-packages\selenium\webdriver\remote\webdriver.py", line 1032, in get_screenshot_as_file
    png = self.get_screenshot_as_png()
  File "D:\Python\lib\site-packages\selenium\webdriver\remote\webdriver.py", line 1064, in get_screenshot_as_png
    return base64.b64decode(self.get_screenshot_as_base64().encode('ascii'))
  File "D:\Python\lib\site-packages\selenium\webdriver\remote\webdriver.py", line 1074, in get_screenshot_as_base64
    return self.execute(Command.SCREENSHOT)['value']
  File "D:\Python\lib\site-packages\selenium\webdriver\remote\webdriver.py", line 321, in execute
    self.error_handler.check_response(response)
  File "D:\Python\lib\site-packages\selenium\webdriver\remote\errorhandler.py", line 242, in check_response
    raise exception_class(message, screen, stacktrace)
selenium.common.exceptions.NoSuchWindowException: Message: no such window: target window already closed
from unknown error: web view not found
  (Session info: chrome=81.0.4044.122)

 Fri, 21 Aug 2020 10:11:54  ERROR basepage.py wait_elevisible [ line:34 ] 等待('xpath', '//span[contains(text(),"绩效管理")]/parent::a')元素可见超时
Traceback (most recent call last):
  File "C:\Users\张少敬\Desktop\dhvirtest\Design_institute_1.4\Common\basepage.py", line 32, in wait_elevisible
    WebDriverWait(self.driver,timeout,frequency).until(EC.visibility_of_element_located(loc))
  File "D:\Python\lib\site-packages\selenium\webdriver\support\wait.py", line 71, in until
    value = method(self._driver)
  File "D:\Python\lib\site-packages\selenium\webdriver\support\expected_conditions.py", line 128, in __call__
    return _element_if_visible(_find_element(driver, self.locator))
  File "D:\Python\lib\site-packages\selenium\webdriver\support\expected_conditions.py", line 415, in _find_element
    raise e
  File "D:\Python\lib\site-packages\selenium\webdriver\support\expected_conditions.py", line 411, in _find_element
    return driver.find_element(*by)
  File "D:\Python\lib\site-packages\selenium\webdriver\remote\webdriver.py", line 978, in find_element
    'value': value})['value']
  File "D:\Python\lib\site-packages\selenium\webdriver\remote\webdriver.py", line 321, in execute
    self.error_handler.check_response(response)
  File "D:\Python\lib\site-packages\selenium\webdriver\remote\errorhandler.py", line 242, in check_response
    raise exception_class(message, screen, stacktrace)
selenium.common.exceptions.NoSuchWindowException: Message: no such window: target window already closed
from unknown error: web view not found
  (Session info: chrome=81.0.4044.122)

 Fri, 21 Aug 2020 10:11:54  ERROR basepage.py do_save_screenshot [ line:259 ] 网页截图操作失败
Traceback (most recent call last):
  File "C:\Users\张少敬\Desktop\dhvirtest\Design_institute_1.4\Common\basepage.py", line 32, in wait_elevisible
    WebDriverWait(self.driver,timeout,frequency).until(EC.visibility_of_element_located(loc))
  File "D:\Python\lib\site-packages\selenium\webdriver\support\wait.py", line 71, in until
    value = method(self._driver)
  File "D:\Python\lib\site-packages\selenium\webdriver\support\expected_conditions.py", line 128, in __call__
    return _element_if_visible(_find_element(driver, self.locator))
  File "D:\Python\lib\site-packages\selenium\webdriver\support\expected_conditions.py", line 415, in _find_element
    raise e
  File "D:\Python\lib\site-packages\selenium\webdriver\support\expected_conditions.py", line 411, in _find_element
    return driver.find_element(*by)
  File "D:\Python\lib\site-packages\selenium\webdriver\remote\webdriver.py", line 978, in find_element
    'value': value})['value']
  File "D:\Python\lib\site-packages\selenium\webdriver\remote\webdriver.py", line 321, in execute
    self.error_handler.check_response(response)
  File "D:\Python\lib\site-packages\selenium\webdriver\remote\errorhandler.py", line 242, in check_response
    raise exception_class(message, screen, stacktrace)
selenium.common.exceptions.NoSuchWindowException: Message: no such window: target window already closed
from unknown error: web view not found
  (Session info: chrome=81.0.4044.122)


During handling of the above exception, another exception occurred:

Traceback (most recent call last):
  File "C:\Users\张少敬\Desktop\dhvirtest\Design_institute_1.4\Common\basepage.py", line 257, in do_save_screenshot
    self.driver.save_screenshot(file)
  File "D:\Python\lib\site-packages\selenium\webdriver\remote\webdriver.py", line 1055, in save_screenshot
    return self.get_screenshot_as_file(filename)
  File "D:\Python\lib\site-packages\selenium\webdriver\remote\webdriver.py", line 1032, in get_screenshot_as_file
    png = self.get_screenshot_as_png()
  File "D:\Python\lib\site-packages\selenium\webdriver\remote\webdriver.py", line 1064, in get_screenshot_as_png
    return base64.b64decode(self.get_screenshot_as_base64().encode('ascii'))
  File "D:\Python\lib\site-packages\selenium\webdriver\remote\webdriver.py", line 1074, in get_screenshot_as_base64
    return self.execute(Command.SCREENSHOT)['value']
  File "D:\Python\lib\site-packages\selenium\webdriver\remote\webdriver.py", line 321, in execute
    self.error_handler.check_response(response)
  File "D:\Python\lib\site-packages\selenium\webdriver\remote\errorhandler.py", line 242, in check_response
    raise exception_class(message, screen, stacktrace)
selenium.common.exceptions.NoSuchWindowException: Message: no such window: target window already closed
from unknown error: web view not found
  (Session info: chrome=81.0.4044.122)

 Fri, 21 Aug 2020 10:11:54  ERROR basepage.py wait_elevisible [ line:34 ] 等待('xpath', '//span[text()="退出"]/parent::a')元素可见超时
Traceback (most recent call last):
  File "C:\Users\张少敬\Desktop\dhvirtest\Design_institute_1.4\Common\basepage.py", line 32, in wait_elevisible
    WebDriverWait(self.driver,timeout,frequency).until(EC.visibility_of_element_located(loc))
  File "D:\Python\lib\site-packages\selenium\webdriver\support\wait.py", line 71, in until
    value = method(self._driver)
  File "D:\Python\lib\site-packages\selenium\webdriver\support\expected_conditions.py", line 128, in __call__
    return _element_if_visible(_find_element(driver, self.locator))
  File "D:\Python\lib\site-packages\selenium\webdriver\support\expected_conditions.py", line 415, in _find_element
    raise e
  File "D:\Python\lib\site-packages\selenium\webdriver\support\expected_conditions.py", line 411, in _find_element
    return driver.find_element(*by)
  File "D:\Python\lib\site-packages\selenium\webdriver\remote\webdriver.py", line 978, in find_element
    'value': value})['value']
  File "D:\Python\lib\site-packages\selenium\webdriver\remote\webdriver.py", line 321, in execute
    self.error_handler.check_response(response)
  File "D:\Python\lib\site-packages\selenium\webdriver\remote\errorhandler.py", line 242, in check_response
    raise exception_class(message, screen, stacktrace)
selenium.common.exceptions.NoSuchWindowException: Message: no such window: target window already closed
from unknown error: web view not found
  (Session info: chrome=81.0.4044.122)

 Fri, 21 Aug 2020 10:11:54  ERROR basepage.py do_save_screenshot [ line:259 ] 网页截图操作失败
Traceback (most recent call last):
  File "C:\Users\张少敬\Desktop\dhvirtest\Design_institute_1.4\Common\basepage.py", line 32, in wait_elevisible
    WebDriverWait(self.driver,timeout,frequency).until(EC.visibility_of_element_located(loc))
  File "D:\Python\lib\site-packages\selenium\webdriver\support\wait.py", line 71, in until
    value = method(self._driver)
  File "D:\Python\lib\site-packages\selenium\webdriver\support\expected_conditions.py", line 128, in __call__
    return _element_if_visible(_find_element(driver, self.locator))
  File "D:\Python\lib\site-packages\selenium\webdriver\support\expected_conditions.py", line 415, in _find_element
    raise e
  File "D:\Python\lib\site-packages\selenium\webdriver\support\expected_conditions.py", line 411, in _find_element
    return driver.find_element(*by)
  File "D:\Python\lib\site-packages\selenium\webdriver\remote\webdriver.py", line 978, in find_element
    'value': value})['value']
  File "D:\Python\lib\site-packages\selenium\webdriver\remote\webdriver.py", line 321, in execute
    self.error_handler.check_response(response)
  File "D:\Python\lib\site-packages\selenium\webdriver\remote\errorhandler.py", line 242, in check_response
    raise exception_class(message, screen, stacktrace)
selenium.common.exceptions.NoSuchWindowException: Message: no such window: target window already closed
from unknown error: web view not found
  (Session info: chrome=81.0.4044.122)


During handling of the above exception, another exception occurred:

Traceback (most recent call last):
  File "C:\Users\张少敬\Desktop\dhvirtest\Design_institute_1.4\Common\basepage.py", line 257, in do_save_screenshot
    self.driver.save_screenshot(file)
  File "D:\Python\lib\site-packages\selenium\webdriver\remote\webdriver.py", line 1055, in save_screenshot
    return self.get_screenshot_as_file(filename)
  File "D:\Python\lib\site-packages\selenium\webdriver\remote\webdriver.py", line 1032, in get_screenshot_as_file
    png = self.get_screenshot_as_png()
  File "D:\Python\lib\site-packages\selenium\webdriver\remote\webdriver.py", line 1064, in get_screenshot_as_png
    return base64.b64decode(self.get_screenshot_as_base64().encode('ascii'))
  File "D:\Python\lib\site-packages\selenium\webdriver\remote\webdriver.py", line 1074, in get_screenshot_as_base64
    return self.execute(Command.SCREENSHOT)['value']
  File "D:\Python\lib\site-packages\selenium\webdriver\remote\webdriver.py", line 321, in execute
    self.error_handler.check_response(response)
  File "D:\Python\lib\site-packages\selenium\webdriver\remote\errorhandler.py", line 242, in check_response
    raise exception_class(message, screen, stacktrace)
selenium.common.exceptions.NoSuchWindowException: Message: no such window: target window already closed
from unknown error: web view not found
  (Session info: chrome=81.0.4044.122)

 Fri, 21 Aug 2020 10:11:55  ERROR basepage.py wait_elevisible [ line:34 ] 等待('xpath', '//span[text()="退出"]/parent::a')元素可见超时
Traceback (most recent call last):
  File "C:\Users\张少敬\Desktop\dhvirtest\Design_institute_1.4\Common\basepage.py", line 32, in wait_elevisible
    WebDriverWait(self.driver,timeout,frequency).until(EC.visibility_of_element_located(loc))
  File "D:\Python\lib\site-packages\selenium\webdriver\support\wait.py", line 71, in until
    value = method(self._driver)
  File "D:\Python\lib\site-packages\selenium\webdriver\support\expected_conditions.py", line 128, in __call__
    return _element_if_visible(_find_element(driver, self.locator))
  File "D:\Python\lib\site-packages\selenium\webdriver\support\expected_conditions.py", line 415, in _find_element
    raise e
  File "D:\Python\lib\site-packages\selenium\webdriver\support\expected_conditions.py", line 411, in _find_element
    return driver.find_element(*by)
  File "D:\Python\lib\site-packages\selenium\webdriver\remote\webdriver.py", line 978, in find_element
    'value': value})['value']
  File "D:\Python\lib\site-packages\selenium\webdriver\remote\webdriver.py", line 321, in execute
    self.error_handler.check_response(response)
  File "D:\Python\lib\site-packages\selenium\webdriver\remote\errorhandler.py", line 242, in check_response
    raise exception_class(message, screen, stacktrace)
selenium.common.exceptions.NoSuchWindowException: Message: no such window: target window already closed
from unknown error: web view not found
  (Session info: chrome=81.0.4044.122)

 Fri, 21 Aug 2020 10:11:55  ERROR basepage.py do_save_screenshot [ line:259 ] 网页截图操作失败
Traceback (most recent call last):
  File "C:\Users\张少敬\Desktop\dhvirtest\Design_institute_1.4\Common\basepage.py", line 32, in wait_elevisible
    WebDriverWait(self.driver,timeout,frequency).until(EC.visibility_of_element_located(loc))
  File "D:\Python\lib\site-packages\selenium\webdriver\support\wait.py", line 71, in until
    value = method(self._driver)
  File "D:\Python\lib\site-packages\selenium\webdriver\support\expected_conditions.py", line 128, in __call__
    return _element_if_visible(_find_element(driver, self.locator))
  File "D:\Python\lib\site-packages\selenium\webdriver\support\expected_conditions.py", line 415, in _find_element
    raise e
  File "D:\Python\lib\site-packages\selenium\webdriver\support\expected_conditions.py", line 411, in _find_element
    return driver.find_element(*by)
  File "D:\Python\lib\site-packages\selenium\webdriver\remote\webdriver.py", line 978, in find_element
    'value': value})['value']
  File "D:\Python\lib\site-packages\selenium\webdriver\remote\webdriver.py", line 321, in execute
    self.error_handler.check_response(response)
  File "D:\Python\lib\site-packages\selenium\webdriver\remote\errorhandler.py", line 242, in check_response
    raise exception_class(message, screen, stacktrace)
selenium.common.exceptions.NoSuchWindowException: Message: no such window: target window already closed
from unknown error: web view not found
  (Session info: chrome=81.0.4044.122)


During handling of the above exception, another exception occurred:

Traceback (most recent call last):
  File "C:\Users\张少敬\Desktop\dhvirtest\Design_institute_1.4\Common\basepage.py", line 257, in do_save_screenshot
    self.driver.save_screenshot(file)
  File "D:\Python\lib\site-packages\selenium\webdriver\remote\webdriver.py", line 1055, in save_screenshot
    return self.get_screenshot_as_file(filename)
  File "D:\Python\lib\site-packages\selenium\webdriver\remote\webdriver.py", line 1032, in get_screenshot_as_file
    png = self.get_screenshot_as_png()
  File "D:\Python\lib\site-packages\selenium\webdriver\remote\webdriver.py", line 1064, in get_screenshot_as_png
    return base64.b64decode(self.get_screenshot_as_base64().encode('ascii'))
  File "D:\Python\lib\site-packages\selenium\webdriver\remote\webdriver.py", line 1074, in get_screenshot_as_base64
    return self.execute(Command.SCREENSHOT)['value']
  File "D:\Python\lib\site-packages\selenium\webdriver\remote\webdriver.py", line 321, in execute
    self.error_handler.check_response(response)
  File "D:\Python\lib\site-packages\selenium\webdriver\remote\errorhandler.py", line 242, in check_response
    raise exception_class(message, screen, stacktrace)
selenium.common.exceptions.NoSuchWindowException: Message: no such window: target window already closed
from unknown error: web view not found
  (Session info: chrome=81.0.4044.122)

 Fri, 21 Aug 2020 10:11:55  ERROR basepage.py wait_elevisible [ line:34 ] 等待('xpath', '//span[text()="退出"]/parent::a')元素可见超时
Traceback (most recent call last):
  File "C:\Users\张少敬\Desktop\dhvirtest\Design_institute_1.4\Common\basepage.py", line 32, in wait_elevisible
    WebDriverWait(self.driver,timeout,frequency).until(EC.visibility_of_element_located(loc))
  File "D:\Python\lib\site-packages\selenium\webdriver\support\wait.py", line 71, in until
    value = method(self._driver)
  File "D:\Python\lib\site-packages\selenium\webdriver\support\expected_conditions.py", line 128, in __call__
    return _element_if_visible(_find_element(driver, self.locator))
  File "D:\Python\lib\site-packages\selenium\webdriver\support\expected_conditions.py", line 415, in _find_element
    raise e
  File "D:\Python\lib\site-packages\selenium\webdriver\support\expected_conditions.py", line 411, in _find_element
    return driver.find_element(*by)
  File "D:\Python\lib\site-packages\selenium\webdriver\remote\webdriver.py", line 978, in find_element
    'value': value})['value']
  File "D:\Python\lib\site-packages\selenium\webdriver\remote\webdriver.py", line 321, in execute
    self.error_handler.check_response(response)
  File "D:\Python\lib\site-packages\selenium\webdriver\remote\errorhandler.py", line 242, in check_response
    raise exception_class(message, screen, stacktrace)
selenium.common.exceptions.NoSuchWindowException: Message: no such window: target window already closed
from unknown error: web view not found
  (Session info: chrome=81.0.4044.122)

 Fri, 21 Aug 2020 10:11:55  ERROR basepage.py do_save_screenshot [ line:259 ] 网页截图操作失败
Traceback (most recent call last):
  File "C:\Users\张少敬\Desktop\dhvirtest\Design_institute_1.4\Common\basepage.py", line 32, in wait_elevisible
    WebDriverWait(self.driver,timeout,frequency).until(EC.visibility_of_element_located(loc))
  File "D:\Python\lib\site-packages\selenium\webdriver\support\wait.py", line 71, in until
    value = method(self._driver)
  File "D:\Python\lib\site-packages\selenium\webdriver\support\expected_conditions.py", line 128, in __call__
    return _element_if_visible(_find_element(driver, self.locator))
  File "D:\Python\lib\site-packages\selenium\webdriver\support\expected_conditions.py", line 415, in _find_element
    raise e
  File "D:\Python\lib\site-packages\selenium\webdriver\support\expected_conditions.py", line 411, in _find_element
    return driver.find_element(*by)
  File "D:\Python\lib\site-packages\selenium\webdriver\remote\webdriver.py", line 978, in find_element
    'value': value})['value']
  File "D:\Python\lib\site-packages\selenium\webdriver\remote\webdriver.py", line 321, in execute
    self.error_handler.check_response(response)
  File "D:\Python\lib\site-packages\selenium\webdriver\remote\errorhandler.py", line 242, in check_response
    raise exception_class(message, screen, stacktrace)
selenium.common.exceptions.NoSuchWindowException: Message: no such window: target window already closed
from unknown error: web view not found
  (Session info: chrome=81.0.4044.122)


During handling of the above exception, another exception occurred:

Traceback (most recent call last):
  File "C:\Users\张少敬\Desktop\dhvirtest\Design_institute_1.4\Common\basepage.py", line 257, in do_save_screenshot
    self.driver.save_screenshot(file)
  File "D:\Python\lib\site-packages\selenium\webdriver\remote\webdriver.py", line 1055, in save_screenshot
    return self.get_screenshot_as_file(filename)
  File "D:\Python\lib\site-packages\selenium\webdriver\remote\webdriver.py", line 1032, in get_screenshot_as_file
    png = self.get_screenshot_as_png()
  File "D:\Python\lib\site-packages\selenium\webdriver\remote\webdriver.py", line 1064, in get_screenshot_as_png
    return base64.b64decode(self.get_screenshot_as_base64().encode('ascii'))
  File "D:\Python\lib\site-packages\selenium\webdriver\remote\webdriver.py", line 1074, in get_screenshot_as_base64
    return self.execute(Command.SCREENSHOT)['value']
  File "D:\Python\lib\site-packages\selenium\webdriver\remote\webdriver.py", line 321, in execute
    self.error_handler.check_response(response)
  File "D:\Python\lib\site-packages\selenium\webdriver\remote\errorhandler.py", line 242, in check_response
    raise exception_class(message, screen, stacktrace)
selenium.common.exceptions.NoSuchWindowException: Message: no such window: target window already closed
from unknown error: web view not found
  (Session info: chrome=81.0.4044.122)

 Fri, 21 Aug 2020 10:11:56  ERROR basepage.py wait_elevisible [ line:34 ] 等待('xpath', '//span[contains(text(),"我的工作")]/parent::a')元素可见超时
Traceback (most recent call last):
  File "C:\Users\张少敬\Desktop\dhvirtest\Design_institute_1.4\Common\basepage.py", line 32, in wait_elevisible
    WebDriverWait(self.driver,timeout,frequency).until(EC.visibility_of_element_located(loc))
  File "D:\Python\lib\site-packages\selenium\webdriver\support\wait.py", line 71, in until
    value = method(self._driver)
  File "D:\Python\lib\site-packages\selenium\webdriver\support\expected_conditions.py", line 128, in __call__
    return _element_if_visible(_find_element(driver, self.locator))
  File "D:\Python\lib\site-packages\selenium\webdriver\support\expected_conditions.py", line 415, in _find_element
    raise e
  File "D:\Python\lib\site-packages\selenium\webdriver\support\expected_conditions.py", line 411, in _find_element
    return driver.find_element(*by)
  File "D:\Python\lib\site-packages\selenium\webdriver\remote\webdriver.py", line 978, in find_element
    'value': value})['value']
  File "D:\Python\lib\site-packages\selenium\webdriver\remote\webdriver.py", line 321, in execute
    self.error_handler.check_response(response)
  File "D:\Python\lib\site-packages\selenium\webdriver\remote\errorhandler.py", line 242, in check_response
    raise exception_class(message, screen, stacktrace)
selenium.common.exceptions.NoSuchWindowException: Message: no such window: target window already closed
from unknown error: web view not found
  (Session info: chrome=81.0.4044.122)

 Fri, 21 Aug 2020 10:11:56  ERROR basepage.py do_save_screenshot [ line:259 ] 网页截图操作失败
Traceback (most recent call last):
  File "C:\Users\张少敬\Desktop\dhvirtest\Design_institute_1.4\Common\basepage.py", line 32, in wait_elevisible
    WebDriverWait(self.driver,timeout,frequency).until(EC.visibility_of_element_located(loc))
  File "D:\Python\lib\site-packages\selenium\webdriver\support\wait.py", line 71, in until
    value = method(self._driver)
  File "D:\Python\lib\site-packages\selenium\webdriver\support\expected_conditions.py", line 128, in __call__
    return _element_if_visible(_find_element(driver, self.locator))
  File "D:\Python\lib\site-packages\selenium\webdriver\support\expected_conditions.py", line 415, in _find_element
    raise e
  File "D:\Python\lib\site-packages\selenium\webdriver\support\expected_conditions.py", line 411, in _find_element
    return driver.find_element(*by)
  File "D:\Python\lib\site-packages\selenium\webdriver\remote\webdriver.py", line 978, in find_element
    'value': value})['value']
  File "D:\Python\lib\site-packages\selenium\webdriver\remote\webdriver.py", line 321, in execute
    self.error_handler.check_response(response)
  File "D:\Python\lib\site-packages\selenium\webdriver\remote\errorhandler.py", line 242, in check_response
    raise exception_class(message, screen, stacktrace)
selenium.common.exceptions.NoSuchWindowException: Message: no such window: target window already closed
from unknown error: web view not found
  (Session info: chrome=81.0.4044.122)


During handling of the above exception, another exception occurred:

Traceback (most recent call last):
  File "C:\Users\张少敬\Desktop\dhvirtest\Design_institute_1.4\Common\basepage.py", line 257, in do_save_screenshot
    self.driver.save_screenshot(file)
  File "D:\Python\lib\site-packages\selenium\webdriver\remote\webdriver.py", line 1055, in save_screenshot
    return self.get_screenshot_as_file(filename)
  File "D:\Python\lib\site-packages\selenium\webdriver\remote\webdriver.py", line 1032, in get_screenshot_as_file
    png = self.get_screenshot_as_png()
  File "D:\Python\lib\site-packages\selenium\webdriver\remote\webdriver.py", line 1064, in get_screenshot_as_png
    return base64.b64decode(self.get_screenshot_as_base64().encode('ascii'))
  File "D:\Python\lib\site-packages\selenium\webdriver\remote\webdriver.py", line 1074, in get_screenshot_as_base64
    return self.execute(Command.SCREENSHOT)['value']
  File "D:\Python\lib\site-packages\selenium\webdriver\remote\webdriver.py", line 321, in execute
    self.error_handler.check_response(response)
  File "D:\Python\lib\site-packages\selenium\webdriver\remote\errorhandler.py", line 242, in check_response
    raise exception_class(message, screen, stacktrace)
selenium.common.exceptions.NoSuchWindowException: Message: no such window: target window already closed
from unknown error: web view not found
  (Session info: chrome=81.0.4044.122)

 Fri, 21 Aug 2020 10:11:56  ERROR basepage.py wait_elevisible [ line:34 ] 等待('xpath', '//span[text()="退出"]/parent::a')元素可见超时
Traceback (most recent call last):
  File "C:\Users\张少敬\Desktop\dhvirtest\Design_institute_1.4\Common\basepage.py", line 32, in wait_elevisible
    WebDriverWait(self.driver,timeout,frequency).until(EC.visibility_of_element_located(loc))
  File "D:\Python\lib\site-packages\selenium\webdriver\support\wait.py", line 71, in until
    value = method(self._driver)
  File "D:\Python\lib\site-packages\selenium\webdriver\support\expected_conditions.py", line 128, in __call__
    return _element_if_visible(_find_element(driver, self.locator))
  File "D:\Python\lib\site-packages\selenium\webdriver\support\expected_conditions.py", line 415, in _find_element
    raise e
  File "D:\Python\lib\site-packages\selenium\webdriver\support\expected_conditions.py", line 411, in _find_element
    return driver.find_element(*by)
  File "D:\Python\lib\site-packages\selenium\webdriver\remote\webdriver.py", line 978, in find_element
    'value': value})['value']
  File "D:\Python\lib\site-packages\selenium\webdriver\remote\webdriver.py", line 321, in execute
    self.error_handler.check_response(response)
  File "D:\Python\lib\site-packages\selenium\webdriver\remote\errorhandler.py", line 242, in check_response
    raise exception_class(message, screen, stacktrace)
selenium.common.exceptions.NoSuchWindowException: Message: no such window: target window already closed
from unknown error: web view not found
  (Session info: chrome=81.0.4044.122)

 Fri, 21 Aug 2020 10:11:56  ERROR basepage.py do_save_screenshot [ line:259 ] 网页截图操作失败
Traceback (most recent call last):
  File "C:\Users\张少敬\Desktop\dhvirtest\Design_institute_1.4\Common\basepage.py", line 32, in wait_elevisible
    WebDriverWait(self.driver,timeout,frequency).until(EC.visibility_of_element_located(loc))
  File "D:\Python\lib\site-packages\selenium\webdriver\support\wait.py", line 71, in until
    value = method(self._driver)
  File "D:\Python\lib\site-packages\selenium\webdriver\support\expected_conditions.py", line 128, in __call__
    return _element_if_visible(_find_element(driver, self.locator))
  File "D:\Python\lib\site-packages\selenium\webdriver\support\expected_conditions.py", line 415, in _find_element
    raise e
  File "D:\Python\lib\site-packages\selenium\webdriver\support\expected_conditions.py", line 411, in _find_element
    return driver.find_element(*by)
  File "D:\Python\lib\site-packages\selenium\webdriver\remote\webdriver.py", line 978, in find_element
    'value': value})['value']
  File "D:\Python\lib\site-packages\selenium\webdriver\remote\webdriver.py", line 321, in execute
    self.error_handler.check_response(response)
  File "D:\Python\lib\site-packages\selenium\webdriver\remote\errorhandler.py", line 242, in check_response
    raise exception_class(message, screen, stacktrace)
selenium.common.exceptions.NoSuchWindowException: Message: no such window: target window already closed
from unknown error: web view not found
  (Session info: chrome=81.0.4044.122)


During handling of the above exception, another exception occurred:

Traceback (most recent call last):
  File "C:\Users\张少敬\Desktop\dhvirtest\Design_institute_1.4\Common\basepage.py", line 257, in do_save_screenshot
    self.driver.save_screenshot(file)
  File "D:\Python\lib\site-packages\selenium\webdriver\remote\webdriver.py", line 1055, in save_screenshot
    return self.get_screenshot_as_file(filename)
  File "D:\Python\lib\site-packages\selenium\webdriver\remote\webdriver.py", line 1032, in get_screenshot_as_file
    png = self.get_screenshot_as_png()
  File "D:\Python\lib\site-packages\selenium\webdriver\remote\webdriver.py", line 1064, in get_screenshot_as_png
    return base64.b64decode(self.get_screenshot_as_base64().encode('ascii'))
  File "D:\Python\lib\site-packages\selenium\webdriver\remote\webdriver.py", line 1074, in get_screenshot_as_base64
    return self.execute(Command.SCREENSHOT)['value']
  File "D:\Python\lib\site-packages\selenium\webdriver\remote\webdriver.py", line 321, in execute
    self.error_handler.check_response(response)
  File "D:\Python\lib\site-packages\selenium\webdriver\remote\errorhandler.py", line 242, in check_response
    raise exception_class(message, screen, stacktrace)
selenium.common.exceptions.NoSuchWindowException: Message: no such window: target window already closed
from unknown error: web view not found
  (Session info: chrome=81.0.4044.122)

 Fri, 21 Aug 2020 10:11:57  ERROR basepage.py wait_elevisible [ line:34 ] 等待('xpath', '//span[text()="校审"]/parent::a')元素可见超时
Traceback (most recent call last):
  File "C:\Users\张少敬\Desktop\dhvirtest\Design_institute_1.4\Common\basepage.py", line 32, in wait_elevisible
    WebDriverWait(self.driver,timeout,frequency).until(EC.visibility_of_element_located(loc))
  File "D:\Python\lib\site-packages\selenium\webdriver\support\wait.py", line 71, in until
    value = method(self._driver)
  File "D:\Python\lib\site-packages\selenium\webdriver\support\expected_conditions.py", line 128, in __call__
    return _element_if_visible(_find_element(driver, self.locator))
  File "D:\Python\lib\site-packages\selenium\webdriver\support\expected_conditions.py", line 415, in _find_element
    raise e
  File "D:\Python\lib\site-packages\selenium\webdriver\support\expected_conditions.py", line 411, in _find_element
    return driver.find_element(*by)
  File "D:\Python\lib\site-packages\selenium\webdriver\remote\webdriver.py", line 978, in find_element
    'value': value})['value']
  File "D:\Python\lib\site-packages\selenium\webdriver\remote\webdriver.py", line 321, in execute
    self.error_handler.check_response(response)
  File "D:\Python\lib\site-packages\selenium\webdriver\remote\errorhandler.py", line 242, in check_response
    raise exception_class(message, screen, stacktrace)
selenium.common.exceptions.NoSuchWindowException: Message: no such window: target window already closed
from unknown error: web view not found
  (Session info: chrome=81.0.4044.122)

 Fri, 21 Aug 2020 10:11:57  ERROR basepage.py do_save_screenshot [ line:259 ] 网页截图操作失败
Traceback (most recent call last):
  File "C:\Users\张少敬\Desktop\dhvirtest\Design_institute_1.4\Common\basepage.py", line 32, in wait_elevisible
    WebDriverWait(self.driver,timeout,frequency).until(EC.visibility_of_element_located(loc))
  File "D:\Python\lib\site-packages\selenium\webdriver\support\wait.py", line 71, in until
    value = method(self._driver)
  File "D:\Python\lib\site-packages\selenium\webdriver\support\expected_conditions.py", line 128, in __call__
    return _element_if_visible(_find_element(driver, self.locator))
  File "D:\Python\lib\site-packages\selenium\webdriver\support\expected_conditions.py", line 415, in _find_element
    raise e
  File "D:\Python\lib\site-packages\selenium\webdriver\support\expected_conditions.py", line 411, in _find_element
    return driver.find_element(*by)
  File "D:\Python\lib\site-packages\selenium\webdriver\remote\webdriver.py", line 978, in find_element
    'value': value})['value']
  File "D:\Python\lib\site-packages\selenium\webdriver\remote\webdriver.py", line 321, in execute
    self.error_handler.check_response(response)
  File "D:\Python\lib\site-packages\selenium\webdriver\remote\errorhandler.py", line 242, in check_response
    raise exception_class(message, screen, stacktrace)
selenium.common.exceptions.NoSuchWindowException: Message: no such window: target window already closed
from unknown error: web view not found
  (Session info: chrome=81.0.4044.122)


During handling of the above exception, another exception occurred:

Traceback (most recent call last):
  File "C:\Users\张少敬\Desktop\dhvirtest\Design_institute_1.4\Common\basepage.py", line 257, in do_save_screenshot
    self.driver.save_screenshot(file)
  File "D:\Python\lib\site-packages\selenium\webdriver\remote\webdriver.py", line 1055, in save_screenshot
    return self.get_screenshot_as_file(filename)
  File "D:\Python\lib\site-packages\selenium\webdriver\remote\webdriver.py", line 1032, in get_screenshot_as_file
    png = self.get_screenshot_as_png()
  File "D:\Python\lib\site-packages\selenium\webdriver\remote\webdriver.py", line 1064, in get_screenshot_as_png
    return base64.b64decode(self.get_screenshot_as_base64().encode('ascii'))
  File "D:\Python\lib\site-packages\selenium\webdriver\remote\webdriver.py", line 1074, in get_screenshot_as_base64
    return self.execute(Command.SCREENSHOT)['value']
  File "D:\Python\lib\site-packages\selenium\webdriver\remote\webdriver.py", line 321, in execute
    self.error_handler.check_response(response)
  File "D:\Python\lib\site-packages\selenium\webdriver\remote\errorhandler.py", line 242, in check_response
    raise exception_class(message, screen, stacktrace)
selenium.common.exceptions.NoSuchWindowException: Message: no such window: target window already closed
from unknown error: web view not found
  (Session info: chrome=81.0.4044.122)

 Fri, 21 Aug 2020 10:11:57  ERROR basepage.py wait_elevisible [ line:34 ] 等待('xpath', '//span[text()="退出"]/parent::a')元素可见超时
Traceback (most recent call last):
  File "C:\Users\张少敬\Desktop\dhvirtest\Design_institute_1.4\Common\basepage.py", line 32, in wait_elevisible
    WebDriverWait(self.driver,timeout,frequency).until(EC.visibility_of_element_located(loc))
  File "D:\Python\lib\site-packages\selenium\webdriver\support\wait.py", line 71, in until
    value = method(self._driver)
  File "D:\Python\lib\site-packages\selenium\webdriver\support\expected_conditions.py", line 128, in __call__
    return _element_if_visible(_find_element(driver, self.locator))
  File "D:\Python\lib\site-packages\selenium\webdriver\support\expected_conditions.py", line 415, in _find_element
    raise e
  File "D:\Python\lib\site-packages\selenium\webdriver\support\expected_conditions.py", line 411, in _find_element
    return driver.find_element(*by)
  File "D:\Python\lib\site-packages\selenium\webdriver\remote\webdriver.py", line 978, in find_element
    'value': value})['value']
  File "D:\Python\lib\site-packages\selenium\webdriver\remote\webdriver.py", line 321, in execute
    self.error_handler.check_response(response)
  File "D:\Python\lib\site-packages\selenium\webdriver\remote\errorhandler.py", line 242, in check_response
    raise exception_class(message, screen, stacktrace)
selenium.common.exceptions.NoSuchWindowException: Message: no such window: target window already closed
from unknown error: web view not found
  (Session info: chrome=81.0.4044.122)

 Fri, 21 Aug 2020 10:11:57  ERROR basepage.py do_save_screenshot [ line:259 ] 网页截图操作失败
Traceback (most recent call last):
  File "C:\Users\张少敬\Desktop\dhvirtest\Design_institute_1.4\Common\basepage.py", line 32, in wait_elevisible
    WebDriverWait(self.driver,timeout,frequency).until(EC.visibility_of_element_located(loc))
  File "D:\Python\lib\site-packages\selenium\webdriver\support\wait.py", line 71, in until
    value = method(self._driver)
  File "D:\Python\lib\site-packages\selenium\webdriver\support\expected_conditions.py", line 128, in __call__
    return _element_if_visible(_find_element(driver, self.locator))
  File "D:\Python\lib\site-packages\selenium\webdriver\support\expected_conditions.py", line 415, in _find_element
    raise e
  File "D:\Python\lib\site-packages\selenium\webdriver\support\expected_conditions.py", line 411, in _find_element
    return driver.find_element(*by)
  File "D:\Python\lib\site-packages\selenium\webdriver\remote\webdriver.py", line 978, in find_element
    'value': value})['value']
  File "D:\Python\lib\site-packages\selenium\webdriver\remote\webdriver.py", line 321, in execute
    self.error_handler.check_response(response)
  File "D:\Python\lib\site-packages\selenium\webdriver\remote\errorhandler.py", line 242, in check_response
    raise exception_class(message, screen, stacktrace)
selenium.common.exceptions.NoSuchWindowException: Message: no such window: target window already closed
from unknown error: web view not found
  (Session info: chrome=81.0.4044.122)


During handling of the above exception, another exception occurred:

Traceback (most recent call last):
  File "C:\Users\张少敬\Desktop\dhvirtest\Design_institute_1.4\Common\basepage.py", line 257, in do_save_screenshot
    self.driver.save_screenshot(file)
  File "D:\Python\lib\site-packages\selenium\webdriver\remote\webdriver.py", line 1055, in save_screenshot
    return self.get_screenshot_as_file(filename)
  File "D:\Python\lib\site-packages\selenium\webdriver\remote\webdriver.py", line 1032, in get_screenshot_as_file
    png = self.get_screenshot_as_png()
  File "D:\Python\lib\site-packages\selenium\webdriver\remote\webdriver.py", line 1064, in get_screenshot_as_png
    return base64.b64decode(self.get_screenshot_as_base64().encode('ascii'))
  File "D:\Python\lib\site-packages\selenium\webdriver\remote\webdriver.py", line 1074, in get_screenshot_as_base64
    return self.execute(Command.SCREENSHOT)['value']
  File "D:\Python\lib\site-packages\selenium\webdriver\remote\webdriver.py", line 321, in execute
    self.error_handler.check_response(response)
  File "D:\Python\lib\site-packages\selenium\webdriver\remote\errorhandler.py", line 242, in check_response
    raise exception_class(message, screen, stacktrace)
selenium.common.exceptions.NoSuchWindowException: Message: no such window: target window already closed
from unknown error: web view not found
  (Session info: chrome=81.0.4044.122)

